#
# A fatal error has been detected by the Java Runtime Environment:
#
#  SIGSEGV (0xb) at pc=0x00007f5c5094fd27, pid=17352, tid=140034473305856
#
# JRE version: 6.0_45-b06
# Java VM: Java HotSpot(TM) 64-Bit Server VM (20.45-b01 mixed mode linux-amd64 compressed oops)
# Problematic frame:
# C  [librpn.so+0x22cd27]  RealVector::RealVector(RealVector const&)+0x8d
#
# If you would like to submit a bug report, please visit:
#   http://java.sun.com/webapps/bugreport/crash.jsp
# The crash happened outside the Java Virtual Machine in native code.
# See problematic frame for where to report the bug.
#

---------------  T H R E A D  ---------------

Current thread (0x00007f5c5c218000):  JavaThread "AWT-EventQueue-0" [_thread_in_native, id=17369, stack(0x00007f5c50f9a000,0x00007f5c5109b000)]

siginfo:si_signo=SIGSEGV: si_errno=0, si_code=1 (SEGV_MAPERR), si_addr=0x0000000000000020

Registers:
RAX=0x0000000000000020, RBX=0x0000000000000004, RCX=0x0000000000000000, RDX=0x00007f5c189072c0
RSP=0x00007f5c51096d30, RBP=0x00007f5c51096d50, RSI=0x0000000000000120, RDI=0x00007f5c18000020
R8 =0x0000000000000000, R9 =0x00000000000000e8, R10=0x0000000000000013, R11=0x00007f5c18000078
R12=0x0000000000000002, R13=0x0000000000000000, R14=0x0000000000000002, R15=0x0000000000000000
RIP=0x00007f5c5094fd27, EFLAGS=0x0000000000010202, CSGSFS=0xbfdf000000000033, ERR=0x0000000000000004
  TRAPNO=0x000000000000000e

Top of Stack: (sp=0x00007f5c51096d30)
0x00007f5c51096d30:   00007f5c185e09e0 00007f5c51096d90
0x00007f5c51096d40:   00007f5c185e09e0 00000000189bbe48
0x00007f5c51096d50:   00007f5c51096dd0 00007f5c50857094
0x00007f5c51096d60:   00007f5c189bbd70 bff0000000000000
0x00007f5c51096d70:   0000000400000003 00007f5c180ebb40
0x00007f5c51096d80:   0000000300000004 0000000000000000
0x00007f5c51096d90:   00007f5c189072c0 00007f5c00000024
0x00007f5c51096da0:   00007f5c18594eb0 00007f5c00000002
0x00007f5c51096db0:   00007f5c184d33a0 00007f5c00000002
0x00007f5c51096dc0:   00007f5c50720700 0000000000000004
0x00007f5c51096dd0:   00007f5c51097020 00007f5c50856fbb
0x00007f5c51096de0:   00007f5c51096e60 0000000000000000
0x00007f5c51096df0:   0000000000000000 00007f5c189bbd70
0x00007f5c51096e00:   00007f5c51097104 00007f5c51097108
0x00007f5c51096e10:   0000000000000000 00007f5c180eb660
0x00007f5c51096e20:   0000000b51096e60 00007f5c51097370
0x00007f5c51096e30:   000003e800000001 00007f5c180ebb40
0x00007f5c51096e40:   0000000400000004 c0366fad50f019c0
0x00007f5c51096e50:   00007f5c18531cf0 0000000000000002
0x00007f5c51096e60:   00007f5c184d33a0 00007f5c00000002
0x00007f5c51096e70:   00007f5c18054de0 00007f5c1803f7e0
0x00007f5c51096e80:   0000000000000000 00007f5c1895db90
0x00007f5c51096e90:   0000000000000002 00007f5c1858cc00
0x00007f5c51096ea0:   00007f5c00000002 00007f5c184e32b0
0x00007f5c51096eb0:   00007f5c00000002 00007f5c50d594b0
0x00007f5c51096ec0:   00007f5c1858c590 0000000200000002
0x00007f5c51096ed0:   000000000000000e 00007f5c50d594b0
0x00007f5c51096ee0:   00007f5c184d0f40 0000000200000002
0x00007f5c51096ef0:   000000000000000e 0000000200000002
0x00007f5c51096f00:   00007f5c00000002 00007f5c50d594b0
0x00007f5c51096f10:   00007f5c184ceea0 0000000200000002
0x00007f5c51096f20:   000000000000000e 00007f5c1882d5f0 

Instructions: (pc=0x00007f5c5094fd27)
0x00007f5c5094fd07:   55 fc 48 63 d2 48 c1 e2 03 48 01 c2 48 8b 45 e0
0x00007f5c5094fd17:   48 8b 00 8b 4d fc 48 63 c9 48 c1 e1 03 48 01 c8
0x00007f5c5094fd27:   48 8b 00 48 89 02 83 45 fc 01 48 8b 45 e0 8b 40
0x00007f5c5094fd37:   08 3b 45 fc 7f c2 c9 c3 90 55 48 89 e5 48 83 ec 

Register to memory mapping:

RAX=0x0000000000000020 is an unknown value
RBX=0x0000000000000004 is an unknown value
RCX=0x0000000000000000 is an unknown value
RDX=0x00007f5c189072c0 is an unknown value
RSP=0x00007f5c51096d30 is pointing into the stack for thread: 0x00007f5c5c218000
RBP=0x00007f5c51096d50 is pointing into the stack for thread: 0x00007f5c5c218000
RSI=0x0000000000000120 is an unknown value
RDI=0x00007f5c18000020 is an unknown value
R8 =0x0000000000000000 is an unknown value
R9 =0x00000000000000e8 is an unknown value
R10=0x0000000000000013 is an unknown value
R11=0x00007f5c18000078 is an unknown value
R12=0x0000000000000002 is an unknown value
R13=0x0000000000000000 is an unknown value
R14=0x0000000000000002 is an unknown value
R15=0x0000000000000000 is an unknown value


Stack: [0x00007f5c50f9a000,0x00007f5c5109b000],  sp=0x00007f5c51096d30,  free space=1011k
Native frames: (J=compiled Java code, j=interpreted, Vv=VM code, C=native code)
C  [librpn.so+0x22cd27]  RealVector::RealVector(RealVector const&)+0x8d
C  [librpn.so+0x134094]  WaveCurveFactory::add_arclength(int, int, double, WaveCurve&)+0x60
C  [librpn.so+0x133fbb]  WaveCurveFactory::wavecurve(int, RealVector const&, int, int, HugoniotContinuation*, void*, double (*)(void*, RealVector const&), WaveCurve&, int&, int&)+0x3bd
C  [librpn.so+0x121b17]  Java_rpnumerics_WaveCurveCalc_nativeCalc+0xd1c
j  rpnumerics.WaveCurveCalc.nativeCalc(Lrpnumerics/OrbitPoint;Lrpn/configuration/CurveConfiguration;)Lrpnumerics/RpSolution;+0
j  rpnumerics.WaveCurveCalc.calc()Lrpnumerics/RpSolution;+13
j  rpn.component.RpCalcBasedGeomFactory.<init>(Lrpnumerics/RpCalculation;)V+14
j  rpn.component.OrbitGeomFactory.<init>(Lrpnumerics/OrbitCalc;)V+2
j  rpn.component.WaveCurveOrbitGeomFactory.<init>(Lrpnumerics/WaveCurveOrbitCalc;)V+2
j  rpn.component.WaveCurveGeomFactory.<init>(Lrpnumerics/WaveCurveOrbitCalc;)V+2
j  rpn.command.WaveCurvePlotCommand.createRpGeometry([Lwave/util/RealVector;)Lrpn/component/RpGeometry;+40
j  rpn.command.RpModelPlotCommand.execute()V+29
j  rpn.controller.ui.UI_ACTION_SELECTED.userInputComplete(Lrpn/controller/ui/UIController;Lwave/util/RealVector;)V+192
j  rpn.controller.ui.UIController.userInputComplete(Lwave/util/RealVector;)V+6
j  rpn.controller.ui.UIController$MouseController.mousePressed(Ljava/awt/event/MouseEvent;)V+194
j  java.awt.AWTEventMulticaster.mousePressed(Ljava/awt/event/MouseEvent;)V+21
j  java.awt.AWTEventMulticaster.mousePressed(Ljava/awt/event/MouseEvent;)V+8
j  java.awt.Component.processMouseEvent(Ljava/awt/event/MouseEvent;)V+54
j  javax.swing.JComponent.processMouseEvent(Ljava/awt/event/MouseEvent;)V+23
j  java.awt.Component.processEvent(Ljava/awt/AWTEvent;)V+81
j  java.awt.Container.processEvent(Ljava/awt/AWTEvent;)V+18
j  java.awt.Component.dispatchEventImpl(Ljava/awt/AWTEvent;)V+573
j  java.awt.Container.dispatchEventImpl(Ljava/awt/AWTEvent;)V+42

Java frames: (J=compiled Java code, j=interpreted, Vv=VM code)
j  rpnumerics.WaveCurveCalc.nativeCalc(Lrpnumerics/OrbitPoint;Lrpn/configuration/CurveConfiguration;)Lrpnumerics/RpSolution;+0
j  rpnumerics.WaveCurveCalc.calc()Lrpnumerics/RpSolution;+13
j  rpn.component.RpCalcBasedGeomFactory.<init>(Lrpnumerics/RpCalculation;)V+14
j  rpn.component.OrbitGeomFactory.<init>(Lrpnumerics/OrbitCalc;)V+2
j  rpn.component.WaveCurveOrbitGeomFactory.<init>(Lrpnumerics/WaveCurveOrbitCalc;)V+2
j  rpn.component.WaveCurveGeomFactory.<init>(Lrpnumerics/WaveCurveOrbitCalc;)V+2
j  rpn.command.WaveCurvePlotCommand.createRpGeometry([Lwave/util/RealVector;)Lrpn/component/RpGeometry;+40
j  rpn.command.RpModelPlotCommand.execute()V+29
j  rpn.controller.ui.UI_ACTION_SELECTED.userInputComplete(Lrpn/controller/ui/UIController;Lwave/util/RealVector;)V+192
j  rpn.controller.ui.UIController.userInputComplete(Lwave/util/RealVector;)V+6
j  rpn.controller.ui.UIController$MouseController.mousePressed(Ljava/awt/event/MouseEvent;)V+194
j  java.awt.AWTEventMulticaster.mousePressed(Ljava/awt/event/MouseEvent;)V+21
j  java.awt.AWTEventMulticaster.mousePressed(Ljava/awt/event/MouseEvent;)V+8
j  java.awt.Component.processMouseEvent(Ljava/awt/event/MouseEvent;)V+54
j  javax.swing.JComponent.processMouseEvent(Ljava/awt/event/MouseEvent;)V+23
j  java.awt.Component.processEvent(Ljava/awt/AWTEvent;)V+81
j  java.awt.Container.processEvent(Ljava/awt/AWTEvent;)V+18
j  java.awt.Component.dispatchEventImpl(Ljava/awt/AWTEvent;)V+573
j  java.awt.Container.dispatchEventImpl(Ljava/awt/AWTEvent;)V+42
J  java.awt.LightweightDispatcher.retargetMouseEvent(Ljava/awt/Component;ILjava/awt/event/MouseEvent;)V
j  java.awt.LightweightDispatcher.processMouseEvent(Ljava/awt/event/MouseEvent;)Z+126
j  java.awt.LightweightDispatcher.dispatchEvent(Ljava/awt/AWTEvent;)Z+50
j  java.awt.Container.dispatchEventImpl(Ljava/awt/AWTEvent;)V+12
j  java.awt.Window.dispatchEventImpl(Ljava/awt/AWTEvent;)V+65
J  java.awt.EventQueue.access$400(Ljava/awt/EventQueue;Ljava/awt/AWTEvent;Ljava/lang/Object;)V
J  java.awt.EventQueue$2.run()Ljava/lang/Object;
v  ~StubRoutines::call_stub
J  java.security.AccessController.doPrivileged(Ljava/security/PrivilegedAction;Ljava/security/AccessControlContext;)Ljava/lang/Object;
J  java.security.AccessControlContext$1.doIntersectionPrivilege(Ljava/security/PrivilegedAction;Ljava/security/AccessControlContext;Ljava/security/AccessControlContext;)Ljava/lang/Object;
j  java.security.AccessControlContext$1.doIntersectionPrivilege(Ljava/security/PrivilegedAction;Ljava/security/AccessControlContext;)Ljava/lang/Object;+6
j  java.awt.EventQueue$3.run()Ljava/lang/Void;+11
j  java.awt.EventQueue$3.run()Ljava/lang/Object;+1
v  ~StubRoutines::call_stub
J  java.security.AccessController.doPrivileged(Ljava/security/PrivilegedAction;Ljava/security/AccessControlContext;)Ljava/lang/Object;
J  java.security.AccessControlContext$1.doIntersectionPrivilege(Ljava/security/PrivilegedAction;Ljava/security/AccessControlContext;Ljava/security/AccessControlContext;)Ljava/lang/Object;
J  java.awt.EventDispatchThread.pumpOneEventForFilters(I)Z
j  java.awt.EventDispatchThread.pumpEventsForFilter(ILjava/awt/Conditional;Ljava/awt/EventFilter;)V+30
j  java.awt.EventDispatchThread.pumpEventsForHierarchy(ILjava/awt/Conditional;Ljava/awt/Component;)V+11
j  java.awt.EventDispatchThread.pumpEvents(ILjava/awt/Conditional;)V+4
j  java.awt.EventDispatchThread.pumpEvents(Ljava/awt/Conditional;)V+3
j  java.awt.EventDispatchThread.run()V+9
v  ~StubRoutines::call_stub

---------------  P R O C E S S  ---------------

Java Threads: ( => current thread )
  0x00007f5c18583800 JavaThread "Timer-2" [_thread_blocked, id=17379, stack(0x00007f5c10181000,0x00007f5c10282000)]
  0x00007f5c185b4800 JavaThread "Timer-1" [_thread_blocked, id=17378, stack(0x00007f5c10282000,0x00007f5c10383000)]
  0x00007f5c1858f800 JavaThread "Timer-0" [_thread_blocked, id=17377, stack(0x00007f5c50e99000,0x00007f5c50f9a000)]
  0x00007f5c182ab000 JavaThread "TimerQueue" daemon [_thread_blocked, id=17374, stack(0x00007f5c10e40000,0x00007f5c10f41000)]
  0x00007f5c5c007800 JavaThread "DestroyJavaVM" [_thread_blocked, id=17353, stack(0x00007f5c60f0f000,0x00007f5c61010000)]
=>0x00007f5c5c218000 JavaThread "AWT-EventQueue-0" [_thread_in_native, id=17369, stack(0x00007f5c50f9a000,0x00007f5c5109b000)]
  0x00007f5c5c216800 JavaThread "AWT-Shutdown" [_thread_blocked, id=17368, stack(0x00007f5c51272000,0x00007f5c51373000)]
  0x00007f5c5c215000 JavaThread "AWT-XAWT" daemon [_thread_in_native, id=17367, stack(0x00007f5c51373000,0x00007f5c51474000)]
  0x00007f5c5c1a0800 JavaThread "Java2D Disposer" daemon [_thread_blocked, id=17366, stack(0x00007f5c51ab2000,0x00007f5c51bb3000)]
  0x00007f5c5c0b8800 JavaThread "Low Memory Detector" daemon [_thread_blocked, id=17364, stack(0x00007f5c53115000,0x00007f5c53216000)]
  0x00007f5c5c0b6800 JavaThread "C2 CompilerThread1" daemon [_thread_blocked, id=17363, stack(0x00007f5c53216000,0x00007f5c53317000)]
  0x00007f5c5c0b3800 JavaThread "C2 CompilerThread0" daemon [_thread_blocked, id=17362, stack(0x00007f5c53317000,0x00007f5c53418000)]
  0x00007f5c5c0b1800 JavaThread "Signal Dispatcher" daemon [_thread_blocked, id=17361, stack(0x00007f5c53418000,0x00007f5c53519000)]
  0x00007f5c5c095000 JavaThread "Finalizer" daemon [_thread_blocked, id=17360, stack(0x00007f5c53bfc000,0x00007f5c53cfd000)]
  0x00007f5c5c093000 JavaThread "Reference Handler" daemon [_thread_blocked, id=17359, stack(0x00007f5c53cfd000,0x00007f5c53dfe000)]

Other Threads:
  0x00007f5c5c08c800 VMThread [stack: 0x00007f5c53dfe000,0x00007f5c53eff000] [id=17358]
  0x00007f5c5c0c3800 WatcherThread [stack: 0x00007f5c53014000,0x00007f5c53115000] [id=17365]

VM state:not at safepoint (normal execution)

VM Mutex/Monitor currently owned by a thread: None

Heap
 PSYoungGen      total 142016K, used 34576K [0x00000007d6c00000, 0x00000007e0620000, 0x0000000800000000)
  eden space 126784K, 24% used [0x00000007d6c00000,0x00000007d8ab50d0,0x00000007de7d0000)
  from space 15232K, 20% used [0x00000007df6e0000,0x00000007df9ef238,0x00000007e05c0000)
  to   space 15424K, 0% used [0x00000007de7d0000,0x00000007de7d0000,0x00000007df6e0000)
 PSOldGen        total 84480K, used 28253K [0x0000000784400000, 0x0000000789680000, 0x00000007d6c00000)
  object space 84480K, 33% used [0x0000000784400000,0x0000000785f976f0,0x0000000789680000)
 PSPermGen       total 22976K, used 22942K [0x000000077f200000, 0x0000000780870000, 0x0000000784400000)
  object space 22976K, 99% used [0x000000077f200000,0x0000000780867830,0x0000000780870000)

Code Cache  [0x00007f5c59000000, 0x00007f5c59270000, 0x00007f5c5c000000)
 total_blobs=1028 nmethods=536 adapters=445 free_code_cache=48298240 largest_free_block=16640

Dynamic libraries:
40000000-40009000 r-xp 00000000 08:05 9576445                            /opt/jdk1.6.0_45/bin/java
40108000-4010a000 rwxp 00008000 08:05 9576445                            /opt/jdk1.6.0_45/bin/java
40e92000-40eb3000 rwxp 00000000 00:00 0                                  [heap]
77f200000-780870000 rwxp 00000000 00:00 0 
780870000-784400000 rwxp 00000000 00:00 0 
784400000-789680000 rwxp 00000000 00:00 0 
789680000-7d6c00000 rwxp 00000000 00:00 0 
7d6c00000-7e0620000 rwxp 00000000 00:00 0 
7e0620000-800000000 rwxp 00000000 00:00 0 
7f5bf0000000-7f5bf0021000 rwxp 00000000 00:00 0 
7f5bf0021000-7f5bf4000000 ---p 00000000 00:00 0 
7f5bf4000000-7f5bf4021000 rwxp 00000000 00:00 0 
7f5bf4021000-7f5bf8000000 ---p 00000000 00:00 0 
7f5bf8000000-7f5bfaf83000 rwxp 00000000 00:00 0 
7f5bfaf83000-7f5bfc000000 ---p 00000000 00:00 0 
7f5bfc000000-7f5bfc021000 rwxp 00000000 00:00 0 
7f5bfc021000-7f5c00000000 ---p 00000000 00:00 0 
7f5c00000000-7f5c02a33000 rwxp 00000000 00:00 0 
7f5c02a33000-7f5c04000000 ---p 00000000 00:00 0 
7f5c07da8000-7f5c08000000 rwxs 00000000 00:04 4849686                    /SYSV00000000 (deleted)
7f5c08000000-7f5c08021000 rwxp 00000000 00:00 0 
7f5c08021000-7f5c0c000000 ---p 00000000 00:00 0 
7f5c0c000000-7f5c0c021000 rwxp 00000000 00:00 0 
7f5c0c021000-7f5c10000000 ---p 00000000 00:00 0 
7f5c10080000-7f5c10083000 ---p 00000000 00:00 0 
7f5c10083000-7f5c10181000 rwxp 00000000 00:00 0 
7f5c10181000-7f5c10184000 ---p 00000000 00:00 0 
7f5c10184000-7f5c10282000 rwxp 00000000 00:00 0                          [stack:17379]
7f5c10282000-7f5c10285000 ---p 00000000 00:00 0 
7f5c10285000-7f5c10383000 rwxp 00000000 00:00 0                          [stack:17378]
7f5c10383000-7f5c10399000 r-xp 00000000 08:05 10617847                   /opt/jdk1.6.0_45/jre/lib/amd64/libdcpr.so
7f5c10399000-7f5c1049b000 ---p 00016000 08:05 10617847                   /opt/jdk1.6.0_45/jre/lib/amd64/libdcpr.so
7f5c1049b000-7f5c104b3000 rwxp 00018000 08:05 10617847                   /opt/jdk1.6.0_45/jre/lib/amd64/libdcpr.so
7f5c104b3000-7f5c104bd000 r-xs 00000000 08:05 13633453                   /usr/share/fonts/X11/Type1/c0582bt_.pfb
7f5c104bd000-7f5c104d8000 r-xs 00000000 08:05 15599296                   /usr/share/texmf/fonts/type1/public/lm/lmtlc10.pfb
7f5c104d8000-7f5c104e2000 r-xs 00000000 08:05 13633457                   /usr/share/fonts/X11/Type1/c0611bt_.pfb
7f5c104e2000-7f5c104fd000 r-xs 00000000 08:05 15599249                   /usr/share/texmf/fonts/type1/public/lm/lmtcsc10.pfb
7f5c104fd000-7f5c1051f000 r-xs 00000000 08:05 15599287                   /usr/share/texmf/fonts/type1/public/lm/lmbxo10.pfb
7f5c1051f000-7f5c1053a000 r-xs 00000000 08:05 15730884                   /usr/share/texmf/fonts/type1/public/tex-gyre/qhvri.pfb
7f5c1053a000-7f5c10559000 r-xs 00000000 08:05 15599226                   /usr/share/texmf/fonts/type1/public/lm/lmtto10.pfb
7f5c10559000-7f5c10575000 r-xs 00000000 08:05 15730886                   /usr/share/texmf/fonts/type1/public/tex-gyre/qhvb.pfb
7f5c10575000-7f5c10596000 r-xs 00000000 08:05 15730890                   /usr/share/texmf/fonts/type1/public/tex-gyre/qtmb.pfb
7f5c10596000-7f5c105b1000 r-xs 00000000 08:05 15599275                   /usr/share/texmf/fonts/type1/public/lm/lmsso10.pfb
7f5c105b1000-7f5c105d3000 r-xs 00000000 08:05 15730906                   /usr/share/texmf/fonts/type1/public/tex-gyre/qplr.pfb
7f5c105d3000-7f5c105f3000 r-xs 00000000 08:05 15730907                   /usr/share/texmf/fonts/type1/public/tex-gyre/qcsb.pfb
7f5c105f3000-7f5c10613000 r-xs 00000000 08:05 15730900                   /usr/share/texmf/fonts/type1/public/tex-gyre/qbkb.pfb
7f5c10613000-7f5c1062f000 r-xs 00000000 08:05 15599225                   /usr/share/texmf/fonts/type1/public/lm/lmtt10.pfb
7f5c1062f000-7f5c10650000 r-xs 00000000 08:05 15730885                   /usr/share/texmf/fonts/type1/public/tex-gyre/qtmr.pfb
7f5c10650000-7f5c10672000 r-xs 00000000 08:05 15599306                   /usr/share/texmf/fonts/type1/public/lm/lmvtlo10.pfb
7f5c10672000-7f5c10691000 r-xs 00000000 08:05 15730901                   /usr/share/texmf/fonts/type1/public/tex-gyre/qcrri.pfb
7f5c10691000-7f5c106ad000 r-xs 00000000 08:05 15599239                   /usr/share/texmf/fonts/type1/public/lm/lmu10.pfb
7f5c106ad000-7f5c106ca000 r-xs 00000000 08:05 15599256                   /usr/share/texmf/fonts/type1/public/lm/lmssq8.pfb
7f5c106ca000-7f5c106ec000 r-xs 00000000 08:05 15599224                   /usr/share/texmf/fonts/type1/public/lm/lmssdo10.pfb
7f5c106ec000-7f5c1070c000 r-xs 00000000 08:05 15730894                   /usr/share/texmf/fonts/type1/public/tex-gyre/qcsri.pfb
7f5c1070c000-7f5c1072f000 r-xs 00000000 08:05 15599270                   /usr/share/texmf/fonts/type1/public/lm/lmtko10.pfb
7f5c1072f000-7f5c1074e000 r-xs 00000000 08:05 15599252                   /usr/share/texmf/fonts/type1/public/lm/lmvtk10.pfb
7f5c1074e000-7f5c1076e000 r-xs 00000000 08:05 15730914                   /usr/share/texmf/fonts/type1/public/tex-gyre/qbkr.pfb
7f5c1076e000-7f5c10788000 r-xs 00000000 08:05 15599240                   /usr/share/texmf/fonts/type1/public/lm/lmtl10.pfb
7f5c10788000-7f5c107a8000 r-xs 00000000 08:05 15730887                   /usr/share/texmf/fonts/type1/public/tex-gyre/qtmbi.pfb
7f5c107a8000-7f5c107cd000 r-xs 00000000 08:05 15599262                   /usr/share/texmf/fonts/type1/public/lm/lmvtko10.pfb
7f5c107cd000-7f5c107e8000 r-xs 00000000 08:05 15730898                   /usr/share/texmf/fonts/type1/public/tex-gyre/qhvr.pfb
7f5c107e8000-7f5c10808000 r-xs 00000000 08:05 15730897                   /usr/share/texmf/fonts/type1/public/tex-gyre/qcrbi.pfb
7f5c10808000-7f5c10825000 r-xs 00000000 08:05 15599268                   /usr/share/texmf/fonts/type1/public/lm/lmvtt10.pfb
7f5c10825000-7f5c10847000 r-xs 00000000 08:05 15730899                   /usr/share/texmf/fonts/type1/public/tex-gyre/qplb.pfb
7f5c10847000-7f5c10869000 r-xs 00000000 08:05 15599244                   /usr/share/texmf/fonts/type1/public/lm/lmbo10.pfb
7f5c10869000-7f5c10886000 r-xs 00000000 08:05 15599289                   /usr/share/texmf/fonts/type1/public/lm/lmtk10.pfb
7f5c10886000-7f5c108a7000 r-xs 00000000 08:05 15730905                   /usr/share/texmf/fonts/type1/public/tex-gyre/qcsbi.pfb
7f5c108a7000-7f5c108c8000 r-xs 00000000 08:05 15599248                   /usr/share/texmf/fonts/type1/public/lm/lmro10.pfb
7f5c108c8000-7f5c108e4000 r-xs 00000000 08:05 15730904                   /usr/share/texmf/fonts/type1/public/tex-gyre/qagb.pfb
7f5c108e4000-7f5c10906000 r-xs 00000000 08:05 15599237                   /usr/share/texmf/fonts/type1/public/lm/lmtlco10.pfb
7f5c10906000-7f5c10921000 r-xs 00000000 08:05 15730912                   /usr/share/texmf/fonts/type1/public/tex-gyre/qhvcbi.pfb
7f5c10921000-7f5c10941000 r-xs 00000000 08:05 15730892                   /usr/share/texmf/fonts/type1/public/tex-gyre/qbkbi.pfb
7f5c10941000-7f5c10962000 r-xs 00000000 08:05 15599267                   /usr/share/texmf/fonts/type1/public/lm/lmcsco10.pfb
7f5c10962000-7f5c1096c000 r-xs 00000000 08:05 13633451                   /usr/share/fonts/X11/Type1/c0419bt_.pfb
7f5c1096c000-7f5c1098b000 r-xs 00000000 08:05 15599220                   /usr/share/texmf/fonts/type1/public/lm/lmdunh10.pfb
7f5c1098b000-7f5c109a8000 r-xs 00000000 08:05 15599278                   /usr/share/texmf/fonts/type1/public/lm/lmssqbx8.pfb
7f5c109a8000-7f5c109c4000 r-xs 00000000 08:05 15599299                   /usr/share/texmf/fonts/type1/public/lm/lmri10.pfb
7f5c109c4000-7f5c109e2000 r-xs 00000000 08:05 15599264                   /usr/share/texmf/fonts/type1/public/lm/lmssbx10.pfb
7f5c109e2000-7f5c10a00000 r-xs 00000000 08:05 15599269                   /usr/share/texmf/fonts/type1/public/lm/lmbx10.pfb
7f5c10a00000-7f5c10a22000 r-xs 00000000 08:05 15730909                   /usr/share/texmf/fonts/type1/public/tex-gyre/qplri.pfb
7f5c10a22000-7f5c10a42000 r-xs 00000000 08:05 15599277                   /usr/share/texmf/fonts/type1/public/lm/lmssqo8.pfb
7f5c10a4b000-7f5c10a6c000 r-xs 00000000 08:05 15730913                   /usr/share/texmf/fonts/type1/public/tex-gyre/qbkri.pfb
7f5c10a6c000-7f5c10a87000 r-xs 00000000 08:05 15730893                   /usr/share/texmf/fonts/type1/public/tex-gyre/qagr.pfb
7f5c10a87000-7f5c10aa1000 r-xs 00000000 08:05 15730908                   /usr/share/texmf/fonts/type1/public/tex-gyre/qhvcri.pfb
7f5c10aa1000-7f5c10aab000 r-xs 00000000 08:05 13633455                   /usr/share/fonts/X11/Type1/c0583bt_.pfb
7f5c10aab000-7f5c10ac3000 r-xs 00000000 08:05 15599266                   /usr/share/texmf/fonts/type1/public/lm/lmss10.pfb
7f5c10ac3000-7f5c10add000 r-xs 00000000 08:05 15730915                   /usr/share/texmf/fonts/type1/public/tex-gyre/qhvbi.pfb
7f5c10add000-7f5c10af9000 r-xs 00000000 08:05 15730896                   /usr/share/texmf/fonts/type1/public/tex-gyre/qhvcb.pfb
7f5c10b02000-7f5c10b22000 r-xs 00000000 08:05 15730889                   /usr/share/texmf/fonts/type1/public/tex-gyre/qcsr.pfb
7f5c10b2b000-7f5c10b35000 r-xs 00000000 08:05 13634246                   /usr/share/fonts/type1/mathml/Symbol.pfb
7f5c10b35000-7f5c10b52000 r-xs 00000000 08:05 15599288                   /usr/share/texmf/fonts/type1/public/lm/lmcsc10.pfb
7f5c10b52000-7f5c10b72000 r-xs 00000000 08:05 15599304                   /usr/share/texmf/fonts/type1/public/lm/lmtcso10.pfb
7f5c10b72000-7f5c10b92000 r-xs 00000000 08:05 15730903                   /usr/share/texmf/fonts/type1/public/tex-gyre/qtmri.pfb
7f5c10b92000-7f5c10bb1000 r-xs 00000000 08:05 15599228                   /usr/share/texmf/fonts/type1/public/lm/lmb10.pfb
7f5c10bb1000-7f5c10bd5000 r-xs 00000000 08:05 15599234                   /usr/share/texmf/fonts/type1/public/lm/lmduno10.pfb
7f5c10bd5000-7f5c10bf8000 r-xs 00000000 08:05 15730895                   /usr/share/texmf/fonts/type1/public/tex-gyre/qplbi.pfb
7f5c10bf8000-7f5c10c17000 r-xs 00000000 08:05 15599310                   /usr/share/texmf/fonts/type1/public/lm/lmssqbo8.pfb
7f5c10c17000-7f5c10c30000 r-xs 00000000 08:05 15599279                   /usr/share/texmf/fonts/type1/public/lm/lmtti10.pfb
7f5c10c30000-7f5c10c50000 r-xs 00000000 08:05 15730911                   /usr/share/texmf/fonts/type1/public/tex-gyre/qcrb.pfb
7f5c10c50000-7f5c10c6a000 r-xs 00000000 08:05 15730902                   /usr/share/texmf/fonts/type1/public/tex-gyre/qagbi.pfb
7f5c10c6a000-7f5c10c86000 r-xs 00000000 08:05 15599291                   /usr/share/texmf/fonts/type1/public/lm/lmbxi10.pfb
7f5c10c86000-7f5c10ca5000 r-xs 00000000 08:05 15599297                   /usr/share/texmf/fonts/type1/public/lm/lmtlo10.pfb
7f5c10ca5000-7f5c10cc2000 r-xs 00000000 08:05 15599301                   /usr/share/texmf/fonts/type1/public/lm/lmssdc10.pfb
7f5c10cc2000-7f5c10ce1000 r-xs 00000000 08:05 15730883                   /usr/share/texmf/fonts/type1/public/tex-gyre/qcrr.pfb
7f5c10ce1000-7f5c10d03000 r-xs 00000000 08:05 15599292                   /usr/share/texmf/fonts/type1/public/lm/lmssbo10.pfb
7f5c10d03000-7f5c10d1e000 r-xs 00000000 08:05 15730910                   /usr/share/texmf/fonts/type1/public/tex-gyre/qhvcr.pfb
7f5c10d27000-7f5c10d45000 r-xs 00000000 08:05 15599245                   /usr/share/texmf/fonts/type1/public/lm/lmvtl10.pfb
7f5c10d45000-7f5c10d5f000 r-xs 00000000 08:05 15730891                   /usr/share/texmf/fonts/type1/public/tex-gyre/qzcmi.pfb
7f5c10d5f000-7f5c10d78000 r-xs 00000000 08:05 15730888                   /usr/share/texmf/fonts/type1/public/tex-gyre/qagri.pfb
7f5c10d78000-7f5c10d96000 r-xs 00000000 08:05 15599222                   /usr/share/texmf/fonts/type1/public/lm/lmr10.pfb
7f5c10d96000-7f5c10db7000 r-xs 00000000 08:05 15599231                   /usr/share/texmf/fonts/type1/public/lm/lmvtto10.pfb
7f5c10db7000-7f5c10dc3000 r-xs 00000000 08:05 16517325                   /usr/share/texlive/texmf-dist/fonts/type1/urw/helvetic/uhvro8a.pfb
7f5c10dc3000-7f5c10dcc000 r-xs 00000000 08:05 16517310                   /usr/share/texlive/texmf-dist/fonts/type1/urw/helvetic/uhvr8ac.pfb
7f5c10dcc000-7f5c10dd8000 r-xs 00000000 08:05 16517354                   /usr/share/texlive/texmf-dist/fonts/type1/urw/courier/ucrr8a.pfb
7f5c10dd8000-7f5c10de8000 r-xs 00000000 08:05 16517281                   /usr/share/texlive/texmf-dist/fonts/type1/adobe/courier/pcrr8a.pfb
7f5c10de8000-7f5c10df2000 r-xs 00000000 08:05 16517316                   /usr/share/texlive/texmf-dist/fonts/type1/urw/helvetic/uhvbo8ac.pfb
7f5c10df2000-7f5c10dfc000 r-xs 00000000 08:05 16517320                   /usr/share/texlive/texmf-dist/fonts/type1/urw/helvetic/uhvbo8a.pfb
7f5c10dfc000-7f5c10e0b000 r-xs 00000000 08:05 16517277                   /usr/share/texlive/texmf-dist/fonts/type1/adobe/courier/pcrro8a.pfb
7f5c10e0b000-7f5c10e18000 r-xs 00000000 08:05 16517290                   /usr/share/texlive/texmf-dist/fonts/type1/urw/palatino/uplr8a.pfb
7f5c10e18000-7f5c10e21000 r-xs 00000000 08:05 16517301                   /usr/share/texlive/texmf-dist/fonts/type1/urw/avantgar/uagd8a.pfb
7f5c10e21000-7f5c10e2c000 r-xs 00000000 08:05 16517343                   /usr/share/texlive/texmf-dist/fonts/type1/urw/bookman/ubkd8a.pfb
7f5c10e2c000-7f5c10e37000 r-xs 00000000 08:05 16517353                   /usr/share/texlive/texmf-dist/fonts/type1/urw/courier/ucrro8a.pfb
7f5c10e37000-7f5c10e40000 r-xs 00000000 08:05 16517307                   /usr/share/texlive/texmf-dist/fonts/type1/urw/avantgar/uagdo8a.pfb
7f5c10e40000-7f5c10e43000 ---p 00000000 00:00 0 
7f5c10e43000-7f5c10f41000 rwxp 00000000 00:00 0                          [stack:17374]
7f5c10f41000-7f5c10f48000 r-xp 00000000 08:05 10617813                   /opt/jdk1.6.0_45/jre/lib/amd64/libnio.so
7f5c10f48000-7f5c11047000 ---p 00007000 08:05 10617813                   /opt/jdk1.6.0_45/jre/lib/amd64/libnio.so
7f5c11047000-7f5c11049000 rwxp 00006000 08:05 10617813                   /opt/jdk1.6.0_45/jre/lib/amd64/libnio.so
7f5c11049000-7f5c1104a000 ---p 00000000 00:00 0 
7f5c1104a000-7f5c1184a000 rwxp 00000000 00:00 0                          [stack:17373]
7f5c1184a000-7f5c1184b000 ---p 00000000 00:00 0 
7f5c1184b000-7f5c1204b000 rwxp 00000000 00:00 0                          [stack:17372]
7f5c1204b000-7f5c1204c000 ---p 00000000 00:00 0 
7f5c1204c000-7f5c1284c000 rwxp 00000000 00:00 0                          [stack:17371]
7f5c1284c000-7f5c12887000 r-xp 00000000 08:05 12590366                   /usr/lib/x86_64-linux-gnu/libquadmath.so.0.0.0
7f5c12887000-7f5c12a86000 ---p 0003b000 08:05 12590366                   /usr/lib/x86_64-linux-gnu/libquadmath.so.0.0.0
7f5c12a86000-7f5c12a87000 r-xp 0003a000 08:05 12590366                   /usr/lib/x86_64-linux-gnu/libquadmath.so.0.0.0
7f5c12a87000-7f5c12a88000 rwxp 0003b000 08:05 12590366                   /usr/lib/x86_64-linux-gnu/libquadmath.so.0.0.0
7f5c12a88000-7f5c12b9e000 r-xp 00000000 08:05 12591040                   /usr/lib/x86_64-linux-gnu/libgfortran.so.3.0.0
7f5c12b9e000-7f5c12d9d000 ---p 00116000 08:05 12591040                   /usr/lib/x86_64-linux-gnu/libgfortran.so.3.0.0
7f5c12d9d000-7f5c12d9e000 r-xp 00115000 08:05 12591040                   /usr/lib/x86_64-linux-gnu/libgfortran.so.3.0.0
7f5c12d9e000-7f5c12da0000 rwxp 00116000 08:05 12591040                   /usr/lib/x86_64-linux-gnu/libgfortran.so.3.0.0
7f5c12da0000-7f5c13164000 r-xp 00000000 08:05 12592438                   /usr/lib/atlas-base/atlas/libblas.so.3.0
7f5c13164000-7f5c13364000 ---p 003c4000 08:05 12592438                   /usr/lib/atlas-base/atlas/libblas.so.3.0
7f5c13364000-7f5c1336c000 rwxp 003c4000 08:05 12592438                   /usr/lib/atlas-base/atlas/libblas.so.3.0
7f5c1336c000-7f5c13381000 r-xp 00000000 08:05 20447246                   /lib/x86_64-linux-gnu/libgcc_s.so.1
7f5c13381000-7f5c13580000 ---p 00015000 08:05 20447246                   /lib/x86_64-linux-gnu/libgcc_s.so.1
7f5c13580000-7f5c13581000 r-xp 00014000 08:05 20447246                   /lib/x86_64-linux-gnu/libgcc_s.so.1
7f5c13581000-7f5c13582000 rwxp 00015000 08:05 20447246                   /lib/x86_64-linux-gnu/libgcc_s.so.1
7f5c13582000-7f5c13dfc000 r-xp 00000000 08:05 14292859                   /usr/lib/lapack/liblapack.so.3.0
7f5c13dfc000-7f5c13ffb000 ---p 0087a000 08:05 14292859                   /usr/lib/lapack/liblapack.so.3.0
7f5c13ffb000-7f5c13ffc000 r-xp 00879000 08:05 14292859                   /usr/lib/lapack/liblapack.so.3.0
7f5c13ffc000-7f5c14000000 rwxp 0087a000 08:05 14292859                   /usr/lib/lapack/liblapack.so.3.0
7f5c14000000-7f5c14021000 rwxp 00000000 00:00 0 
7f5c14021000-7f5c18000000 ---p 00000000 00:00 0 
7f5c18000000-7f5c189dd000 rwxp 00000000 00:00 0 
7f5c189dd000-7f5c1c000000 ---p 00000000 00:00 0 
7f5c1c000000-7f5c1c021000 rwxp 00000000 00:00 0 
7f5c1c021000-7f5c20000000 ---p 00000000 00:00 0 
7f5c20000000-7f5c20021000 rwxp 00000000 00:00 0 
7f5c20021000-7f5c24000000 ---p 00000000 00:00 0 
7f5c24000000-7f5c24021000 rwxp 00000000 00:00 0 
7f5c24021000-7f5c28000000 ---p 00000000 00:00 0 
7f5c28000000-7f5c28021000 rwxp 00000000 00:00 0 
7f5c28021000-7f5c2c000000 ---p 00000000 00:00 0 
7f5c2c000000-7f5c2fff9000 rwxp 00000000 00:00 0 
7f5c2fff9000-7f5c30000000 ---p 00000000 00:00 0 
7f5c30000000-7f5c33fa9000 rwxp 00000000 00:00 0 
7f5c33fa9000-7f5c34000000 ---p 00000000 00:00 0 
7f5c34000000-7f5c34021000 rwxp 00000000 00:00 0 
7f5c34021000-7f5c38000000 ---p 00000000 00:00 0 
7f5c38000000-7f5c38021000 rwxp 00000000 00:00 0 
7f5c38021000-7f5c3c000000 ---p 00000000 00:00 0 
7f5c3c000000-7f5c3c029000 rwxp 00000000 00:00 0 
7f5c3c029000-7f5c40000000 ---p 00000000 00:00 0 
7f5c40000000-7f5c40021000 rwxp 00000000 00:00 0 
7f5c40021000-7f5c44000000 ---p 00000000 00:00 0 
7f5c44000000-7f5c44033000 rwxp 00000000 00:00 0 
7f5c44033000-7f5c48000000 ---p 00000000 00:00 0 
7f5c48000000-7f5c48021000 rwxp 00000000 00:00 0 
7f5c48021000-7f5c4c000000 ---p 00000000 00:00 0 
7f5c4c000000-7f5c4c021000 rwxp 00000000 00:00 0 
7f5c4c021000-7f5c50000000 ---p 00000000 00:00 0 
7f5c50005000-7f5c50010000 r-xs 00000000 08:05 16517333                   /usr/share/texlive/texmf-dist/fonts/type1/urw/times/utmb8a.pfb
7f5c50010000-7f5c5001a000 r-xs 00000000 08:05 16517273                   /usr/share/texlive/texmf-dist/fonts/type1/adobe/utopia/putbi8a.pfb
7f5c5001a000-7f5c50026000 r-xs 00000000 08:05 16517335                   /usr/share/texlive/texmf-dist/fonts/type1/urw/times/utmri8a.pfb
7f5c50026000-7f5c50033000 r-xs 00000000 08:05 16517285                   /usr/share/texlive/texmf-dist/fonts/type1/urw/palatino/uplri8a.pfb
7f5c50033000-7f5c5003f000 r-xs 00000000 08:05 16517299                   /usr/share/texlive/texmf-dist/fonts/type1/urw/ncntrsbk/uncb8a.pfb
7f5c5003f000-7f5c5004b000 r-xs 00000000 08:05 16517339                   /usr/share/texlive/texmf-dist/fonts/type1/urw/times/utmr8a.pfb
7f5c5004b000-7f5c50057000 r-xs 00000000 08:05 16517296                   /usr/share/texlive/texmf-dist/fonts/type1/urw/ncntrsbk/uncbi8a.pfb
7f5c50057000-7f5c50060000 r-xs 00000000 08:05 16517369                   /usr/share/texlive/texmf-dist/fonts/type1/bitstrea/charter/bchb8a.pfb
7f5c50060000-7f5c5006b000 r-xs 00000000 08:05 16517332                   /usr/share/texlive/texmf-dist/fonts/type1/urw/times/utmbi8a.pfb
7f5c5006b000-7f5c50078000 r-xs 00000000 08:05 16517289                   /usr/share/texlive/texmf-dist/fonts/type1/urw/palatino/uplbi8a.pfb
7f5c50078000-7f5c50084000 r-xs 00000000 08:05 16517295                   /usr/share/texlive/texmf-dist/fonts/type1/urw/ncntrsbk/uncr8a.pfb
7f5c50084000-7f5c5008d000 r-xs 00000000 08:05 16517367                   /usr/share/texlive/texmf-dist/fonts/type1/bitstrea/charter/bchbi8a.pfb
7f5c5008d000-7f5c50098000 r-xs 00000000 08:05 16517348                   /usr/share/texlive/texmf-dist/fonts/type1/urw/bookman/ubkdi8a.pfb
7f5c50098000-7f5c500a4000 r-xs 00000000 08:05 16517329                   /usr/share/texlive/texmf-dist/fonts/type1/urw/zapfding/uzdr.pfb
7f5c500a4000-7f5c500b1000 r-xs 00000000 08:05 16517357                   /usr/share/texlive/texmf-dist/fonts/type1/urw/courier/ucrbo8a.pfb
7f5c500b1000-7f5c500ba000 r-xs 00000000 08:05 16517363                   /usr/share/texlive/texmf-dist/fonts/type1/urw/symbol/usyr.pfb
7f5c500ba000-7f5c500c7000 r-xs 00000000 08:05 16517350                   /usr/share/texlive/texmf-dist/fonts/type1/urw/zapfchan/uzcmi8a.pfb
7f5c500c7000-7f5c500d4000 r-xs 00000000 08:05 16517287                   /usr/share/texlive/texmf-dist/fonts/type1/urw/palatino/uplb8a.pfb
7f5c500d4000-7f5c500de000 r-xs 00000000 08:05 16517327                   /usr/share/texlive/texmf-dist/fonts/type1/urw/helvetic/uhvb8ac.pfb
7f5c500de000-7f5c500e7000 r-xs 00000000 08:05 16517303                   /usr/share/texlive/texmf-dist/fonts/type1/urw/avantgar/uagko8a.pfb
7f5c500e7000-7f5c500f0000 r-xs 00000000 08:05 16517368                   /usr/share/texlive/texmf-dist/fonts/type1/bitstrea/charter/bchr8a.pfb
7f5c500f0000-7f5c500f9000 r-xs 00000000 08:05 16517319                   /usr/share/texlive/texmf-dist/fonts/type1/urw/helvetic/uhvb8a.pfb
7f5c500f9000-7f5c5010c000 r-xp 00000000 08:05 10617812                   /opt/jdk1.6.0_45/jre/lib/amd64/libnet.so
7f5c5010c000-7f5c5020d000 ---p 00013000 08:05 10617812                   /opt/jdk1.6.0_45/jre/lib/amd64/libnet.so
7f5c5020d000-7f5c50210000 rwxp 00014000 08:05 10617812                   /opt/jdk1.6.0_45/jre/lib/amd64/libnet.so
7f5c50210000-7f5c5021d000 r-xp 00000000 08:05 12591117                   /usr/lib/x86_64-linux-gnu/libgomp.so.1.0.0
7f5c5021d000-7f5c5041d000 ---p 0000d000 08:05 12591117                   /usr/lib/x86_64-linux-gnu/libgomp.so.1.0.0
7f5c5041d000-7f5c5041e000 r-xp 0000d000 08:05 12591117                   /usr/lib/x86_64-linux-gnu/libgomp.so.1.0.0
7f5c5041e000-7f5c5041f000 rwxp 0000e000 08:05 12591117                   /usr/lib/x86_64-linux-gnu/libgomp.so.1.0.0
7f5c5041f000-7f5c50505000 r-xp 00000000 08:05 12587376                   /usr/lib/x86_64-linux-gnu/libstdc++.so.6.0.18
7f5c50505000-7f5c50704000 ---p 000e6000 08:05 12587376                   /usr/lib/x86_64-linux-gnu/libstdc++.so.6.0.18
7f5c50704000-7f5c5070c000 r-xp 000e5000 08:05 12587376                   /usr/lib/x86_64-linux-gnu/libstdc++.so.6.0.18
7f5c5070c000-7f5c5070e000 rwxp 000ed000 08:05 12587376                   /usr/lib/x86_64-linux-gnu/libstdc++.so.6.0.18
7f5c5070e000-7f5c50723000 rwxp 00000000 00:00 0 
7f5c50723000-7f5c50b53000 r-xp 00000000 08:05 29497522                   /home/morante/IMPA/2014/2014_10_26_RPn_repository/rpnmorante/lib/linux_x86_64/librpn.so
7f5c50b53000-7f5c50d52000 ---p 00430000 08:05 29497522                   /home/morante/IMPA/2014/2014_10_26_RPn_repository/rpnmorante/lib/linux_x86_64/librpn.so
7f5c50d52000-7f5c50d5b000 r-xp 0042f000 08:05 29497522                   /home/morante/IMPA/2014/2014_10_26_RPn_repository/rpnmorante/lib/linux_x86_64/librpn.so
7f5c50d5b000-7f5c50d66000 rwxp 00438000 08:05 29497522                   /home/morante/IMPA/2014/2014_10_26_RPn_repository/rpnmorante/lib/linux_x86_64/librpn.so
7f5c50d66000-7f5c50d67000 rwxp 00000000 00:00 0 
7f5c50d67000-7f5c50d93000 r-xp 00000000 08:05 10617849                   /opt/jdk1.6.0_45/jre/lib/amd64/libjpeg.so
7f5c50d93000-7f5c50e93000 ---p 0002c000 08:05 10617849                   /opt/jdk1.6.0_45/jre/lib/amd64/libjpeg.so
7f5c50e93000-7f5c50e99000 rwxp 0002c000 08:05 10617849                   /opt/jdk1.6.0_45/jre/lib/amd64/libjpeg.so
7f5c50e99000-7f5c50e9c000 ---p 00000000 00:00 0 
7f5c50e9c000-7f5c50f9a000 rwxp 00000000 00:00 0                          [stack:17377]
7f5c50f9a000-7f5c50f9d000 ---p 00000000 00:00 0 
7f5c50f9d000-7f5c5109b000 rwxp 00000000 00:00 0                          [stack:17369]
7f5c5109b000-7f5c510a9000 r-xs 00000000 08:05 56110563                   /var/cache/fontconfig/6aa41aa22e18b8fa06a12da28ea9c28b-le64.cache-4
7f5c510a9000-7f5c510aa000 r-xs 00000000 08:05 56098912                   /var/cache/fontconfig/c05880de57d1f5e948fdfacc138775d9-le64.cache-4
7f5c510aa000-7f5c510b5000 r-xs 00000000 08:05 56098905                   /var/cache/fontconfig/945677eb7aeaf62f1d50efc3fb3ec7d8-le64.cache-4
7f5c510b5000-7f5c510b7000 r-xs 00000000 08:05 56098907                   /var/cache/fontconfig/99e8ed0e538f840c565b6ed5dad60d56-le64.cache-4
7f5c510b7000-7f5c510c0000 r-xs 00000000 08:05 56109180                   /var/cache/fontconfig/a6d8cf8e4ec09cdbc8633c31745a07dd-le64.cache-4
7f5c510c0000-7f5c510c6000 r-xs 00000000 08:05 56098891                   /var/cache/fontconfig/2cd17615ca594fa2959ae173292e504c-le64.cache-4
7f5c510c6000-7f5c510c7000 r-xs 00000000 08:05 56098922                   /var/cache/fontconfig/e7071f4a29fa870f4323321c154eba04-le64.cache-4
7f5c510c7000-7f5c510c8000 r-xs 00000000 08:05 56110560                   /var/cache/fontconfig/617957603a337376ca8784972c6029f5-le64.cache-4
7f5c510c8000-7f5c510c9000 r-xs 00000000 08:05 56098888                   /var/cache/fontconfig/0d8c3b2ac0904cb8a57a757ad11a4a08-le64.cache-4
7f5c510c9000-7f5c510d0000 r-xs 00000000 08:05 56098909                   /var/cache/fontconfig/a755afe4a08bf5b97852ceb7400b47bc-le64.cache-4
7f5c510d0000-7f5c510d4000 r-xs 00000000 08:05 56098900                   /var/cache/fontconfig/6d41288fd70b0be22e8c3a91e032eec0-le64.cache-4
7f5c510d4000-7f5c510e8000 r-xs 00000000 08:05 56098886                   /var/cache/fontconfig/04aabc0a78ac019cf9454389977116d2-le64.cache-4
7f5c510e8000-7f5c510e9000 r-xs 00000000 08:05 56098890                   /var/cache/fontconfig/1ac9eb803944fde146138c791f5cc56a-le64.cache-4
7f5c510e9000-7f5c510ed000 r-xs 00000000 08:05 56098894                   /var/cache/fontconfig/385c0604a188198f04d133e54aba7fe7-le64.cache-4
7f5c510ed000-7f5c510ee000 r-xs 00000000 08:05 56110461                   /var/cache/fontconfig/9c956a7723ca69a44b382d9179c9802f-le64.cache-4
7f5c510ee000-7f5c510ef000 r-xs 00000000 08:05 56098919                   /var/cache/fontconfig/dc05db6664285cc2f12bf69c139ae4c3-le64.cache-4
7f5c510ef000-7f5c510f1000 r-xs 00000000 08:05 56098902                   /var/cache/fontconfig/767a8244fc0220cfb567a839d0392e0b-le64.cache-4
7f5c510f1000-7f5c510f2000 r-xs 00000000 08:05 56106251                   /var/cache/fontconfig/4794a0821666d79190d59a36cb4f44b5-le64.cache-4
7f5c510f2000-7f5c510f3000 r-xs 00000000 08:05 56110460                   /var/cache/fontconfig/9eae20f1ff8cc0a7d125749e875856bd-le64.cache-4
7f5c510f3000-7f5c510f5000 r-xs 00000000 08:05 56110459                   /var/cache/fontconfig/bf2c1853a9e9b00bb02fe2e9bcf1e201-le64.cache-4
7f5c510f5000-7f5c510f8000 r-xs 00000000 08:05 56098904                   /var/cache/fontconfig/8801497958630a81b71ace7c5f9b32a8-le64.cache-4
7f5c510f8000-7f5c51133000 r-xs 00000000 08:05 56100592                   /var/cache/fontconfig/365b55f210c0a22e9a19e35191240f32-le64.cache-4
7f5c51133000-7f5c51137000 r-xs 00000000 08:05 56101175                   /var/cache/fontconfig/c57959a16110560c8d0fcea73374aeeb-le64.cache-4
7f5c51137000-7f5c5113e000 r-xs 00000000 08:05 56098892                   /var/cache/fontconfig/3047814df9a2f067bd2d96a2b9c36e5a-le64.cache-4
7f5c5113e000-7f5c51142000 r-xs 00000000 08:05 56110304                   /var/cache/fontconfig/bf3b770c553c462765856025a94f1ce6-le64.cache-4
7f5c51142000-7f5c51143000 r-xs 00000000 08:05 56098897                   /var/cache/fontconfig/56cf4f4769d0f4abc89a4895d7bd3ae1-le64.cache-4
7f5c51143000-7f5c51144000 r-xs 00000000 08:05 56098911                   /var/cache/fontconfig/b9d506c9ac06c20b433354fa67a72993-le64.cache-4
7f5c51144000-7f5c5114a000 r-xs 00000000 08:05 56098910                   /var/cache/fontconfig/b47c4e1ecd0709278f4910c18777a504-le64.cache-4
7f5c5114a000-7f5c5114d000 r-xs 00000000 08:05 56110302                   /var/cache/fontconfig/14d493b97896515cad3840ba4896e372-le64.cache-4
7f5c5114d000-7f5c5114e000 r-xs 00000000 08:05 56110458                   /var/cache/fontconfig/89034621ae2a8922916bb6bfa5799546-le64.cache-4
7f5c5114e000-7f5c51157000 r-xs 00000000 08:05 56109178                   /var/cache/fontconfig/52f7bdb7ce746bfd7eaa1985bd9cfa93-le64.cache-4
7f5c51157000-7f5c5115a000 r-xs 00000000 08:05 56110457                   /var/cache/fontconfig/e49e89034d371f0f9de17aab02136486-le64.cache-4
7f5c5115a000-7f5c5115c000 r-xs 00000000 08:05 56110456                   /var/cache/fontconfig/4b14b093aebc79c320de5e86ae1d3314-le64.cache-4
7f5c5115c000-7f5c5116f000 r-xs 00000000 08:05 56098916                   /var/cache/fontconfig/d52a8644073d54c13679302ca1180695-le64.cache-4
7f5c5116f000-7f5c51178000 r-xs 00000000 08:05 56110300                   /var/cache/fontconfig/3f7329c5293ffd510edef78f73874cfd-le64.cache-4
7f5c51178000-7f5c5117a000 r-xs 00000000 08:05 56110455                   /var/cache/fontconfig/65f976e5259cbe6dc7697b8648396239-le64.cache-4
7f5c5117a000-7f5c51186000 r-xs 00000000 08:05 56110453                   /var/cache/fontconfig/d589a48862398ed80a3d6066f4f56f4c-le64.cache-4
7f5c51186000-7f5c51191000 r-xs 00000000 08:05 56110537                   /var/cache/fontconfig/83bf95040141907cd45bb53cf7c1c148-le64.cache-4
7f5c51191000-7f5c511a1000 r-xs 00000000 08:05 16517276                   /usr/share/texlive/texmf-dist/fonts/type1/adobe/courier/pcrb8a.pfb
7f5c511a1000-7f5c511ac000 r-xs 00000000 08:05 16517324                   /usr/share/texlive/texmf-dist/fonts/type1/urw/helvetic/uhvr8a.pfb
7f5c511ac000-7f5c511b8000 r-xs 00000000 08:05 16517292                   /usr/share/texlive/texmf-dist/fonts/type1/urw/ncntrsbk/uncri8a.pfb
7f5c511b8000-7f5c511c5000 r-xs 00000000 08:05 16517359                   /usr/share/texlive/texmf-dist/fonts/type1/urw/courier/ucrb8a.pfb
7f5c511c5000-7f5c511d0000 r-xs 00000000 08:05 16517342                   /usr/share/texlive/texmf-dist/fonts/type1/urw/bookman/ubkl8a.pfb
7f5c511d0000-7f5c511d9000 r-xs 00000000 08:05 16517302                   /usr/share/texlive/texmf-dist/fonts/type1/urw/avantgar/uagk8a.pfb
7f5c511d9000-7f5c511e2000 r-xs 00000000 08:05 16517366                   /usr/share/texlive/texmf-dist/fonts/type1/bitstrea/charter/bchri8a.pfb
7f5c511e2000-7f5c511eb000 r-xs 00000000 08:05 16517271                   /usr/share/texlive/texmf-dist/fonts/type1/adobe/utopia/putr8a.pfb
7f5c511eb000-7f5c511fb000 r-xs 00000000 08:05 16517278                   /usr/share/texlive/texmf-dist/fonts/type1/adobe/courier/pcrbo8a.pfb
7f5c511fb000-7f5c51206000 r-xs 00000000 08:05 16517345                   /usr/share/texlive/texmf-dist/fonts/type1/urw/bookman/ubkli8a.pfb
7f5c51206000-7f5c5120f000 r-xs 00000000 08:05 16517274                   /usr/share/texlive/texmf-dist/fonts/type1/adobe/utopia/putb8a.pfb
7f5c5120f000-7f5c51219000 r-xs 00000000 08:05 16517313                   /usr/share/texlive/texmf-dist/fonts/type1/urw/helvetic/uhvro8ac.pfb
7f5c51219000-7f5c51223000 r-xs 00000000 08:05 16517272                   /usr/share/texlive/texmf-dist/fonts/type1/adobe/utopia/putri8a.pfb
7f5c51223000-7f5c51230000 r-xs 00087000 08:05 29493573                   /home/morante/IMPA/2014/2014_10_26_RPn_repository/rpnmorante/lib/batik-svg-dom.jar
7f5c51230000-7f5c51272000 rwxp 00000000 00:00 0 
7f5c51272000-7f5c51275000 ---p 00000000 00:00 0 
7f5c51275000-7f5c51373000 rwxp 00000000 00:00 0                          [stack:17368]
7f5c51373000-7f5c51376000 ---p 00000000 00:00 0 
7f5c51376000-7f5c51474000 rwxp 00000000 00:00 0                          [stack:17367]
7f5c51474000-7f5c51479000 r-xp 00000000 08:05 12590316                   /usr/lib/x86_64-linux-gnu/libXfixes.so.3.1.0
7f5c51479000-7f5c51678000 ---p 00005000 08:05 12590316                   /usr/lib/x86_64-linux-gnu/libXfixes.so.3.1.0
7f5c51678000-7f5c51679000 r-xp 00004000 08:05 12590316                   /usr/lib/x86_64-linux-gnu/libXfixes.so.3.1.0
7f5c51679000-7f5c5167a000 rwxp 00005000 08:05 12590316                   /usr/lib/x86_64-linux-gnu/libXfixes.so.3.1.0
7f5c5167a000-7f5c51683000 r-xp 00000000 08:05 12590336                   /usr/lib/x86_64-linux-gnu/libXrender.so.1.3.0
7f5c51683000-7f5c51882000 ---p 00009000 08:05 12590336                   /usr/lib/x86_64-linux-gnu/libXrender.so.1.3.0
7f5c51882000-7f5c51883000 r-xp 00008000 08:05 12590336                   /usr/lib/x86_64-linux-gnu/libXrender.so.1.3.0
7f5c51883000-7f5c51884000 rwxp 00009000 08:05 12590336                   /usr/lib/x86_64-linux-gnu/libXrender.so.1.3.0
7f5c51884000-7f5c5188d000 r-xp 00000000 08:05 12590308                   /usr/lib/x86_64-linux-gnu/libXcursor.so.1.0.2
7f5c5188d000-7f5c51a8c000 ---p 00009000 08:05 12590308                   /usr/lib/x86_64-linux-gnu/libXcursor.so.1.0.2
7f5c51a8c000-7f5c51a8d000 r-xp 00008000 08:05 12590308                   /usr/lib/x86_64-linux-gnu/libXcursor.so.1.0.2
7f5c51a8d000-7f5c51a8e000 rwxp 00009000 08:05 12590308                   /usr/lib/x86_64-linux-gnu/libXcursor.so.1.0.2
7f5c51a94000-7f5c51a95000 rwxp 00000000 00:00 0 
7f5c51a95000-7f5c51a9a000 r-xs 00030000 08:05 29493574                   /home/morante/IMPA/2014/2014_10_26_RPn_repository/rpnmorante/lib/batik-svggen.jar
7f5c51a9a000-7f5c51a9b000 r-xs 00002000 08:05 29493572                   /home/morante/IMPA/2014/2014_10_26_RPn_repository/rpnmorante/lib/batik-ext.jar
7f5c51a9b000-7f5c51a9c000 r-xs 00007000 08:05 29493576                   /home/morante/IMPA/2014/2014_10_26_RPn_repository/rpnmorante/lib/batik-xml.jar
7f5c51a9c000-7f5c51aa0000 r-xs 00027000 08:05 29493571                   /home/morante/IMPA/2014/2014_10_26_RPn_repository/rpnmorante/lib/batik-dom.jar
7f5c51aa0000-7f5c51aa3000 r-xs 0001d000 08:05 29493575                   /home/morante/IMPA/2014/2014_10_26_RPn_repository/rpnmorante/lib/batik-util.jar
7f5c51aa3000-7f5c51aaa000 r-xs 0005c000 08:05 29493570                   /home/morante/IMPA/2014/2014_10_26_RPn_repository/rpnmorante/lib/batik-awt-util.jar
7f5c51aaa000-7f5c51ab2000 r-xs 00115000 08:05 9576568                    /opt/jdk1.6.0_45/jre/lib/resources.jar
7f5c51ab2000-7f5c51ab5000 ---p 00000000 00:00 0 
7f5c51ab5000-7f5c51bb3000 rwxp 00000000 00:00 0                          [stack:17366]
7f5c51bb3000-7f5c51c47000 r-xp 00000000 08:05 10617821                   /opt/jdk1.6.0_45/jre/lib/amd64/libfontmanager.so
7f5c51c47000-7f5c51d47000 ---p 00094000 08:05 10617821                   /opt/jdk1.6.0_45/jre/lib/amd64/libfontmanager.so
7f5c51d47000-7f5c51d60000 rwxp 00094000 08:05 10617821                   /opt/jdk1.6.0_45/jre/lib/amd64/libfontmanager.so
7f5c51d60000-7f5c51d71000 rwxp 00000000 00:00 0 
7f5c51d71000-7f5c51d76000 r-xp 00000000 08:05 12590312                   /usr/lib/x86_64-linux-gnu/libXdmcp.so.6.0.0
7f5c51d76000-7f5c51f75000 ---p 00005000 08:05 12590312                   /usr/lib/x86_64-linux-gnu/libXdmcp.so.6.0.0
7f5c51f75000-7f5c51f76000 r-xp 00004000 08:05 12590312                   /usr/lib/x86_64-linux-gnu/libXdmcp.so.6.0.0
7f5c51f76000-7f5c51f77000 rwxp 00005000 08:05 12590312                   /usr/lib/x86_64-linux-gnu/libXdmcp.so.6.0.0
7f5c51f77000-7f5c51f79000 r-xp 00000000 08:05 12590301                   /usr/lib/x86_64-linux-gnu/libXau.so.6.0.0
7f5c51f79000-7f5c52179000 ---p 00002000 08:05 12590301                   /usr/lib/x86_64-linux-gnu/libXau.so.6.0.0
7f5c52179000-7f5c5217a000 r-xp 00002000 08:05 12590301                   /usr/lib/x86_64-linux-gnu/libXau.so.6.0.0
7f5c5217a000-7f5c5217b000 rwxp 00003000 08:05 12590301                   /usr/lib/x86_64-linux-gnu/libXau.so.6.0.0
7f5c5217b000-7f5c52198000 r-xp 00000000 08:05 12591253                   /usr/lib/x86_64-linux-gnu/libxcb.so.1.1.0
7f5c52198000-7f5c52397000 ---p 0001d000 08:05 12591253                   /usr/lib/x86_64-linux-gnu/libxcb.so.1.1.0
7f5c52397000-7f5c52398000 r-xp 0001c000 08:05 12591253                   /usr/lib/x86_64-linux-gnu/libxcb.so.1.1.0
7f5c52398000-7f5c52399000 rwxp 0001d000 08:05 12591253                   /usr/lib/x86_64-linux-gnu/libxcb.so.1.1.0
7f5c52399000-7f5c523a8000 r-xp 00000000 08:05 12590322                   /usr/lib/x86_64-linux-gnu/libXi.so.6.1.0
7f5c523a8000-7f5c525a7000 ---p 0000f000 08:05 12590322                   /usr/lib/x86_64-linux-gnu/libXi.so.6.1.0
7f5c525a7000-7f5c525a8000 r-xp 0000e000 08:05 12590322                   /usr/lib/x86_64-linux-gnu/libXi.so.6.1.0
7f5c525a8000-7f5c525a9000 rwxp 0000f000 08:05 12590322                   /usr/lib/x86_64-linux-gnu/libXi.so.6.1.0
7f5c525a9000-7f5c525ae000 r-xp 00000000 08:05 12590340                   /usr/lib/x86_64-linux-gnu/libXtst.so.6.1.0
7f5c525ae000-7f5c527ad000 ---p 00005000 08:05 12590340                   /usr/lib/x86_64-linux-gnu/libXtst.so.6.1.0
7f5c527ad000-7f5c527ae000 r-xp 00004000 08:05 12590340                   /usr/lib/x86_64-linux-gnu/libXtst.so.6.1.0
7f5c527ae000-7f5c527af000 rwxp 00005000 08:05 12590340                   /usr/lib/x86_64-linux-gnu/libXtst.so.6.1.0
7f5c527af000-7f5c528df000 r-xp 00000000 08:05 12590297                   /usr/lib/x86_64-linux-gnu/libX11.so.6.3.0
7f5c528df000-7f5c52adf000 ---p 00130000 08:05 12590297                   /usr/lib/x86_64-linux-gnu/libX11.so.6.3.0
7f5c52adf000-7f5c52ae0000 r-xp 00130000 08:05 12590297                   /usr/lib/x86_64-linux-gnu/libX11.so.6.3.0
7f5c52ae0000-7f5c52ae4000 rwxp 00131000 08:05 12590297                   /usr/lib/x86_64-linux-gnu/libX11.so.6.3.0
7f5c52ae4000-7f5c52af5000 r-xp 00000000 08:05 12590314                   /usr/lib/x86_64-linux-gnu/libXext.so.6.4.0
7f5c52af5000-7f5c52cf4000 ---p 00011000 08:05 12590314                   /usr/lib/x86_64-linux-gnu/libXext.so.6.4.0
7f5c52cf4000-7f5c52cf5000 r-xp 00010000 08:05 12590314                   /usr/lib/x86_64-linux-gnu/libXext.so.6.4.0
7f5c52cf5000-7f5c52cf6000 rwxp 00011000 08:05 12590314                   /usr/lib/x86_64-linux-gnu/libXext.so.6.4.0
7f5c52cf6000-7f5c52d38000 r-xp 00000000 08:05 10617810                   /opt/jdk1.6.0_45/jre/lib/amd64/xawt/libmawt.so
7f5c52d38000-7f5c52e37000 ---p 00042000 08:05 10617810                   /opt/jdk1.6.0_45/jre/lib/amd64/xawt/libmawt.so
7f5c52e37000-7f5c52e43000 rwxp 00041000 08:05 10617810                   /opt/jdk1.6.0_45/jre/lib/amd64/xawt/libmawt.so
7f5c52e43000-7f5c52e44000 rwxp 00000000 00:00 0 
7f5c52e44000-7f5c52ed7000 r-xp 00000000 08:05 10617857                   /opt/jdk1.6.0_45/jre/lib/amd64/libawt.so
7f5c52ed7000-7f5c52fd6000 ---p 00093000 08:05 10617857                   /opt/jdk1.6.0_45/jre/lib/amd64/libawt.so
7f5c52fd6000-7f5c52fef000 rwxp 00092000 08:05 10617857                   /opt/jdk1.6.0_45/jre/lib/amd64/libawt.so
7f5c52fef000-7f5c53014000 rwxp 00000000 00:00 0 
7f5c53014000-7f5c53015000 ---p 00000000 00:00 0 
7f5c53015000-7f5c53115000 rwxp 00000000 00:00 0                          [stack:17365]
7f5c53115000-7f5c53118000 ---p 00000000 00:00 0 
7f5c53118000-7f5c53216000 rwxp 00000000 00:00 0                          [stack:17364]
7f5c53216000-7f5c53219000 ---p 00000000 00:00 0 
7f5c53219000-7f5c53317000 rwxp 00000000 00:00 0                          [stack:17363]
7f5c53317000-7f5c5331a000 ---p 00000000 00:00 0 
7f5c5331a000-7f5c53418000 rwxp 00000000 00:00 0                          [stack:17362]
7f5c53418000-7f5c5341b000 ---p 00000000 00:00 0 
7f5c5341b000-7f5c53519000 rwxp 00000000 00:00 0                          [stack:17361]
7f5c53519000-7f5c53bfc000 r-xp 00000000 08:05 12589472                   /usr/lib/locale/locale-archive
7f5c53bfc000-7f5c53bff000 ---p 00000000 00:00 0 
7f5c53bff000-7f5c53cfd000 rwxp 00000000 00:00 0                          [stack:17360]
7f5c53cfd000-7f5c53d00000 ---p 00000000 00:00 0 
7f5c53d00000-7f5c53dfe000 rwxp 00000000 00:00 0                          [stack:17359]
7f5c53dfe000-7f5c53dff000 ---p 00000000 00:00 0 
7f5c53dff000-7f5c53eff000 rwxp 00000000 00:00 0                          [stack:17358]
7f5c53eff000-7f5c53f00000 ---p 00000000 00:00 0 
7f5c53f00000-7f5c54000000 rwxp 00000000 00:00 0                          [stack:17355]
7f5c54000000-7f5c54021000 rwxp 00000000 00:00 0 
7f5c54021000-7f5c58000000 ---p 00000000 00:00 0 
7f5c58000000-7f5c58001000 r-xs 00000000 08:05 56110452                   /var/cache/fontconfig/94f7fe9bd33aadfac165873bd010d595-le64.cache-4
7f5c58001000-7f5c58003000 r-xs 00000000 08:05 56110451                   /var/cache/fontconfig/423767150eb258c59035de29db6fca84-le64.cache-4
7f5c58003000-7f5c58004000 r-xs 00000000 08:05 56110450                   /var/cache/fontconfig/406a1d2d2bf3ed7664fbadefac0b2f66-le64.cache-4
7f5c58004000-7f5c58006000 r-xs 00000000 08:05 56110449                   /var/cache/fontconfig/67709b7835c0f764c1135060c9575660-le64.cache-4
7f5c58006000-7f5c5800d000 r-xs 00000000 08:05 56110448                   /var/cache/fontconfig/53d14c92082a93e67d5078324eb314ca-le64.cache-4
7f5c5800d000-7f5c58020000 r-xs 00000000 08:05 56110447                   /var/cache/fontconfig/4ac51e5cfbc76fc3f983e470323a16d3-le64.cache-4
7f5c58020000-7f5c58023000 r-xs 00000000 08:05 56110446                   /var/cache/fontconfig/de83a0a961185c8bd1f159015d56c039-le64.cache-4
7f5c58023000-7f5c5803a000 r-xs 00000000 08:05 56110445                   /var/cache/fontconfig/e13b20fdb08344e0e664864cc2ede53d-le64.cache-4
7f5c5803a000-7f5c58047000 r-xs 00000000 08:05 56110497                   /var/cache/fontconfig/8f02d4cb045bd6ce15663e43f347c9f8-le64.cache-4
7f5c58047000-7f5c58065000 r-xs 00000000 08:05 56110494                   /var/cache/fontconfig/467c019e582ee353435ea5c21d137ef6-le64.cache-4
7f5c58065000-7f5c58077000 r-xs 000d6000 08:05 29493590                   /home/morante/IMPA/2014/2014_10_26_RPn_repository/rpnmorante/lib/xercesImpl.jar
7f5c58077000-7f5c58085000 r-xs 0015d000 08:05 29493586                   /home/morante/IMPA/2014/2014_10_26_RPn_repository/rpnmorante/lib/msv.jar
7f5c58085000-7f5c580c4000 r-xs 002ed000 08:05 29493579                   /home/morante/IMPA/2014/2014_10_26_RPn_repository/rpnmorante/lib/jboss-client-7.1.0.Final.jar
7f5c580c4000-7f5c585c9000 rwxp 00000000 00:00 0 
7f5c585c9000-7f5c58762000 r-xs 03087000 08:05 9576601                    /opt/jdk1.6.0_45/jre/lib/rt.jar
7f5c58762000-7f5c58763000 ---p 00000000 00:00 0 
7f5c58763000-7f5c58863000 rwxp 00000000 00:00 0                          [stack:17357]
7f5c58863000-7f5c58864000 ---p 00000000 00:00 0 
7f5c58864000-7f5c5898e000 rwxp 00000000 00:00 0                          [stack:17356]
7f5c5898e000-7f5c58bf8000 rwxp 00000000 00:00 0 
7f5c58bf8000-7f5c58c04000 rwxp 00000000 00:00 0 
7f5c58c04000-7f5c58c21000 rwxp 00000000 00:00 0 
7f5c58c21000-7f5c58c4b000 rwxp 00000000 00:00 0 
7f5c58c4b000-7f5c58eb5000 rwxp 00000000 00:00 0 
7f5c58eb5000-7f5c58f03000 rwxp 00000000 00:00 0 
7f5c58f03000-7f5c58fff000 rwxp 00000000 00:00 0 
7f5c58fff000-7f5c59270000 rwxp 00000000 00:00 0 
7f5c59270000-7f5c5c224000 rwxp 00000000 00:00 0 
7f5c5c224000-7f5c60000000 ---p 00000000 00:00 0 
7f5c60000000-7f5c60004000 r-xs 00000000 08:05 56108900                   /var/cache/fontconfig/7ef2298fde41cc6eeb7af42e48b7d293-le64.cache-4
7f5c60004000-7f5c60006000 r-xs 00000000 08:05 56110498                   /var/cache/fontconfig/16326683038b281783a0ef8c680e3a10-le64.cache-4
7f5c60006000-7f5c60015000 r-xs 00098000 08:05 29493582                   /home/morante/IMPA/2014/2014_10_26_RPn_repository/rpnmorante/lib/jlapack-0.6.jar
7f5c60015000-7f5c6001b000 r-xs 000aa000 08:05 29493591                   /home/morante/IMPA/2014/2014_10_26_RPn_repository/rpnmorante/lib/xml4j.jar
7f5c6001b000-7f5c6004f000 rwxp 00000000 00:00 0 
7f5c6004f000-7f5c60050000 ---p 00000000 00:00 0 
7f5c60050000-7f5c6015c000 rwxp 00000000 00:00 0                          [stack:17354]
7f5c6015c000-7f5c60179000 rwxp 00000000 00:00 0 
7f5c60179000-7f5c60187000 r-xp 00000000 08:05 10617823                   /opt/jdk1.6.0_45/jre/lib/amd64/libzip.so
7f5c60187000-7f5c60289000 ---p 0000e000 08:05 10617823                   /opt/jdk1.6.0_45/jre/lib/amd64/libzip.so
7f5c60289000-7f5c6028c000 rwxp 00010000 08:05 10617823                   /opt/jdk1.6.0_45/jre/lib/amd64/libzip.so
7f5c6028c000-7f5c6028d000 rwxp 00000000 00:00 0 
7f5c6028d000-7f5c60299000 r-xp 00000000 08:05 20451160                   /lib/x86_64-linux-gnu/libnss_files-2.17.so
7f5c60299000-7f5c60498000 ---p 0000c000 08:05 20451160                   /lib/x86_64-linux-gnu/libnss_files-2.17.so
7f5c60498000-7f5c60499000 r-xp 0000b000 08:05 20451160                   /lib/x86_64-linux-gnu/libnss_files-2.17.so
7f5c60499000-7f5c6049a000 rwxp 0000c000 08:05 20451160                   /lib/x86_64-linux-gnu/libnss_files-2.17.so
7f5c6049a000-7f5c604a5000 r-xp 00000000 08:05 20451164                   /lib/x86_64-linux-gnu/libnss_nis-2.17.so
7f5c604a5000-7f5c606a4000 ---p 0000b000 08:05 20451164                   /lib/x86_64-linux-gnu/libnss_nis-2.17.so
7f5c606a4000-7f5c606a5000 r-xp 0000a000 08:05 20451164                   /lib/x86_64-linux-gnu/libnss_nis-2.17.so
7f5c606a5000-7f5c606a6000 rwxp 0000b000 08:05 20451164                   /lib/x86_64-linux-gnu/libnss_nis-2.17.so
7f5c606a6000-7f5c606ae000 r-xp 00000000 08:05 20451156                   /lib/x86_64-linux-gnu/libnss_compat-2.17.so
7f5c606ae000-7f5c608ad000 ---p 00008000 08:05 20451156                   /lib/x86_64-linux-gnu/libnss_compat-2.17.so
7f5c608ad000-7f5c608ae000 r-xp 00007000 08:05 20451156                   /lib/x86_64-linux-gnu/libnss_compat-2.17.so
7f5c608ae000-7f5c608af000 rwxp 00008000 08:05 20451156                   /lib/x86_64-linux-gnu/libnss_compat-2.17.so
7f5c608af000-7f5c608c6000 r-xp 00000000 08:05 20451154                   /lib/x86_64-linux-gnu/libnsl-2.17.so
7f5c608c6000-7f5c60ac5000 ---p 00017000 08:05 20451154                   /lib/x86_64-linux-gnu/libnsl-2.17.so
7f5c60ac5000-7f5c60ac6000 r-xp 00016000 08:05 20451154                   /lib/x86_64-linux-gnu/libnsl-2.17.so
7f5c60ac6000-7f5c60ac7000 rwxp 00017000 08:05 20451154                   /lib/x86_64-linux-gnu/libnsl-2.17.so
7f5c60ac7000-7f5c60ac9000 rwxp 00000000 00:00 0 
7f5c60ac9000-7f5c60af2000 r-xp 00000000 08:05 10617836                   /opt/jdk1.6.0_45/jre/lib/amd64/libjava.so
7f5c60af2000-7f5c60bf1000 ---p 00029000 08:05 10617836                   /opt/jdk1.6.0_45/jre/lib/amd64/libjava.so
7f5c60bf1000-7f5c60bf8000 rwxp 00028000 08:05 10617836                   /opt/jdk1.6.0_45/jre/lib/amd64/libjava.so
7f5c60bf8000-7f5c60c05000 r-xp 00000000 08:05 10617818                   /opt/jdk1.6.0_45/jre/lib/amd64/libverify.so
7f5c60c05000-7f5c60d04000 ---p 0000d000 08:05 10617818                   /opt/jdk1.6.0_45/jre/lib/amd64/libverify.so
7f5c60d04000-7f5c60d07000 rwxp 0000c000 08:05 10617818                   /opt/jdk1.6.0_45/jre/lib/amd64/libverify.so
7f5c60d07000-7f5c60d0e000 r-xp 00000000 08:05 20451207                   /lib/x86_64-linux-gnu/librt-2.17.so
7f5c60d0e000-7f5c60f0d000 ---p 00007000 08:05 20451207                   /lib/x86_64-linux-gnu/librt-2.17.so
7f5c60f0d000-7f5c60f0e000 r-xp 00006000 08:05 20451207                   /lib/x86_64-linux-gnu/librt-2.17.so
7f5c60f0e000-7f5c60f0f000 rwxp 00007000 08:05 20451207                   /lib/x86_64-linux-gnu/librt-2.17.so
7f5c60f0f000-7f5c60f12000 ---p 00000000 00:00 0 
7f5c60f12000-7f5c61010000 rwxp 00000000 00:00 0                          [stack:17353]
7f5c61010000-7f5c61113000 r-xp 00000000 08:05 20451135                   /lib/x86_64-linux-gnu/libm-2.17.so
7f5c61113000-7f5c61312000 ---p 00103000 08:05 20451135                   /lib/x86_64-linux-gnu/libm-2.17.so
7f5c61312000-7f5c61313000 r-xp 00102000 08:05 20451135                   /lib/x86_64-linux-gnu/libm-2.17.so
7f5c61313000-7f5c61314000 rwxp 00103000 08:05 20451135                   /lib/x86_64-linux-gnu/libm-2.17.so
7f5c61314000-7f5c61c32000 r-xp 00000000 08:05 10617843                   /opt/jdk1.6.0_45/jre/lib/amd64/server/libjvm.so
7f5c61c32000-7f5c61d34000 ---p 0091e000 08:05 10617843                   /opt/jdk1.6.0_45/jre/lib/amd64/server/libjvm.so
7f5c61d34000-7f5c61eea000 rwxp 00920000 08:05 10617843                   /opt/jdk1.6.0_45/jre/lib/amd64/server/libjvm.so
7f5c61eea000-7f5c61f24000 rwxp 00000000 00:00 0 
7f5c61f24000-7f5c620e1000 r-xp 00000000 08:05 20451084                   /lib/x86_64-linux-gnu/libc-2.17.so
7f5c620e1000-7f5c622e1000 ---p 001bd000 08:05 20451084                   /lib/x86_64-linux-gnu/libc-2.17.so
7f5c622e1000-7f5c622e5000 r-xp 001bd000 08:05 20451084                   /lib/x86_64-linux-gnu/libc-2.17.so
7f5c622e5000-7f5c622e7000 rwxp 001c1000 08:05 20451084                   /lib/x86_64-linux-gnu/libc-2.17.so
7f5c622e7000-7f5c622ec000 rwxp 00000000 00:00 0 
7f5c622ec000-7f5c622ef000 r-xp 00000000 08:05 20451099                   /lib/x86_64-linux-gnu/libdl-2.17.so
7f5c622ef000-7f5c624ee000 ---p 00003000 08:05 20451099                   /lib/x86_64-linux-gnu/libdl-2.17.so
7f5c624ee000-7f5c624ef000 r-xp 00002000 08:05 20451099                   /lib/x86_64-linux-gnu/libdl-2.17.so
7f5c624ef000-7f5c624f0000 rwxp 00003000 08:05 20451099                   /lib/x86_64-linux-gnu/libdl-2.17.so
7f5c624f0000-7f5c62507000 r-xp 00000000 08:05 20451199                   /lib/x86_64-linux-gnu/libpthread-2.17.so
7f5c62507000-7f5c62707000 ---p 00017000 08:05 20451199                   /lib/x86_64-linux-gnu/libpthread-2.17.so
7f5c62707000-7f5c62708000 r-xp 00017000 08:05 20451199                   /lib/x86_64-linux-gnu/libpthread-2.17.so
7f5c62708000-7f5c62709000 rwxp 00018000 08:05 20451199                   /lib/x86_64-linux-gnu/libpthread-2.17.so
7f5c62709000-7f5c6270d000 rwxp 00000000 00:00 0 
7f5c6270d000-7f5c62730000 r-xp 00000000 08:05 20451060                   /lib/x86_64-linux-gnu/ld-2.17.so
7f5c62730000-7f5c62731000 r-xs 00000000 08:05 56098887                   /var/cache/fontconfig/0c9eb80ebd1c36541ebe2852d3bb0c49-le64.cache-4
7f5c62731000-7f5c62732000 r-xs 00000000 08:05 56110495                   /var/cache/fontconfig/e0aa53bcfa504e64f87823c16bc01eb6-le64.cache-4
7f5c62732000-7f5c62734000 r-xs 0000e000 08:05 29493577                   /home/morante/IMPA/2014/2014_10_26_RPn_repository/rpnmorante/lib/iso-relax.jar
7f5c62734000-7f5c6273b000 r-xs 00059000 08:05 29493583                   /home/morante/IMPA/2014/2014_10_26_RPn_repository/rpnmorante/lib/log4j-1.2.15.jar
7f5c6273b000-7f5c62745000 rwxp 00000000 00:00 0 
7f5c62745000-7f5c627fb000 rwxp 00000000 00:00 0 
7f5c627fb000-7f5c627fe000 rwxp 00000000 00:00 0 
7f5c627fe000-7f5c62805000 r-xp 00000000 08:05 10617808                   /opt/jdk1.6.0_45/jre/lib/amd64/jli/libjli.so
7f5c62805000-7f5c62906000 ---p 00007000 08:05 10617808                   /opt/jdk1.6.0_45/jre/lib/amd64/jli/libjli.so
7f5c62906000-7f5c62908000 rwxp 00008000 08:05 10617808                   /opt/jdk1.6.0_45/jre/lib/amd64/jli/libjli.so
7f5c62908000-7f5c62909000 rwxp 00000000 00:00 0 
7f5c62909000-7f5c6290d000 r-xs 00021000 08:05 29493593                   /home/morante/IMPA/2014/2014_10_26_RPn_repository/rpnmorante/lib/xsdlib.jar
7f5c6290d000-7f5c6290e000 r-xs 00004000 08:05 29493588                   /home/morante/IMPA/2014/2014_10_26_RPn_repository/rpnmorante/lib/relaxngDatatype.jar
7f5c6290e000-7f5c6290f000 r-xs 00001000 08:05 29493587                   /home/morante/IMPA/2014/2014_10_26_RPn_repository/rpnmorante/lib/pdflib.jar
7f5c6290f000-7f5c62911000 r-xs 00042000 08:05 29493589                   /home/morante/IMPA/2014/2014_10_26_RPn_repository/rpnmorante/lib/vecmath.jar
7f5c62911000-7f5c62923000 r-xs 000fe000 08:05 29497155                   /home/morante/IMPA/2014/2014_10_26_RPn_repository/rpnmorante/lib/rpn.jar
7f5c62923000-7f5c6292b000 rwxs 00000000 08:05 67502278                   /tmp/hsperfdata_morante/17352
7f5c6292b000-7f5c6292c000 rwxp 00000000 00:00 0 
7f5c6292c000-7f5c6292d000 r-xp 00000000 00:00 0 
7f5c6292d000-7f5c6292f000 rwxp 00000000 00:00 0 
7f5c6292f000-7f5c62930000 r-xp 00022000 08:05 20451060                   /lib/x86_64-linux-gnu/ld-2.17.so
7f5c62930000-7f5c62932000 rwxp 00023000 08:05 20451060                   /lib/x86_64-linux-gnu/ld-2.17.so
7fff0cb79000-7fff0cb9b000 rwxp 00000000 00:00 0                          [stack]
7fff0cbfe000-7fff0cc00000 r-xp 00000000 00:00 0                          [vdso]
ffffffffff600000-ffffffffff601000 r-xp 00000000 00:00 0                  [vsyscall]

VM Arguments:
jvm_args: -DRPHOSTTYPE=linux_x86_64 -Djava.library.path=/home/morante/IMPA/2014/2014_10_26_RPn_repository/rpnmorante/lib/linux_x86_64 -Drpnhome=/home/morante/IMPA/2014/2014_10_26_RPn_repository/rpnmorante 
java_command: /home/morante/IMPA/2014/2014_10_26_RPn_repository/rpnmorante/lib/rpn.jar ../in/foam.rpn
Launcher Type: SUN_STANDARD

Environment Variables:
PATH=/home/morante/bin:/usr/lib/lightdm/lightdm:/usr/local/sbin:/usr/local/bin:/usr/sbin:/usr/bin:/sbin:/bin:/usr/games:/usr/local/games:/home/morante/Downloads/RPn/rpn/bin:/home/morante/IMPA/2014/2014_10_26_RPn_repository/rpnmorante/bin:/opt/jdk1.6.0_45/bin:/home/morante/IMPA/2014/2014_10_26_RPn_repository/rpnmorante/bin:/opt/jdk1.6.0_45/bin
LD_LIBRARY_PATH=/opt/jdk1.6.0_45/jre/lib/amd64/server:/opt/jdk1.6.0_45/jre/lib/amd64:/opt/jdk1.6.0_45/jre/../lib/amd64
SHELL=/bin/bash
DISPLAY=:0.0

Signal Handlers:
SIGSEGV: [libjvm.so+0x862a30], sa_mask[0]=0x7ffbfeff, sa_flags=0x10000004
SIGBUS: [libjvm.so+0x862a30], sa_mask[0]=0x7ffbfeff, sa_flags=0x10000004
SIGFPE: [libjvm.so+0x7106f0], sa_mask[0]=0x7ffbfeff, sa_flags=0x10000004
SIGPIPE: [libjvm.so+0x7106f0], sa_mask[0]=0x7ffbfeff, sa_flags=0x10000004
SIGXFSZ: [libjvm.so+0x7106f0], sa_mask[0]=0x7ffbfeff, sa_flags=0x10000004
SIGILL: [libjvm.so+0x7106f0], sa_mask[0]=0x7ffbfeff, sa_flags=0x10000004
SIGUSR1: SIG_DFL, sa_mask[0]=0x00000000, sa_flags=0x00000000
SIGUSR2: [libjvm.so+0x713520], sa_mask[0]=0x00000000, sa_flags=0x10000004
SIGHUP: [libjvm.so+0x713120], sa_mask[0]=0x7ffbfeff, sa_flags=0x10000004
SIGINT: [libjvm.so+0x713120], sa_mask[0]=0x7ffbfeff, sa_flags=0x10000004
SIGTERM: [libjvm.so+0x713120], sa_mask[0]=0x7ffbfeff, sa_flags=0x10000004
SIGQUIT: [libjvm.so+0x713120], sa_mask[0]=0x7ffbfeff, sa_flags=0x10000004


---------------  S Y S T E M  ---------------

OS:wheezy/sid

uname:Linux 3.11.0-26-generic #45-Ubuntu SMP Tue Jul 15 04:02:06 UTC 2014 x86_64
libc:glibc 2.17 NPTL 2.17 
rlimit: STACK 8192k, CORE 0k, NPROC 63194, NOFILE 4096, AS infinity
load average:0.41 0.62 0.54

/proc/meminfo:
MemTotal:        8109184 kB
MemFree:         3415528 kB
Buffers:          494980 kB
Cached:          1638048 kB
SwapCached:            0 kB
Active:          3006816 kB
Inactive:        1245900 kB
Active(anon):    2121464 kB
Inactive(anon):    81772 kB
Active(file):     885352 kB
Inactive(file):  1164128 kB
Unevictable:         112 kB
Mlocked:             112 kB
SwapTotal:       5119996 kB
SwapFree:        5119996 kB
Dirty:               172 kB
Writeback:             0 kB
AnonPages:       2119796 kB
Mapped:           347568 kB
Shmem:             83552 kB
Slab:             301828 kB
SReclaimable:     263368 kB
SUnreclaim:        38460 kB
KernelStack:        5944 kB
PageTables:        50980 kB
NFS_Unstable:          0 kB
Bounce:                0 kB
WritebackTmp:          0 kB
CommitLimit:     9174588 kB
Committed_AS:    6788552 kB
VmallocTotal:   34359738367 kB
VmallocUsed:      391888 kB
VmallocChunk:   34359334356 kB
HardwareCorrupted:     0 kB
AnonHugePages:         0 kB
HugePages_Total:       0
HugePages_Free:        0
HugePages_Rsvd:        0
HugePages_Surp:        0
Hugepagesize:       2048 kB
DirectMap4k:       53252 kB
DirectMap2M:     8267776 kB


CPU:total 4 (4 cores per cpu, 1 threads per core) family 6 model 23 stepping 6, cmov, cx8, fxsr, mmx, sse, sse2, sse3, ssse3, sse4.1

/proc/cpuinfo:
processor	: 0
vendor_id	: GenuineIntel
cpu family	: 6
model		: 23
model name	: Intel(R) Core(TM)2 Extreme CPU X9650  @ 3.00GHz
stepping	: 6
microcode	: 0x60f
cpu MHz		: 3000.000
cache size	: 6144 KB
physical id	: 0
siblings	: 4
core id		: 0
cpu cores	: 4
apicid		: 0
initial apicid	: 0
fpu		: yes
fpu_exception	: yes
cpuid level	: 10
wp		: yes
flags		: fpu vme de pse tsc msr pae mce cx8 apic sep mtrr pge mca cmov pat pse36 clflush dts acpi mmx fxsr sse sse2 ss ht tm pbe syscall nx lm constant_tsc arch_perfmon pebs bts rep_good nopl aperfmperf pni dtes64 monitor ds_cpl vmx est tm2 ssse3 cx16 xtpr pdcm sse4_1 lahf_lm dtherm tpr_shadow vnmi flexpriority
bogomips	: 5985.06
clflush size	: 64
cache_alignment	: 64
address sizes	: 36 bits physical, 48 bits virtual
power management:

processor	: 1
vendor_id	: GenuineIntel
cpu family	: 6
model		: 23
model name	: Intel(R) Core(TM)2 Extreme CPU X9650  @ 3.00GHz
stepping	: 6
microcode	: 0x60f
cpu MHz		: 3000.000
cache size	: 6144 KB
physical id	: 0
siblings	: 4
core id		: 1
cpu cores	: 4
apicid		: 1
initial apicid	: 1
fpu		: yes
fpu_exception	: yes
cpuid level	: 10
wp		: yes
flags		: fpu vme de pse tsc msr pae mce cx8 apic sep mtrr pge mca cmov pat pse36 clflush dts acpi mmx fxsr sse sse2 ss ht tm pbe syscall nx lm constant_tsc arch_perfmon pebs bts rep_good nopl aperfmperf pni dtes64 monitor ds_cpl vmx est tm2 ssse3 cx16 xtpr pdcm sse4_1 lahf_lm dtherm tpr_shadow vnmi flexpriority
bogomips	: 5985.06
clflush size	: 64
cache_alignment	: 64
address sizes	: 36 bits physical, 48 bits virtual
power management:

processor	: 2
vendor_id	: GenuineIntel
cpu family	: 6
model		: 23
model name	: Intel(R) Core(TM)2 Extreme CPU X9650  @ 3.00GHz
stepping	: 6
microcode	: 0x60f
cpu MHz		: 3000.000
cache size	: 6144 KB
physical id	: 0
siblings	: 4
core id		: 2
cpu cores	: 4
apicid		: 2
initial apicid	: 2
fpu		: yes
fpu_exception	: yes
cpuid level	: 10
wp		: yes
flags		: fpu vme de pse tsc msr pae mce cx8 apic sep mtrr pge mca cmov pat pse36 clflush dts acpi mmx fxsr sse sse2 ss ht tm pbe syscall nx lm constant_tsc arch_perfmon pebs bts rep_good nopl aperfmperf pni dtes64 monitor ds_cpl vmx est tm2 ssse3 cx16 xtpr pdcm sse4_1 lahf_lm dtherm tpr_shadow vnmi flexpriority
bogomips	: 5985.06
clflush size	: 64
cache_alignment	: 64
address sizes	: 36 bits physical, 48 bits virtual
power management:

processor	: 3
vendor_id	: GenuineIntel
cpu family	: 6
model		: 23
model name	: Intel(R) Core(TM)2 Extreme CPU X9650  @ 3.00GHz
stepping	: 6
microcode	: 0x60f
cpu MHz		: 2000.000
cache size	: 6144 KB
physical id	: 0
siblings	: 4
core id		: 3
cpu cores	: 4
apicid		: 3
initial apicid	: 3
fpu		: yes
fpu_exception	: yes
cpuid level	: 10
wp		: yes
flags		: fpu vme de pse tsc msr pae mce cx8 apic sep mtrr pge mca cmov pat pse36 clflush dts acpi mmx fxsr sse sse2 ss ht tm pbe syscall nx lm constant_tsc arch_perfmon pebs bts rep_good nopl aperfmperf pni dtes64 monitor ds_cpl vmx est tm2 ssse3 cx16 xtpr pdcm sse4_1 lahf_lm dtherm tpr_shadow vnmi flexpriority
bogomips	: 5985.06
clflush size	: 64
cache_alignment	: 64
address sizes	: 36 bits physical, 48 bits virtual
power management:



Memory: 4k page, physical 8109184k(3415528k free), swap 5119996k(5119996k free)

vm_info: Java HotSpot(TM) 64-Bit Server VM (20.45-b01) for linux-amd64 JRE (1.6.0_45-b06), built on Mar 26 2013 14:07:02 by "java_re" with gcc 3.2.2 (SuSE Linux)

time: Thu Dec  4 14:26:51 2014
elapsed time: 142 seconds

