#
# A fatal error has been detected by the Java Runtime Environment:
#
#  SIGSEGV (0xb) at pc=0x0000000000000121, pid=5786, tid=140182015080192
#
# JRE version: 6.0_45-b06
# Java VM: Java HotSpot(TM) 64-Bit Server VM (20.45-b01 mixed mode linux-amd64 compressed oops)
# Problematic frame:
# C  0x0000000000000121
#
# If you would like to submit a bug report, please visit:
#   http://java.sun.com/webapps/bugreport/crash.jsp
# The crash happened outside the Java Virtual Machine in native code.
# See problematic frame for where to report the bug.
#

---------------  T H R E A D  ---------------

Current thread (0x00007f7edc227800):  JavaThread "AWT-EventQueue-0" [_thread_in_native, id=5803, stack(0x00007f7eab267000,0x00007f7eab368000)]

siginfo:si_signo=SIGSEGV: si_errno=0, si_code=1 (SEGV_MAPERR), si_addr=0x0000000000000121

Registers:
RAX=0x00007f7e7c077860, RBX=0x0000000000000002, RCX=0x00007f7e90000030, RDX=0x0000000000000121
RSP=0x00007f7eab365338, RBP=0x00007f7eab365370, RSI=0x0000000000000002, RDI=0x00007f7e7c077860
R8 =0x0000000000000000, R9 =0x00007f7ee406a7d0, R10=0x00007f7eab3650a0, R11=0x00007f7eaab3105e
R12=0x0000000000000000, R13=0x000000077fb01538, R14=0x00007f7eab365450, R15=0x00007f7edc227800
RIP=0x0000000000000121, EFLAGS=0x0000000000010202, CSGSFS=0x0000000000000033, ERR=0x0000000000000014
  TRAPNO=0x000000000000000e

Top of Stack: (sp=0x00007f7eab365338)
0x00007f7eab365338:   00007f7eaabcd8d9 00007f7eaabcda38
0x00007f7eab365348:   00007f7e90032100 00007f7e90032100
0x00007f7eab365358:   00007f7e00000002 00007f7ee406a7d0
0x00007f7eab365368:   0000000000000000 00007f7eab365390
0x00007f7eab365378:   00007f7eaabcda50 0000000000000000
0x00007f7eab365388:   00007f7e90032100 00007f7eab3653c0
0x00007f7eab365398:   00007f7eaab082a3 00007f7edc2279d0
0x00007f7eab3653a8:   00000000b8030550 00007f7ee406a7d0
0x00007f7eab3653b8:   000000077fb01538 00007f7eab3653e0
0x00007f7eab3653c8:   00007f7eaab08258 00007f7eab365448
0x00007f7eab3653d8:   00007f7edc2279d0 00007f7eab365438
0x00007f7eab3653e8:   00007f7ed9010eee 00007f7edc227800
0x00007f7eab3653f8:   00007f7eab3653f8 000000077fb01538
0x00007f7eab365408:   00007f7eab365450 000000077fb13c90
0x00007f7eab365418:   0000000000000000 000000077fb01538
0x00007f7eab365428:   0000000000000000 00007f7eab365458
0x00007f7eab365438:   00007f7eab365498 00007f7ed9005a82
0x00007f7eab365448:   000000077fb02c90 00007f7ed900df58
0x00007f7eab365458:   00007f7eab365458 000000077f4c25af
0x00007f7eab365468:   00007f7eab3654b0 000000077f53a860
0x00007f7eab365478:   0000000000000000 000000077f4c25e8
0x00007f7eab365488:   00007f7eab365458 00007f7eab3654b0
0x00007f7eab365498:   00007f7eab3654f8 00007f7ed9005f5c
0x00007f7eab3654a8:   0000000000000000 000000078444f298
0x00007f7eab3654b8:   00007f7eab3654b8 000000077f502ea3
0x00007f7eab3654c8:   00007f7eab365510 000000077ffaee40
0x00007f7eab3654d8:   0000000000000000 000000077f502ed0
0x00007f7eab3654e8:   00007f7eab3654b0 00007f7eab365508
0x00007f7eab3654f8:   00007f7eab365558 00007f7ed9005a82
0x00007f7eab365508:   0000000000000000 0000000785bd3bc8
0x00007f7eab365518:   00007f7eab365518 000000077f503279
0x00007f7eab365528:   00007f7eab365570 000000077ffaee40 

Instructions: (pc=0x0000000000000121)
0x0000000000000101:   
[error occurred during error reporting (printing registers, top of stack, instructions near pc), id 0xb]

Register to memory mapping:

RAX=0x00007f7e7c077860 is an unknown value
RBX=0x0000000000000002 is an unknown value
RCX=0x00007f7e90000030 is an unknown value
RDX=0x0000000000000121 is an unknown value
RSP=0x00007f7eab365338 is pointing into the stack for thread: 0x00007f7edc227800
RBP=0x00007f7eab365370 is pointing into the stack for thread: 0x00007f7edc227800
RSI=0x0000000000000002 is an unknown value
RDI=0x00007f7e7c077860 is an unknown value
R8 =0x0000000000000000 is an unknown value
R9 =0x00007f7ee406a7d0: <offset 0xa897d0> in /opt/jdk1.6.0_45/jre/lib/amd64/server/libjvm.so at 0x00007f7ee35e1000
R10=0x00007f7eab3650a0 is pointing into the stack for thread: 0x00007f7edc227800
R11=0x00007f7eaab3105e: _ZN21ImplicitHugoniotCurveD1Ev+0 in /home/morante/IMPA/2014/2014_10_26_RPn_repository/rpnmorante/lib/linux_x86_64/librpn.so at 0x00007f7eaa9ec000
R12=0x0000000000000000 is an unknown value
R13=0x000000077fb01538 is an oop
{method} 
 - klass: {other class}
R14=0x00007f7eab365450 is pointing into the stack for thread: 0x00007f7edc227800
R15=0x00007f7edc227800 is a thread


Stack: [0x00007f7eab267000,0x00007f7eab368000],  sp=0x00007f7eab365338,  free space=1016k
Native frames: (J=compiled Java code, j=interpreted, Vv=VM code, C=native code)
C  0x0000000000000121
C  [librpn.so+0x1e1a50]  FoamSubPhysics::~FoamSubPhysics()+0x18
C  [librpn.so+0x11c2a3]  RpNumerics::clean()+0x49
C  [librpn.so+0x11c258]  Java_rpnumerics_RPNUMERICS_clean+0x15
j  rpnumerics.RPNUMERICS.clean()V+0
j  rpn.RPnDesktopPlotter.finalizeApplication()V+15
j  rpn.RPnUIFrame.jMenuFileExit_actionPerformed(Ljava/awt/event/ActionEvent;)V+19
j  rpn.RPnUIFrame.processWindowEvent(Ljava/awt/event/WindowEvent;)V+17
j  java.awt.Window.processEvent(Ljava/awt/AWTEvent;)V+69
j  java.awt.Component.dispatchEventImpl(Ljava/awt/AWTEvent;)V+573

Java frames: (J=compiled Java code, j=interpreted, Vv=VM code)
j  rpnumerics.RPNUMERICS.clean()V+0
j  rpn.RPnDesktopPlotter.finalizeApplication()V+15
j  rpn.RPnUIFrame.jMenuFileExit_actionPerformed(Ljava/awt/event/ActionEvent;)V+19
j  rpn.RPnUIFrame.processWindowEvent(Ljava/awt/event/WindowEvent;)V+17
j  java.awt.Window.processEvent(Ljava/awt/AWTEvent;)V+69
j  java.awt.Component.dispatchEventImpl(Ljava/awt/AWTEvent;)V+573
J  java.awt.Container.dispatchEventImpl(Ljava/awt/AWTEvent;)V
J  java.awt.Window.dispatchEventImpl(Ljava/awt/AWTEvent;)V
J  java.awt.EventQueue$2.run()Ljava/lang/Object;
v  ~StubRoutines::call_stub
J  java.security.AccessController.doPrivileged(Ljava/security/PrivilegedAction;Ljava/security/AccessControlContext;)Ljava/lang/Object;
J  java.awt.EventQueue$3.run()Ljava/lang/Object;
v  ~StubRoutines::call_stub
J  java.security.AccessController.doPrivileged(Ljava/security/PrivilegedAction;Ljava/security/AccessControlContext;)Ljava/lang/Object;
J  java.awt.EventQueue.dispatchEvent(Ljava/awt/AWTEvent;)V
J  java.awt.EventDispatchThread.pumpOneEventForFilters(I)Z
J  java.awt.EventDispatchThread.pumpEventsForFilter(ILjava/awt/Conditional;Ljava/awt/EventFilter;)V
j  java.awt.EventDispatchThread.pumpEventsForHierarchy(ILjava/awt/Conditional;Ljava/awt/Component;)V+11
j  java.awt.EventDispatchThread.pumpEvents(ILjava/awt/Conditional;)V+4
j  java.awt.EventDispatchThread.pumpEvents(Ljava/awt/Conditional;)V+3
j  java.awt.EventDispatchThread.run()V+9
v  ~StubRoutines::call_stub

---------------  P R O C E S S  ---------------

Java Threads: ( => current thread )
  0x00007f7e7c270800 JavaThread "TimerQueue" daemon [_thread_blocked, id=5808, stack(0x00007f7e89de3000,0x00007f7e89ee4000)]
  0x00007f7edc007800 JavaThread "DestroyJavaVM" [_thread_blocked, id=5787, stack(0x00007f7ee31dc000,0x00007f7ee32dd000)]
=>0x00007f7edc227800 JavaThread "AWT-EventQueue-0" [_thread_in_native, id=5803, stack(0x00007f7eab267000,0x00007f7eab368000)]
  0x00007f7edc226000 JavaThread "AWT-Shutdown" [_thread_blocked, id=5802, stack(0x00007f7eab501000,0x00007f7eab602000)]
  0x00007f7edc225000 JavaThread "AWT-XAWT" daemon [_thread_in_native, id=5801, stack(0x00007f7eab602000,0x00007f7eab703000)]
  0x00007f7edc1b7000 JavaThread "Java2D Disposer" daemon [_thread_blocked, id=5800, stack(0x00007f7eabd41000,0x00007f7eabe42000)]
  0x00007f7edc0b8800 JavaThread "Low Memory Detector" daemon [_thread_blocked, id=5798, stack(0x00007f7ee04c1000,0x00007f7ee05c2000)]
  0x00007f7edc0b6800 JavaThread "C2 CompilerThread1" daemon [_thread_blocked, id=5797, stack(0x00007f7ee05c2000,0x00007f7ee06c3000)]
  0x00007f7edc0b3800 JavaThread "C2 CompilerThread0" daemon [_thread_blocked, id=5796, stack(0x00007f7ee06c3000,0x00007f7ee07c4000)]
  0x00007f7edc0b1800 JavaThread "Signal Dispatcher" daemon [_thread_blocked, id=5795, stack(0x00007f7ee07c4000,0x00007f7ee08c5000)]
  0x00007f7edc095000 JavaThread "Finalizer" daemon [_thread_blocked, id=5794, stack(0x00007f7ee0fa8000,0x00007f7ee10a9000)]
  0x00007f7edc093000 JavaThread "Reference Handler" daemon [_thread_blocked, id=5793, stack(0x00007f7ee10a9000,0x00007f7ee11aa000)]

Other Threads:
  0x00007f7edc08c800 VMThread [stack: 0x00007f7ee11aa000,0x00007f7ee12ab000] [id=5792]
  0x00007f7edc0c3800 WatcherThread [stack: 0x00007f7ee03c0000,0x00007f7ee04c1000] [id=5799]

VM state:not at safepoint (normal execution)

VM Mutex/Monitor currently owned by a thread: None

Heap
 PSYoungGen      total 272448K, used 109192K [0x00000007d6c00000, 0x00000007f1dc0000, 0x0000000800000000)
  eden space 249984K, 40% used [0x00000007d6c00000,0x00000007dcebddd8,0x00000007e6020000)
  from space 22464K, 35% used [0x00000007e6020000,0x00000007e68044a8,0x00000007e7610000)
  to   space 22080K, 0% used [0x00000007f0830000,0x00000007f0830000,0x00000007f1dc0000)
 PSOldGen        total 84480K, used 39666K [0x0000000784400000, 0x0000000789680000, 0x00000007d6c00000)
  object space 84480K, 46% used [0x0000000784400000,0x0000000786abcb48,0x0000000789680000)
 PSPermGen       total 23552K, used 23512K [0x000000077f200000, 0x0000000780900000, 0x0000000784400000)
  object space 23552K, 99% used [0x000000077f200000,0x00000007808f61a0,0x0000000780900000)

Code Cache  [0x00007f7ed9000000, 0x00007f7ed9270000, 0x00007f7edc000000)
 total_blobs=1136 nmethods=640 adapters=449 free_code_cache=47935296 largest_free_block=19776

Dynamic libraries:
40000000-40009000 r-xp 00000000 08:05 9576445                            /opt/jdk1.6.0_45/bin/java
40108000-4010a000 rwxp 00008000 08:05 9576445                            /opt/jdk1.6.0_45/bin/java
40259000-4027a000 rwxp 00000000 00:00 0                                  [heap]
77f200000-780900000 rwxp 00000000 00:00 0 
780900000-784400000 rwxp 00000000 00:00 0 
784400000-789680000 rwxp 00000000 00:00 0 
789680000-7d6c00000 rwxp 00000000 00:00 0 
7d6c00000-7f1dc0000 rwxp 00000000 00:00 0 
7f1dc0000-800000000 rwxp 00000000 00:00 0 
7f7e08000000-7f7e0a1c6000 rwxp 00000000 00:00 0 
7f7e0a1c6000-7f7e0c000000 ---p 00000000 00:00 0 
7f7e0c000000-7f7e0dea5000 rwxp 00000000 00:00 0 
7f7e0dea5000-7f7e10000000 ---p 00000000 00:00 0 
7f7e10000000-7f7e11ed5000 rwxp 00000000 00:00 0 
7f7e11ed5000-7f7e14000000 ---p 00000000 00:00 0 
7f7e17fdf000-7f7e20000000 rwxp 00000000 00:00 0 
7f7e20000000-7f7e24000000 rwxp 00000000 00:00 0 
7f7e24000000-7f7e25495000 rwxp 00000000 00:00 0 
7f7e25495000-7f7e28000000 ---p 00000000 00:00 0 
7f7e28000000-7f7e2c000000 rwxp 00000000 00:00 0 
7f7e2ffef000-7f7e34000000 rwxp 00000000 00:00 0 
7f7e34000000-7f7e3c000000 rwxp 00000000 00:00 0 
7f7e3c000000-7f7e44000000 rwxp 00000000 00:00 0 
7f7e44000000-7f7e48000000 rwxp 00000000 00:00 0 
7f7e53fdf000-7f7e5c000000 rwxp 00000000 00:00 0 
7f7e5c000000-7f7e64000000 rwxp 00000000 00:00 0 
7f7e64000000-7f7e6c000000 rwxp 00000000 00:00 0 
7f7e6c000000-7f7e70000000 rwxp 00000000 00:00 0 
7f7e77fef000-7f7e7c000000 rwxp 00000000 00:00 0 
7f7e7c000000-7f7e80000000 rwxp 00000000 00:00 0 
7f7e80000000-7f7e80021000 rwxp 00000000 00:00 0 
7f7e80021000-7f7e84000000 ---p 00000000 00:00 0 
7f7e84000000-7f7e88000000 rwxp 00000000 00:00 0 
7f7e89022000-7f7e89038000 r-xp 00000000 08:05 10617847                   /opt/jdk1.6.0_45/jre/lib/amd64/libdcpr.so
7f7e89038000-7f7e8913a000 ---p 00016000 08:05 10617847                   /opt/jdk1.6.0_45/jre/lib/amd64/libdcpr.so
7f7e8913a000-7f7e89152000 rwxp 00018000 08:05 10617847                   /opt/jdk1.6.0_45/jre/lib/amd64/libdcpr.so
7f7e89152000-7f7e8915c000 r-xs 00000000 08:05 13633453                   /usr/share/fonts/X11/Type1/c0582bt_.pfb
7f7e8915c000-7f7e89177000 r-xs 00000000 08:05 15599296                   /usr/share/texmf/fonts/type1/public/lm/lmtlc10.pfb
7f7e89177000-7f7e89181000 r-xs 00000000 08:05 13633457                   /usr/share/fonts/X11/Type1/c0611bt_.pfb
7f7e89181000-7f7e8919c000 r-xs 00000000 08:05 15599249                   /usr/share/texmf/fonts/type1/public/lm/lmtcsc10.pfb
7f7e8919c000-7f7e891be000 r-xs 00000000 08:05 15599287                   /usr/share/texmf/fonts/type1/public/lm/lmbxo10.pfb
7f7e891be000-7f7e891d9000 r-xs 00000000 08:05 15730884                   /usr/share/texmf/fonts/type1/public/tex-gyre/qhvri.pfb
7f7e891d9000-7f7e891f8000 r-xs 00000000 08:05 15599226                   /usr/share/texmf/fonts/type1/public/lm/lmtto10.pfb
7f7e891f8000-7f7e89214000 r-xs 00000000 08:05 15730886                   /usr/share/texmf/fonts/type1/public/tex-gyre/qhvb.pfb
7f7e89214000-7f7e89235000 r-xs 00000000 08:05 15730890                   /usr/share/texmf/fonts/type1/public/tex-gyre/qtmb.pfb
7f7e89235000-7f7e89250000 r-xs 00000000 08:05 15599275                   /usr/share/texmf/fonts/type1/public/lm/lmsso10.pfb
7f7e89250000-7f7e89272000 r-xs 00000000 08:05 15730906                   /usr/share/texmf/fonts/type1/public/tex-gyre/qplr.pfb
7f7e89272000-7f7e89292000 r-xs 00000000 08:05 15730907                   /usr/share/texmf/fonts/type1/public/tex-gyre/qcsb.pfb
7f7e89292000-7f7e892b2000 r-xs 00000000 08:05 15730900                   /usr/share/texmf/fonts/type1/public/tex-gyre/qbkb.pfb
7f7e892b2000-7f7e892ce000 r-xs 00000000 08:05 15599225                   /usr/share/texmf/fonts/type1/public/lm/lmtt10.pfb
7f7e892ce000-7f7e892ef000 r-xs 00000000 08:05 15730885                   /usr/share/texmf/fonts/type1/public/tex-gyre/qtmr.pfb
7f7e892ef000-7f7e89311000 r-xs 00000000 08:05 15599306                   /usr/share/texmf/fonts/type1/public/lm/lmvtlo10.pfb
7f7e89311000-7f7e89330000 r-xs 00000000 08:05 15730901                   /usr/share/texmf/fonts/type1/public/tex-gyre/qcrri.pfb
7f7e89330000-7f7e8934c000 r-xs 00000000 08:05 15599239                   /usr/share/texmf/fonts/type1/public/lm/lmu10.pfb
7f7e8934c000-7f7e89369000 r-xs 00000000 08:05 15599256                   /usr/share/texmf/fonts/type1/public/lm/lmssq8.pfb
7f7e89369000-7f7e8938b000 r-xs 00000000 08:05 15599224                   /usr/share/texmf/fonts/type1/public/lm/lmssdo10.pfb
7f7e8938b000-7f7e893ab000 r-xs 00000000 08:05 15730894                   /usr/share/texmf/fonts/type1/public/tex-gyre/qcsri.pfb
7f7e893ab000-7f7e893ce000 r-xs 00000000 08:05 15599270                   /usr/share/texmf/fonts/type1/public/lm/lmtko10.pfb
7f7e893ce000-7f7e893ed000 r-xs 00000000 08:05 15599252                   /usr/share/texmf/fonts/type1/public/lm/lmvtk10.pfb
7f7e893ed000-7f7e8940d000 r-xs 00000000 08:05 15730914                   /usr/share/texmf/fonts/type1/public/tex-gyre/qbkr.pfb
7f7e8940d000-7f7e89427000 r-xs 00000000 08:05 15599240                   /usr/share/texmf/fonts/type1/public/lm/lmtl10.pfb
7f7e89427000-7f7e89447000 r-xs 00000000 08:05 15730887                   /usr/share/texmf/fonts/type1/public/tex-gyre/qtmbi.pfb
7f7e89447000-7f7e8946c000 r-xs 00000000 08:05 15599262                   /usr/share/texmf/fonts/type1/public/lm/lmvtko10.pfb
7f7e8946c000-7f7e89487000 r-xs 00000000 08:05 15730898                   /usr/share/texmf/fonts/type1/public/tex-gyre/qhvr.pfb
7f7e89487000-7f7e894a7000 r-xs 00000000 08:05 15730897                   /usr/share/texmf/fonts/type1/public/tex-gyre/qcrbi.pfb
7f7e894a7000-7f7e894c4000 r-xs 00000000 08:05 15599268                   /usr/share/texmf/fonts/type1/public/lm/lmvtt10.pfb
7f7e894c4000-7f7e894e6000 r-xs 00000000 08:05 15730899                   /usr/share/texmf/fonts/type1/public/tex-gyre/qplb.pfb
7f7e894e6000-7f7e89508000 r-xs 00000000 08:05 15599244                   /usr/share/texmf/fonts/type1/public/lm/lmbo10.pfb
7f7e89508000-7f7e89525000 r-xs 00000000 08:05 15599289                   /usr/share/texmf/fonts/type1/public/lm/lmtk10.pfb
7f7e89525000-7f7e89546000 r-xs 00000000 08:05 15730905                   /usr/share/texmf/fonts/type1/public/tex-gyre/qcsbi.pfb
7f7e89546000-7f7e89567000 r-xs 00000000 08:05 15599248                   /usr/share/texmf/fonts/type1/public/lm/lmro10.pfb
7f7e89567000-7f7e89583000 r-xs 00000000 08:05 15730904                   /usr/share/texmf/fonts/type1/public/tex-gyre/qagb.pfb
7f7e89583000-7f7e895a5000 r-xs 00000000 08:05 15599237                   /usr/share/texmf/fonts/type1/public/lm/lmtlco10.pfb
7f7e895a5000-7f7e895c0000 r-xs 00000000 08:05 15730912                   /usr/share/texmf/fonts/type1/public/tex-gyre/qhvcbi.pfb
7f7e895c0000-7f7e895e0000 r-xs 00000000 08:05 15730892                   /usr/share/texmf/fonts/type1/public/tex-gyre/qbkbi.pfb
7f7e895e0000-7f7e89601000 r-xs 00000000 08:05 15599267                   /usr/share/texmf/fonts/type1/public/lm/lmcsco10.pfb
7f7e89601000-7f7e8960b000 r-xs 00000000 08:05 13633451                   /usr/share/fonts/X11/Type1/c0419bt_.pfb
7f7e8960b000-7f7e8962a000 r-xs 00000000 08:05 15599220                   /usr/share/texmf/fonts/type1/public/lm/lmdunh10.pfb
7f7e8962a000-7f7e89647000 r-xs 00000000 08:05 15599278                   /usr/share/texmf/fonts/type1/public/lm/lmssqbx8.pfb
7f7e89647000-7f7e89663000 r-xs 00000000 08:05 15599299                   /usr/share/texmf/fonts/type1/public/lm/lmri10.pfb
7f7e89663000-7f7e89681000 r-xs 00000000 08:05 15599264                   /usr/share/texmf/fonts/type1/public/lm/lmssbx10.pfb
7f7e89681000-7f7e8969f000 r-xs 00000000 08:05 15599269                   /usr/share/texmf/fonts/type1/public/lm/lmbx10.pfb
7f7e8969f000-7f7e896c1000 r-xs 00000000 08:05 15730909                   /usr/share/texmf/fonts/type1/public/tex-gyre/qplri.pfb
7f7e896c1000-7f7e896e1000 r-xs 00000000 08:05 15599277                   /usr/share/texmf/fonts/type1/public/lm/lmssqo8.pfb
7f7e896ea000-7f7e8970b000 r-xs 00000000 08:05 15730913                   /usr/share/texmf/fonts/type1/public/tex-gyre/qbkri.pfb
7f7e8970b000-7f7e89726000 r-xs 00000000 08:05 15730893                   /usr/share/texmf/fonts/type1/public/tex-gyre/qagr.pfb
7f7e89726000-7f7e89740000 r-xs 00000000 08:05 15730908                   /usr/share/texmf/fonts/type1/public/tex-gyre/qhvcri.pfb
7f7e89740000-7f7e8974a000 r-xs 00000000 08:05 13633455                   /usr/share/fonts/X11/Type1/c0583bt_.pfb
7f7e8974a000-7f7e89762000 r-xs 00000000 08:05 15599266                   /usr/share/texmf/fonts/type1/public/lm/lmss10.pfb
7f7e89762000-7f7e8977c000 r-xs 00000000 08:05 15730915                   /usr/share/texmf/fonts/type1/public/tex-gyre/qhvbi.pfb
7f7e8977c000-7f7e89798000 r-xs 00000000 08:05 15730896                   /usr/share/texmf/fonts/type1/public/tex-gyre/qhvcb.pfb
7f7e897a1000-7f7e897c1000 r-xs 00000000 08:05 15730889                   /usr/share/texmf/fonts/type1/public/tex-gyre/qcsr.pfb
7f7e897ca000-7f7e897d4000 r-xs 00000000 08:05 13634246                   /usr/share/fonts/type1/mathml/Symbol.pfb
7f7e897d4000-7f7e897f1000 r-xs 00000000 08:05 15599288                   /usr/share/texmf/fonts/type1/public/lm/lmcsc10.pfb
7f7e897f1000-7f7e89811000 r-xs 00000000 08:05 15599304                   /usr/share/texmf/fonts/type1/public/lm/lmtcso10.pfb
7f7e89811000-7f7e89831000 r-xs 00000000 08:05 15730903                   /usr/share/texmf/fonts/type1/public/tex-gyre/qtmri.pfb
7f7e89831000-7f7e89850000 r-xs 00000000 08:05 15599228                   /usr/share/texmf/fonts/type1/public/lm/lmb10.pfb
7f7e89850000-7f7e89874000 r-xs 00000000 08:05 15599234                   /usr/share/texmf/fonts/type1/public/lm/lmduno10.pfb
7f7e89874000-7f7e89897000 r-xs 00000000 08:05 15730895                   /usr/share/texmf/fonts/type1/public/tex-gyre/qplbi.pfb
7f7e89897000-7f7e898b6000 r-xs 00000000 08:05 15599310                   /usr/share/texmf/fonts/type1/public/lm/lmssqbo8.pfb
7f7e898b6000-7f7e898cf000 r-xs 00000000 08:05 15599279                   /usr/share/texmf/fonts/type1/public/lm/lmtti10.pfb
7f7e898cf000-7f7e898ef000 r-xs 00000000 08:05 15730911                   /usr/share/texmf/fonts/type1/public/tex-gyre/qcrb.pfb
7f7e898ef000-7f7e89909000 r-xs 00000000 08:05 15730902                   /usr/share/texmf/fonts/type1/public/tex-gyre/qagbi.pfb
7f7e89909000-7f7e89925000 r-xs 00000000 08:05 15599291                   /usr/share/texmf/fonts/type1/public/lm/lmbxi10.pfb
7f7e89925000-7f7e89944000 r-xs 00000000 08:05 15599297                   /usr/share/texmf/fonts/type1/public/lm/lmtlo10.pfb
7f7e89944000-7f7e89961000 r-xs 00000000 08:05 15599301                   /usr/share/texmf/fonts/type1/public/lm/lmssdc10.pfb
7f7e89961000-7f7e89980000 r-xs 00000000 08:05 15730883                   /usr/share/texmf/fonts/type1/public/tex-gyre/qcrr.pfb
7f7e89980000-7f7e899a2000 r-xs 00000000 08:05 15599292                   /usr/share/texmf/fonts/type1/public/lm/lmssbo10.pfb
7f7e899a2000-7f7e899bd000 r-xs 00000000 08:05 15730910                   /usr/share/texmf/fonts/type1/public/tex-gyre/qhvcr.pfb
7f7e899c6000-7f7e899e4000 r-xs 00000000 08:05 15599245                   /usr/share/texmf/fonts/type1/public/lm/lmvtl10.pfb
7f7e899e4000-7f7e899fe000 r-xs 00000000 08:05 15730891                   /usr/share/texmf/fonts/type1/public/tex-gyre/qzcmi.pfb
7f7e899fe000-7f7e89a17000 r-xs 00000000 08:05 15730888                   /usr/share/texmf/fonts/type1/public/tex-gyre/qagri.pfb
7f7e89a17000-7f7e89a35000 r-xs 00000000 08:05 15599222                   /usr/share/texmf/fonts/type1/public/lm/lmr10.pfb
7f7e89a35000-7f7e89a56000 r-xs 00000000 08:05 15599231                   /usr/share/texmf/fonts/type1/public/lm/lmvtto10.pfb
7f7e89a56000-7f7e89a62000 r-xs 00000000 08:05 16517325                   /usr/share/texlive/texmf-dist/fonts/type1/urw/helvetic/uhvro8a.pfb
7f7e89a62000-7f7e89a6b000 r-xs 00000000 08:05 16517310                   /usr/share/texlive/texmf-dist/fonts/type1/urw/helvetic/uhvr8ac.pfb
7f7e89a6b000-7f7e89a77000 r-xs 00000000 08:05 16517354                   /usr/share/texlive/texmf-dist/fonts/type1/urw/courier/ucrr8a.pfb
7f7e89a77000-7f7e89a87000 r-xs 00000000 08:05 16517281                   /usr/share/texlive/texmf-dist/fonts/type1/adobe/courier/pcrr8a.pfb
7f7e89a87000-7f7e89a91000 r-xs 00000000 08:05 16517316                   /usr/share/texlive/texmf-dist/fonts/type1/urw/helvetic/uhvbo8ac.pfb
7f7e89a91000-7f7e89a9b000 r-xs 00000000 08:05 16517320                   /usr/share/texlive/texmf-dist/fonts/type1/urw/helvetic/uhvbo8a.pfb
7f7e89a9b000-7f7e89aaa000 r-xs 00000000 08:05 16517277                   /usr/share/texlive/texmf-dist/fonts/type1/adobe/courier/pcrro8a.pfb
7f7e89aaa000-7f7e89ab7000 r-xs 00000000 08:05 16517290                   /usr/share/texlive/texmf-dist/fonts/type1/urw/palatino/uplr8a.pfb
7f7e89ab7000-7f7e89ac0000 r-xs 00000000 08:05 16517301                   /usr/share/texlive/texmf-dist/fonts/type1/urw/avantgar/uagd8a.pfb
7f7e89ac0000-7f7e89acb000 r-xs 00000000 08:05 16517343                   /usr/share/texlive/texmf-dist/fonts/type1/urw/bookman/ubkd8a.pfb
7f7e89acb000-7f7e89ad6000 r-xs 00000000 08:05 16517353                   /usr/share/texlive/texmf-dist/fonts/type1/urw/courier/ucrro8a.pfb
7f7e89ad6000-7f7e89adf000 r-xs 00000000 08:05 16517307                   /usr/share/texlive/texmf-dist/fonts/type1/urw/avantgar/uagdo8a.pfb
7f7e89adf000-7f7e89aea000 r-xs 00000000 08:05 16517333                   /usr/share/texlive/texmf-dist/fonts/type1/urw/times/utmb8a.pfb
7f7e89aea000-7f7e89af4000 r-xs 00000000 08:05 16517273                   /usr/share/texlive/texmf-dist/fonts/type1/adobe/utopia/putbi8a.pfb
7f7e89af4000-7f7e89b00000 r-xs 00000000 08:05 16517335                   /usr/share/texlive/texmf-dist/fonts/type1/urw/times/utmri8a.pfb
7f7e89b00000-7f7e89b0d000 r-xs 00000000 08:05 16517285                   /usr/share/texlive/texmf-dist/fonts/type1/urw/palatino/uplri8a.pfb
7f7e89b0d000-7f7e89b19000 r-xs 00000000 08:05 16517299                   /usr/share/texlive/texmf-dist/fonts/type1/urw/ncntrsbk/uncb8a.pfb
7f7e89b19000-7f7e89b25000 r-xs 00000000 08:05 16517339                   /usr/share/texlive/texmf-dist/fonts/type1/urw/times/utmr8a.pfb
7f7e89b25000-7f7e89b31000 r-xs 00000000 08:05 16517296                   /usr/share/texlive/texmf-dist/fonts/type1/urw/ncntrsbk/uncbi8a.pfb
7f7e89b31000-7f7e89b3a000 r-xs 00000000 08:05 16517369                   /usr/share/texlive/texmf-dist/fonts/type1/bitstrea/charter/bchb8a.pfb
7f7e89b3a000-7f7e89b45000 r-xs 00000000 08:05 16517332                   /usr/share/texlive/texmf-dist/fonts/type1/urw/times/utmbi8a.pfb
7f7e89b45000-7f7e89b52000 r-xs 00000000 08:05 16517289                   /usr/share/texlive/texmf-dist/fonts/type1/urw/palatino/uplbi8a.pfb
7f7e89b52000-7f7e89b5e000 r-xs 00000000 08:05 16517295                   /usr/share/texlive/texmf-dist/fonts/type1/urw/ncntrsbk/uncr8a.pfb
7f7e89b5e000-7f7e89b67000 r-xs 00000000 08:05 16517367                   /usr/share/texlive/texmf-dist/fonts/type1/bitstrea/charter/bchbi8a.pfb
7f7e89b67000-7f7e89b72000 r-xs 00000000 08:05 16517348                   /usr/share/texlive/texmf-dist/fonts/type1/urw/bookman/ubkdi8a.pfb
7f7e89b72000-7f7e89b7e000 r-xs 00000000 08:05 16517329                   /usr/share/texlive/texmf-dist/fonts/type1/urw/zapfding/uzdr.pfb
7f7e89b7e000-7f7e89b8b000 r-xs 00000000 08:05 16517357                   /usr/share/texlive/texmf-dist/fonts/type1/urw/courier/ucrbo8a.pfb
7f7e89b8b000-7f7e89de3000 rwxs 00000000 00:04 1507342                    /SYSV00000000 (deleted)
7f7e89de3000-7f7e89de6000 ---p 00000000 00:00 0 
7f7e89de6000-7f7e89ee4000 rwxp 00000000 00:00 0                          [stack:5808]
7f7e89ee4000-7f7e89eeb000 r-xp 00000000 08:05 10617813                   /opt/jdk1.6.0_45/jre/lib/amd64/libnio.so
7f7e89eeb000-7f7e89fea000 ---p 00007000 08:05 10617813                   /opt/jdk1.6.0_45/jre/lib/amd64/libnio.so
7f7e89fea000-7f7e89fec000 rwxp 00006000 08:05 10617813                   /opt/jdk1.6.0_45/jre/lib/amd64/libnio.so
7f7e89fec000-7f7e8effe000 rwxp 00000000 00:00 0 
7f7e8effe000-7f7e8efff000 ---p 00000000 00:00 0 
7f7e8efff000-7f7e8f7ff000 rwxp 00000000 00:00 0                          [stack:5807]
7f7e8f7ff000-7f7e8f800000 ---p 00000000 00:00 0 
7f7e8f800000-7f7e90000000 rwxp 00000000 00:00 0                          [stack:5806]
7f7e90000000-7f7e94000000 rwxp 00000000 00:00 0 
7f7e94000000-7f7e98000000 rwxp 00000000 00:00 0 
7f7e98000000-7f7e98021000 rwxp 00000000 00:00 0 
7f7e98021000-7f7e9c000000 ---p 00000000 00:00 0 
7f7e9c000000-7f7e9c021000 rwxp 00000000 00:00 0 
7f7e9c021000-7f7ea0000000 ---p 00000000 00:00 0 
7f7ea0000000-7f7ea0021000 rwxp 00000000 00:00 0 
7f7ea0021000-7f7ea4000000 ---p 00000000 00:00 0 
7f7ea4000000-7f7ea4021000 rwxp 00000000 00:00 0 
7f7ea4021000-7f7ea8000000 ---p 00000000 00:00 0 
7f7ea8002000-7f7ea800b000 r-xs 00000000 08:05 16517363                   /usr/share/texlive/texmf-dist/fonts/type1/urw/symbol/usyr.pfb
7f7ea800b000-7f7ea801e000 r-xp 00000000 08:05 10617812                   /opt/jdk1.6.0_45/jre/lib/amd64/libnet.so
7f7ea801e000-7f7ea811f000 ---p 00013000 08:05 10617812                   /opt/jdk1.6.0_45/jre/lib/amd64/libnet.so
7f7ea811f000-7f7ea8122000 rwxp 00014000 08:05 10617812                   /opt/jdk1.6.0_45/jre/lib/amd64/libnet.so
7f7ea8122000-7f7ea8524000 rwxp 00000000 00:00 0 
7f7ea8524000-7f7ea8525000 ---p 00000000 00:00 0 
7f7ea8525000-7f7ea8d25000 rwxp 00000000 00:00 0                          [stack:5805]
7f7ea8d25000-7f7ea8d60000 r-xp 00000000 08:05 12590366                   /usr/lib/x86_64-linux-gnu/libquadmath.so.0.0.0
7f7ea8d60000-7f7ea8f5f000 ---p 0003b000 08:05 12590366                   /usr/lib/x86_64-linux-gnu/libquadmath.so.0.0.0
7f7ea8f5f000-7f7ea8f60000 r-xp 0003a000 08:05 12590366                   /usr/lib/x86_64-linux-gnu/libquadmath.so.0.0.0
7f7ea8f60000-7f7ea8f61000 rwxp 0003b000 08:05 12590366                   /usr/lib/x86_64-linux-gnu/libquadmath.so.0.0.0
7f7ea8f61000-7f7ea9077000 r-xp 00000000 08:05 12591040                   /usr/lib/x86_64-linux-gnu/libgfortran.so.3.0.0
7f7ea9077000-7f7ea9276000 ---p 00116000 08:05 12591040                   /usr/lib/x86_64-linux-gnu/libgfortran.so.3.0.0
7f7ea9276000-7f7ea9277000 r-xp 00115000 08:05 12591040                   /usr/lib/x86_64-linux-gnu/libgfortran.so.3.0.0
7f7ea9277000-7f7ea9279000 rwxp 00116000 08:05 12591040                   /usr/lib/x86_64-linux-gnu/libgfortran.so.3.0.0
7f7ea9279000-7f7ea963d000 r-xp 00000000 08:05 12592438                   /usr/lib/atlas-base/atlas/libblas.so.3.0
7f7ea963d000-7f7ea983d000 ---p 003c4000 08:05 12592438                   /usr/lib/atlas-base/atlas/libblas.so.3.0
7f7ea983d000-7f7ea9845000 rwxp 003c4000 08:05 12592438                   /usr/lib/atlas-base/atlas/libblas.so.3.0
7f7ea9845000-7f7ea985a000 r-xp 00000000 08:05 20447246                   /lib/x86_64-linux-gnu/libgcc_s.so.1
7f7ea985a000-7f7ea9a59000 ---p 00015000 08:05 20447246                   /lib/x86_64-linux-gnu/libgcc_s.so.1
7f7ea9a59000-7f7ea9a5a000 r-xp 00014000 08:05 20447246                   /lib/x86_64-linux-gnu/libgcc_s.so.1
7f7ea9a5a000-7f7ea9a5b000 rwxp 00015000 08:05 20447246                   /lib/x86_64-linux-gnu/libgcc_s.so.1
7f7ea9a5b000-7f7ea9a68000 r-xp 00000000 08:05 12591117                   /usr/lib/x86_64-linux-gnu/libgomp.so.1.0.0
7f7ea9a68000-7f7ea9c68000 ---p 0000d000 08:05 12591117                   /usr/lib/x86_64-linux-gnu/libgomp.so.1.0.0
7f7ea9c68000-7f7ea9c69000 r-xp 0000d000 08:05 12591117                   /usr/lib/x86_64-linux-gnu/libgomp.so.1.0.0
7f7ea9c69000-7f7ea9c6a000 rwxp 0000e000 08:05 12591117                   /usr/lib/x86_64-linux-gnu/libgomp.so.1.0.0
7f7ea9c6a000-7f7ea9d50000 r-xp 00000000 08:05 12587376                   /usr/lib/x86_64-linux-gnu/libstdc++.so.6.0.18
7f7ea9d50000-7f7ea9f4f000 ---p 000e6000 08:05 12587376                   /usr/lib/x86_64-linux-gnu/libstdc++.so.6.0.18
7f7ea9f4f000-7f7ea9f57000 r-xp 000e5000 08:05 12587376                   /usr/lib/x86_64-linux-gnu/libstdc++.so.6.0.18
7f7ea9f57000-7f7ea9f59000 rwxp 000ed000 08:05 12587376                   /usr/lib/x86_64-linux-gnu/libstdc++.so.6.0.18
7f7ea9f59000-7f7ea9f6e000 rwxp 00000000 00:00 0 
7f7ea9f6e000-7f7eaa7e8000 r-xp 00000000 08:05 14292859                   /usr/lib/lapack/liblapack.so.3.0
7f7eaa7e8000-7f7eaa9e7000 ---p 0087a000 08:05 14292859                   /usr/lib/lapack/liblapack.so.3.0
7f7eaa9e7000-7f7eaa9e8000 r-xp 00879000 08:05 14292859                   /usr/lib/lapack/liblapack.so.3.0
7f7eaa9e8000-7f7eaa9ec000 rwxp 0087a000 08:05 14292859                   /usr/lib/lapack/liblapack.so.3.0
7f7eaa9ec000-7f7eaae20000 r-xp 00000000 08:05 29498889                   /home/morante/IMPA/2014/2014_10_26_RPn_repository/rpnmorante/lib/linux_x86_64/librpn.so
7f7eaae20000-7f7eab01f000 ---p 00434000 08:05 29498889                   /home/morante/IMPA/2014/2014_10_26_RPn_repository/rpnmorante/lib/linux_x86_64/librpn.so
7f7eab01f000-7f7eab028000 r-xp 00433000 08:05 29498889                   /home/morante/IMPA/2014/2014_10_26_RPn_repository/rpnmorante/lib/linux_x86_64/librpn.so
7f7eab028000-7f7eab033000 rwxp 0043c000 08:05 29498889                   /home/morante/IMPA/2014/2014_10_26_RPn_repository/rpnmorante/lib/linux_x86_64/librpn.so
7f7eab033000-7f7eab034000 rwxp 00000000 00:00 0 
7f7eab034000-7f7eab060000 r-xp 00000000 08:05 10617849                   /opt/jdk1.6.0_45/jre/lib/amd64/libjpeg.so
7f7eab060000-7f7eab160000 ---p 0002c000 08:05 10617849                   /opt/jdk1.6.0_45/jre/lib/amd64/libjpeg.so
7f7eab160000-7f7eab166000 rwxp 0002c000 08:05 10617849                   /opt/jdk1.6.0_45/jre/lib/amd64/libjpeg.so
7f7eab166000-7f7eab169000 ---p 00000000 00:00 0 
7f7eab169000-7f7eab267000 rwxp 00000000 00:00 0 
7f7eab267000-7f7eab26a000 ---p 00000000 00:00 0 
7f7eab26a000-7f7eab368000 rwxp 00000000 00:00 0                          [stack:5803]
7f7eab368000-7f7eab376000 r-xs 00000000 08:05 56110563                   /var/cache/fontconfig/6aa41aa22e18b8fa06a12da28ea9c28b-le64.cache-4
7f7eab376000-7f7eab377000 r-xs 00000000 08:05 56098912                   /var/cache/fontconfig/c05880de57d1f5e948fdfacc138775d9-le64.cache-4
7f7eab377000-7f7eab382000 r-xs 00000000 08:05 56098905                   /var/cache/fontconfig/945677eb7aeaf62f1d50efc3fb3ec7d8-le64.cache-4
7f7eab382000-7f7eab384000 r-xs 00000000 08:05 56098907                   /var/cache/fontconfig/99e8ed0e538f840c565b6ed5dad60d56-le64.cache-4
7f7eab384000-7f7eab38d000 r-xs 00000000 08:05 56109180                   /var/cache/fontconfig/a6d8cf8e4ec09cdbc8633c31745a07dd-le64.cache-4
7f7eab38d000-7f7eab393000 r-xs 00000000 08:05 56098891                   /var/cache/fontconfig/2cd17615ca594fa2959ae173292e504c-le64.cache-4
7f7eab393000-7f7eab394000 r-xs 00000000 08:05 56098922                   /var/cache/fontconfig/e7071f4a29fa870f4323321c154eba04-le64.cache-4
7f7eab394000-7f7eab395000 r-xs 00000000 08:05 56110560                   /var/cache/fontconfig/617957603a337376ca8784972c6029f5-le64.cache-4
7f7eab395000-7f7eab396000 r-xs 00000000 08:05 56098888                   /var/cache/fontconfig/0d8c3b2ac0904cb8a57a757ad11a4a08-le64.cache-4
7f7eab396000-7f7eab39d000 r-xs 00000000 08:05 56098909                   /var/cache/fontconfig/a755afe4a08bf5b97852ceb7400b47bc-le64.cache-4
7f7eab39d000-7f7eab3a1000 r-xs 00000000 08:05 56098900                   /var/cache/fontconfig/6d41288fd70b0be22e8c3a91e032eec0-le64.cache-4
7f7eab3a1000-7f7eab3b5000 r-xs 00000000 08:05 56098886                   /var/cache/fontconfig/04aabc0a78ac019cf9454389977116d2-le64.cache-4
7f7eab3b5000-7f7eab3b6000 r-xs 00000000 08:05 56098890                   /var/cache/fontconfig/1ac9eb803944fde146138c791f5cc56a-le64.cache-4
7f7eab3b6000-7f7eab3ba000 r-xs 00000000 08:05 56098894                   /var/cache/fontconfig/385c0604a188198f04d133e54aba7fe7-le64.cache-4
7f7eab3ba000-7f7eab3bb000 r-xs 00000000 08:05 56110461                   /var/cache/fontconfig/9c956a7723ca69a44b382d9179c9802f-le64.cache-4
7f7eab3bb000-7f7eab3bc000 r-xs 00000000 08:05 56098919                   /var/cache/fontconfig/dc05db6664285cc2f12bf69c139ae4c3-le64.cache-4
7f7eab3bc000-7f7eab3be000 r-xs 00000000 08:05 56098902                   /var/cache/fontconfig/767a8244fc0220cfb567a839d0392e0b-le64.cache-4
7f7eab3be000-7f7eab3bf000 r-xs 00000000 08:05 56106251                   /var/cache/fontconfig/4794a0821666d79190d59a36cb4f44b5-le64.cache-4
7f7eab3bf000-7f7eab3c0000 r-xs 00000000 08:05 56110460                   /var/cache/fontconfig/9eae20f1ff8cc0a7d125749e875856bd-le64.cache-4
7f7eab3c0000-7f7eab3c2000 r-xs 00000000 08:05 56110459                   /var/cache/fontconfig/bf2c1853a9e9b00bb02fe2e9bcf1e201-le64.cache-4
7f7eab3c2000-7f7eab3c5000 r-xs 00000000 08:05 56098904                   /var/cache/fontconfig/8801497958630a81b71ace7c5f9b32a8-le64.cache-4
7f7eab3c5000-7f7eab400000 r-xs 00000000 08:05 56100592                   /var/cache/fontconfig/365b55f210c0a22e9a19e35191240f32-le64.cache-4
7f7eab400000-7f7eab404000 r-xs 00000000 08:05 56101175                   /var/cache/fontconfig/c57959a16110560c8d0fcea73374aeeb-le64.cache-4
7f7eab404000-7f7eab40b000 r-xs 00000000 08:05 56098892                   /var/cache/fontconfig/3047814df9a2f067bd2d96a2b9c36e5a-le64.cache-4
7f7eab40b000-7f7eab40f000 r-xs 00000000 08:05 56110304                   /var/cache/fontconfig/bf3b770c553c462765856025a94f1ce6-le64.cache-4
7f7eab40f000-7f7eab410000 r-xs 00000000 08:05 56098897                   /var/cache/fontconfig/56cf4f4769d0f4abc89a4895d7bd3ae1-le64.cache-4
7f7eab410000-7f7eab411000 r-xs 00000000 08:05 56098911                   /var/cache/fontconfig/b9d506c9ac06c20b433354fa67a72993-le64.cache-4
7f7eab411000-7f7eab417000 r-xs 00000000 08:05 56098910                   /var/cache/fontconfig/b47c4e1ecd0709278f4910c18777a504-le64.cache-4
7f7eab417000-7f7eab420000 r-xs 00000000 08:05 56109178                   /var/cache/fontconfig/52f7bdb7ce746bfd7eaa1985bd9cfa93-le64.cache-4
7f7eab423000-7f7eab430000 r-xs 00000000 08:05 16517350                   /usr/share/texlive/texmf-dist/fonts/type1/urw/zapfchan/uzcmi8a.pfb
7f7eab430000-7f7eab43d000 r-xs 00000000 08:05 16517287                   /usr/share/texlive/texmf-dist/fonts/type1/urw/palatino/uplb8a.pfb
7f7eab43d000-7f7eab447000 r-xs 00000000 08:05 16517327                   /usr/share/texlive/texmf-dist/fonts/type1/urw/helvetic/uhvb8ac.pfb
7f7eab447000-7f7eab450000 r-xs 00000000 08:05 16517303                   /usr/share/texlive/texmf-dist/fonts/type1/urw/avantgar/uagko8a.pfb
7f7eab450000-7f7eab459000 r-xs 00000000 08:05 16517368                   /usr/share/texlive/texmf-dist/fonts/type1/bitstrea/charter/bchr8a.pfb
7f7eab459000-7f7eab462000 r-xs 00000000 08:05 16517319                   /usr/share/texlive/texmf-dist/fonts/type1/urw/helvetic/uhvb8a.pfb
7f7eab462000-7f7eab472000 r-xs 00000000 08:05 16517276                   /usr/share/texlive/texmf-dist/fonts/type1/adobe/courier/pcrb8a.pfb
7f7eab472000-7f7eab47d000 r-xs 00000000 08:05 16517324                   /usr/share/texlive/texmf-dist/fonts/type1/urw/helvetic/uhvr8a.pfb
7f7eab47d000-7f7eab489000 r-xs 00000000 08:05 16517292                   /usr/share/texlive/texmf-dist/fonts/type1/urw/ncntrsbk/uncri8a.pfb
7f7eab489000-7f7eab496000 r-xs 00000000 08:05 16517359                   /usr/share/texlive/texmf-dist/fonts/type1/urw/courier/ucrb8a.pfb
7f7eab496000-7f7eab4a1000 r-xs 00000000 08:05 16517342                   /usr/share/texlive/texmf-dist/fonts/type1/urw/bookman/ubkl8a.pfb
7f7eab4a1000-7f7eab4aa000 r-xs 00000000 08:05 16517302                   /usr/share/texlive/texmf-dist/fonts/type1/urw/avantgar/uagk8a.pfb
7f7eab4aa000-7f7eab4b3000 r-xs 00000000 08:05 16517366                   /usr/share/texlive/texmf-dist/fonts/type1/bitstrea/charter/bchri8a.pfb
7f7eab4b3000-7f7eab4bc000 r-xs 00000000 08:05 16517271                   /usr/share/texlive/texmf-dist/fonts/type1/adobe/utopia/putr8a.pfb
7f7eab4bc000-7f7eab4cc000 r-xs 00000000 08:05 16517278                   /usr/share/texlive/texmf-dist/fonts/type1/adobe/courier/pcrbo8a.pfb
7f7eab4cc000-7f7eab4d7000 r-xs 00000000 08:05 16517345                   /usr/share/texlive/texmf-dist/fonts/type1/urw/bookman/ubkli8a.pfb
7f7eab4d7000-7f7eab4e0000 r-xs 00000000 08:05 16517274                   /usr/share/texlive/texmf-dist/fonts/type1/adobe/utopia/putb8a.pfb
7f7eab4e0000-7f7eab4ea000 r-xs 00000000 08:05 16517313                   /usr/share/texlive/texmf-dist/fonts/type1/urw/helvetic/uhvro8ac.pfb
7f7eab4ea000-7f7eab4f4000 r-xs 00000000 08:05 16517272                   /usr/share/texlive/texmf-dist/fonts/type1/adobe/utopia/putri8a.pfb
7f7eab4f4000-7f7eab501000 r-xs 00087000 08:05 29493573                   /home/morante/IMPA/2014/2014_10_26_RPn_repository/rpnmorante/lib/batik-svg-dom.jar
7f7eab501000-7f7eab504000 ---p 00000000 00:00 0 
7f7eab504000-7f7eab602000 rwxp 00000000 00:00 0                          [stack:5802]
7f7eab602000-7f7eab605000 ---p 00000000 00:00 0 
7f7eab605000-7f7eab703000 rwxp 00000000 00:00 0                          [stack:5801]
7f7eab703000-7f7eab708000 r-xp 00000000 08:05 12590316                   /usr/lib/x86_64-linux-gnu/libXfixes.so.3.1.0
7f7eab708000-7f7eab907000 ---p 00005000 08:05 12590316                   /usr/lib/x86_64-linux-gnu/libXfixes.so.3.1.0
7f7eab907000-7f7eab908000 r-xp 00004000 08:05 12590316                   /usr/lib/x86_64-linux-gnu/libXfixes.so.3.1.0
7f7eab908000-7f7eab909000 rwxp 00005000 08:05 12590316                   /usr/lib/x86_64-linux-gnu/libXfixes.so.3.1.0
7f7eab909000-7f7eab912000 r-xp 00000000 08:05 12590336                   /usr/lib/x86_64-linux-gnu/libXrender.so.1.3.0
7f7eab912000-7f7eabb11000 ---p 00009000 08:05 12590336                   /usr/lib/x86_64-linux-gnu/libXrender.so.1.3.0
7f7eabb11000-7f7eabb12000 r-xp 00008000 08:05 12590336                   /usr/lib/x86_64-linux-gnu/libXrender.so.1.3.0
7f7eabb12000-7f7eabb13000 rwxp 00009000 08:05 12590336                   /usr/lib/x86_64-linux-gnu/libXrender.so.1.3.0
7f7eabb13000-7f7eabb1c000 r-xp 00000000 08:05 12590308                   /usr/lib/x86_64-linux-gnu/libXcursor.so.1.0.2
7f7eabb1c000-7f7eabd1b000 ---p 00009000 08:05 12590308                   /usr/lib/x86_64-linux-gnu/libXcursor.so.1.0.2
7f7eabd1b000-7f7eabd1c000 r-xp 00008000 08:05 12590308                   /usr/lib/x86_64-linux-gnu/libXcursor.so.1.0.2
7f7eabd1c000-7f7eabd1d000 rwxp 00009000 08:05 12590308                   /usr/lib/x86_64-linux-gnu/libXcursor.so.1.0.2
7f7eabd23000-7f7eabd24000 rwxp 00000000 00:00 0 
7f7eabd24000-7f7eabd29000 r-xs 00030000 08:05 29493574                   /home/morante/IMPA/2014/2014_10_26_RPn_repository/rpnmorante/lib/batik-svggen.jar
7f7eabd29000-7f7eabd2a000 r-xs 00002000 08:05 29493572                   /home/morante/IMPA/2014/2014_10_26_RPn_repository/rpnmorante/lib/batik-ext.jar
7f7eabd2a000-7f7eabd2b000 r-xs 00007000 08:05 29493576                   /home/morante/IMPA/2014/2014_10_26_RPn_repository/rpnmorante/lib/batik-xml.jar
7f7eabd2b000-7f7eabd2f000 r-xs 00027000 08:05 29493571                   /home/morante/IMPA/2014/2014_10_26_RPn_repository/rpnmorante/lib/batik-dom.jar
7f7eabd2f000-7f7eabd32000 r-xs 0001d000 08:05 29493575                   /home/morante/IMPA/2014/2014_10_26_RPn_repository/rpnmorante/lib/batik-util.jar
7f7eabd32000-7f7eabd39000 r-xs 0005c000 08:05 29493570                   /home/morante/IMPA/2014/2014_10_26_RPn_repository/rpnmorante/lib/batik-awt-util.jar
7f7eabd39000-7f7eabd41000 r-xs 00115000 08:05 9576568                    /opt/jdk1.6.0_45/jre/lib/resources.jar
7f7eabd41000-7f7eabd44000 ---p 00000000 00:00 0 
7f7eabd44000-7f7eabe42000 rwxp 00000000 00:00 0                          [stack:5800]
7f7eabe42000-7f7eabed6000 r-xp 00000000 08:05 10617821                   /opt/jdk1.6.0_45/jre/lib/amd64/libfontmanager.so
7f7eabed6000-7f7eabfd6000 ---p 00094000 08:05 10617821                   /opt/jdk1.6.0_45/jre/lib/amd64/libfontmanager.so
7f7eabfd6000-7f7eabfef000 rwxp 00094000 08:05 10617821                   /opt/jdk1.6.0_45/jre/lib/amd64/libfontmanager.so
7f7eabfef000-7f7eac000000 rwxp 00000000 00:00 0 
7f7eac000000-7f7ead17f000 rwxp 00000000 00:00 0 
7f7ead17f000-7f7eb0000000 ---p 00000000 00:00 0 
7f7eb0000000-7f7eb0021000 rwxp 00000000 00:00 0 
7f7eb0021000-7f7eb4000000 ---p 00000000 00:00 0 
7f7eb4000000-7f7eb4021000 rwxp 00000000 00:00 0 
7f7eb4021000-7f7eb8000000 ---p 00000000 00:00 0 
7f7eb8000000-7f7eb9249000 rwxp 00000000 00:00 0 
7f7eb9249000-7f7ebc000000 ---p 00000000 00:00 0 
7f7ebc000000-7f7ebc021000 rwxp 00000000 00:00 0 
7f7ebc021000-7f7ec0000000 ---p 00000000 00:00 0 
7f7ec0000000-7f7ec0021000 rwxp 00000000 00:00 0 
7f7ec0021000-7f7ec4000000 ---p 00000000 00:00 0 
7f7ec4000000-7f7ec4021000 rwxp 00000000 00:00 0 
7f7ec4021000-7f7ec8000000 ---p 00000000 00:00 0 
7f7ec8000000-7f7ec8021000 rwxp 00000000 00:00 0 
7f7ec8021000-7f7ecc000000 ---p 00000000 00:00 0 
7f7ecc000000-7f7ecc021000 rwxp 00000000 00:00 0 
7f7ecc021000-7f7ed0000000 ---p 00000000 00:00 0 
7f7ed0000000-7f7ed0021000 rwxp 00000000 00:00 0 
7f7ed0021000-7f7ed4000000 ---p 00000000 00:00 0 
7f7ed4000000-7f7ed4021000 rwxp 00000000 00:00 0 
7f7ed4021000-7f7ed8000000 ---p 00000000 00:00 0 
7f7ed8000000-7f7ed8003000 r-xs 00000000 08:05 56110302                   /var/cache/fontconfig/14d493b97896515cad3840ba4896e372-le64.cache-4
7f7ed8003000-7f7ed8004000 r-xs 00000000 08:05 56110458                   /var/cache/fontconfig/89034621ae2a8922916bb6bfa5799546-le64.cache-4
7f7ed8004000-7f7ed8007000 r-xs 00000000 08:05 56110457                   /var/cache/fontconfig/e49e89034d371f0f9de17aab02136486-le64.cache-4
7f7ed8007000-7f7ed8009000 r-xs 00000000 08:05 56110456                   /var/cache/fontconfig/4b14b093aebc79c320de5e86ae1d3314-le64.cache-4
7f7ed8009000-7f7ed801c000 r-xs 00000000 08:05 56098916                   /var/cache/fontconfig/d52a8644073d54c13679302ca1180695-le64.cache-4
7f7ed801c000-7f7ed8025000 r-xs 00000000 08:05 56110300                   /var/cache/fontconfig/3f7329c5293ffd510edef78f73874cfd-le64.cache-4
7f7ed8025000-7f7ed8027000 r-xs 00000000 08:05 56110455                   /var/cache/fontconfig/65f976e5259cbe6dc7697b8648396239-le64.cache-4
7f7ed8027000-7f7ed8033000 r-xs 00000000 08:05 56110453                   /var/cache/fontconfig/d589a48862398ed80a3d6066f4f56f4c-le64.cache-4
7f7ed8033000-7f7ed8034000 r-xs 00000000 08:05 56110452                   /var/cache/fontconfig/94f7fe9bd33aadfac165873bd010d595-le64.cache-4
7f7ed8034000-7f7ed8036000 r-xs 00000000 08:05 56110451                   /var/cache/fontconfig/423767150eb258c59035de29db6fca84-le64.cache-4
7f7ed8036000-7f7ed8038000 r-xs 00000000 08:05 56110449                   /var/cache/fontconfig/67709b7835c0f764c1135060c9575660-le64.cache-4
7f7ed8038000-7f7ed8043000 r-xs 00000000 08:05 56110537                   /var/cache/fontconfig/83bf95040141907cd45bb53cf7c1c148-le64.cache-4
7f7ed8043000-7f7ed804a000 r-xs 00000000 08:05 56110448                   /var/cache/fontconfig/53d14c92082a93e67d5078324eb314ca-le64.cache-4
7f7ed804a000-7f7ed805d000 r-xs 00000000 08:05 56110447                   /var/cache/fontconfig/4ac51e5cfbc76fc3f983e470323a16d3-le64.cache-4
7f7ed805d000-7f7ed8060000 r-xs 00000000 08:05 56110446                   /var/cache/fontconfig/de83a0a961185c8bd1f159015d56c039-le64.cache-4
7f7ed8060000-7f7ed8077000 r-xs 00000000 08:05 56110445                   /var/cache/fontconfig/e13b20fdb08344e0e664864cc2ede53d-le64.cache-4
7f7ed8077000-7f7ed807b000 r-xs 00000000 08:05 56108900                   /var/cache/fontconfig/7ef2298fde41cc6eeb7af42e48b7d293-le64.cache-4
7f7ed807b000-7f7ed8080000 r-xp 00000000 08:05 12590312                   /usr/lib/x86_64-linux-gnu/libXdmcp.so.6.0.0
7f7ed8080000-7f7ed827f000 ---p 00005000 08:05 12590312                   /usr/lib/x86_64-linux-gnu/libXdmcp.so.6.0.0
7f7ed827f000-7f7ed8280000 r-xp 00004000 08:05 12590312                   /usr/lib/x86_64-linux-gnu/libXdmcp.so.6.0.0
7f7ed8280000-7f7ed8281000 rwxp 00005000 08:05 12590312                   /usr/lib/x86_64-linux-gnu/libXdmcp.so.6.0.0
7f7ed8281000-7f7ed8283000 r-xp 00000000 08:05 12590301                   /usr/lib/x86_64-linux-gnu/libXau.so.6.0.0
7f7ed8283000-7f7ed8483000 ---p 00002000 08:05 12590301                   /usr/lib/x86_64-linux-gnu/libXau.so.6.0.0
7f7ed8483000-7f7ed8484000 r-xp 00002000 08:05 12590301                   /usr/lib/x86_64-linux-gnu/libXau.so.6.0.0
7f7ed8484000-7f7ed8485000 rwxp 00003000 08:05 12590301                   /usr/lib/x86_64-linux-gnu/libXau.so.6.0.0
7f7ed8485000-7f7ed84a2000 r-xp 00000000 08:05 12591253                   /usr/lib/x86_64-linux-gnu/libxcb.so.1.1.0
7f7ed84a2000-7f7ed86a1000 ---p 0001d000 08:05 12591253                   /usr/lib/x86_64-linux-gnu/libxcb.so.1.1.0
7f7ed86a1000-7f7ed86a2000 r-xp 0001c000 08:05 12591253                   /usr/lib/x86_64-linux-gnu/libxcb.so.1.1.0
7f7ed86a2000-7f7ed86a3000 rwxp 0001d000 08:05 12591253                   /usr/lib/x86_64-linux-gnu/libxcb.so.1.1.0
7f7ed86a3000-7f7ed86b2000 r-xp 00000000 08:05 12590322                   /usr/lib/x86_64-linux-gnu/libXi.so.6.1.0
7f7ed86b2000-7f7ed88b1000 ---p 0000f000 08:05 12590322                   /usr/lib/x86_64-linux-gnu/libXi.so.6.1.0
7f7ed88b1000-7f7ed88b2000 r-xp 0000e000 08:05 12590322                   /usr/lib/x86_64-linux-gnu/libXi.so.6.1.0
7f7ed88b2000-7f7ed88b3000 rwxp 0000f000 08:05 12590322                   /usr/lib/x86_64-linux-gnu/libXi.so.6.1.0
7f7ed88b3000-7f7ed88b8000 r-xp 00000000 08:05 12590340                   /usr/lib/x86_64-linux-gnu/libXtst.so.6.1.0
7f7ed88b8000-7f7ed8ab7000 ---p 00005000 08:05 12590340                   /usr/lib/x86_64-linux-gnu/libXtst.so.6.1.0
7f7ed8ab7000-7f7ed8ab8000 r-xp 00004000 08:05 12590340                   /usr/lib/x86_64-linux-gnu/libXtst.so.6.1.0
7f7ed8ab8000-7f7ed8ab9000 rwxp 00005000 08:05 12590340                   /usr/lib/x86_64-linux-gnu/libXtst.so.6.1.0
7f7ed8ab9000-7f7ed8be9000 r-xp 00000000 08:05 12590297                   /usr/lib/x86_64-linux-gnu/libX11.so.6.3.0
7f7ed8be9000-7f7ed8de9000 ---p 00130000 08:05 12590297                   /usr/lib/x86_64-linux-gnu/libX11.so.6.3.0
7f7ed8de9000-7f7ed8dea000 r-xp 00130000 08:05 12590297                   /usr/lib/x86_64-linux-gnu/libX11.so.6.3.0
7f7ed8dea000-7f7ed8dee000 rwxp 00131000 08:05 12590297                   /usr/lib/x86_64-linux-gnu/libX11.so.6.3.0
7f7ed8dee000-7f7ed8dff000 r-xp 00000000 08:05 12590314                   /usr/lib/x86_64-linux-gnu/libXext.so.6.4.0
7f7ed8dff000-7f7ed8ffe000 ---p 00011000 08:05 12590314                   /usr/lib/x86_64-linux-gnu/libXext.so.6.4.0
7f7ed8ffe000-7f7ed8fff000 r-xp 00010000 08:05 12590314                   /usr/lib/x86_64-linux-gnu/libXext.so.6.4.0
7f7ed8fff000-7f7ed9000000 rwxp 00011000 08:05 12590314                   /usr/lib/x86_64-linux-gnu/libXext.so.6.4.0
7f7ed9000000-7f7ed9270000 rwxp 00000000 00:00 0 
7f7ed9270000-7f7edc234000 rwxp 00000000 00:00 0 
7f7edc234000-7f7ee0000000 ---p 00000000 00:00 0 
7f7ee0000000-7f7ee0001000 r-xs 00000000 08:05 56110450                   /var/cache/fontconfig/406a1d2d2bf3ed7664fbadefac0b2f66-le64.cache-4
7f7ee0001000-7f7ee0003000 r-xs 00000000 08:05 56110498                   /var/cache/fontconfig/16326683038b281783a0ef8c680e3a10-le64.cache-4
7f7ee0003000-7f7ee0010000 r-xs 00000000 08:05 56110497                   /var/cache/fontconfig/8f02d4cb045bd6ce15663e43f347c9f8-le64.cache-4
7f7ee0010000-7f7ee002e000 r-xs 00000000 08:05 56110494                   /var/cache/fontconfig/467c019e582ee353435ea5c21d137ef6-le64.cache-4
7f7ee002e000-7f7ee0070000 r-xp 00000000 08:05 10617810                   /opt/jdk1.6.0_45/jre/lib/amd64/xawt/libmawt.so
7f7ee0070000-7f7ee016f000 ---p 00042000 08:05 10617810                   /opt/jdk1.6.0_45/jre/lib/amd64/xawt/libmawt.so
7f7ee016f000-7f7ee017b000 rwxp 00041000 08:05 10617810                   /opt/jdk1.6.0_45/jre/lib/amd64/xawt/libmawt.so
7f7ee017b000-7f7ee017c000 rwxp 00000000 00:00 0 
7f7ee017c000-7f7ee020f000 r-xp 00000000 08:05 10617857                   /opt/jdk1.6.0_45/jre/lib/amd64/libawt.so
7f7ee020f000-7f7ee030e000 ---p 00093000 08:05 10617857                   /opt/jdk1.6.0_45/jre/lib/amd64/libawt.so
7f7ee030e000-7f7ee0327000 rwxp 00092000 08:05 10617857                   /opt/jdk1.6.0_45/jre/lib/amd64/libawt.so
7f7ee0327000-7f7ee034c000 rwxp 00000000 00:00 0 
7f7ee034c000-7f7ee035e000 r-xs 000d6000 08:05 29493590                   /home/morante/IMPA/2014/2014_10_26_RPn_repository/rpnmorante/lib/xercesImpl.jar
7f7ee035e000-7f7ee036c000 r-xs 0015d000 08:05 29493586                   /home/morante/IMPA/2014/2014_10_26_RPn_repository/rpnmorante/lib/msv.jar
7f7ee036c000-7f7ee037b000 r-xs 00098000 08:05 29493582                   /home/morante/IMPA/2014/2014_10_26_RPn_repository/rpnmorante/lib/jlapack-0.6.jar
7f7ee037b000-7f7ee0381000 r-xs 000aa000 08:05 29493591                   /home/morante/IMPA/2014/2014_10_26_RPn_repository/rpnmorante/lib/xml4j.jar
7f7ee0381000-7f7ee03c0000 r-xs 002ed000 08:05 29493579                   /home/morante/IMPA/2014/2014_10_26_RPn_repository/rpnmorante/lib/jboss-client-7.1.0.Final.jar
7f7ee03c0000-7f7ee03c1000 ---p 00000000 00:00 0 
7f7ee03c1000-7f7ee04c1000 rwxp 00000000 00:00 0                          [stack:5799]
7f7ee04c1000-7f7ee04c4000 ---p 00000000 00:00 0 
7f7ee04c4000-7f7ee05c2000 rwxp 00000000 00:00 0                          [stack:5798]
7f7ee05c2000-7f7ee05c5000 ---p 00000000 00:00 0 
7f7ee05c5000-7f7ee06c3000 rwxp 00000000 00:00 0                          [stack:5797]
7f7ee06c3000-7f7ee06c6000 ---p 00000000 00:00 0 
7f7ee06c6000-7f7ee07c4000 rwxp 00000000 00:00 0                          [stack:5796]
7f7ee07c4000-7f7ee07c7000 ---p 00000000 00:00 0 
7f7ee07c7000-7f7ee08c5000 rwxp 00000000 00:00 0                          [stack:5795]
7f7ee08c5000-7f7ee0fa8000 r-xp 00000000 08:05 12589472                   /usr/lib/locale/locale-archive
7f7ee0fa8000-7f7ee0fab000 ---p 00000000 00:00 0 
7f7ee0fab000-7f7ee10a9000 rwxp 00000000 00:00 0                          [stack:5794]
7f7ee10a9000-7f7ee10ac000 ---p 00000000 00:00 0 
7f7ee10ac000-7f7ee11aa000 rwxp 00000000 00:00 0                          [stack:5793]
7f7ee11aa000-7f7ee11ab000 ---p 00000000 00:00 0 
7f7ee11ab000-7f7ee17e4000 rwxp 00000000 00:00 0                          [stack:5792]
7f7ee17e4000-7f7ee197d000 r-xs 03087000 08:05 9576601                    /opt/jdk1.6.0_45/jre/lib/rt.jar
7f7ee197d000-7f7ee197e000 ---p 00000000 00:00 0 
7f7ee197e000-7f7ee1a7e000 rwxp 00000000 00:00 0                          [stack:5791]
7f7ee1a7e000-7f7ee1a7f000 ---p 00000000 00:00 0 
7f7ee1a7f000-7f7ee1b7f000 rwxp 00000000 00:00 0                          [stack:5790]
7f7ee1b7f000-7f7ee1b80000 ---p 00000000 00:00 0 
7f7ee1b80000-7f7ee1c80000 rwxp 00000000 00:00 0                          [stack:5789]
7f7ee1c80000-7f7ee1c81000 ---p 00000000 00:00 0 
7f7ee1c81000-7f7ee1d8d000 rwxp 00000000 00:00 0                          [stack:5788]
7f7ee1d8d000-7f7ee1daa000 rwxp 00000000 00:00 0 
7f7ee1daa000-7f7ee1dd4000 rwxp 00000000 00:00 0 
7f7ee1dd4000-7f7ee203e000 rwxp 00000000 00:00 0 
7f7ee203e000-7f7ee204a000 rwxp 00000000 00:00 0 
7f7ee204a000-7f7ee2067000 rwxp 00000000 00:00 0 
7f7ee2067000-7f7ee2091000 rwxp 00000000 00:00 0 
7f7ee2091000-7f7ee22fb000 rwxp 00000000 00:00 0 
7f7ee22fb000-7f7ee23d4000 rwxp 00000000 00:00 0 
7f7ee23d4000-7f7ee2445000 rwxp 00000000 00:00 0 
7f7ee2445000-7f7ee2446000 rwxp 00000000 00:00 0 
7f7ee2446000-7f7ee2454000 r-xp 00000000 08:05 10617823                   /opt/jdk1.6.0_45/jre/lib/amd64/libzip.so
7f7ee2454000-7f7ee2556000 ---p 0000e000 08:05 10617823                   /opt/jdk1.6.0_45/jre/lib/amd64/libzip.so
7f7ee2556000-7f7ee2559000 rwxp 00010000 08:05 10617823                   /opt/jdk1.6.0_45/jre/lib/amd64/libzip.so
7f7ee2559000-7f7ee255a000 rwxp 00000000 00:00 0 
7f7ee255a000-7f7ee2566000 r-xp 00000000 08:05 20451160                   /lib/x86_64-linux-gnu/libnss_files-2.17.so
7f7ee2566000-7f7ee2765000 ---p 0000c000 08:05 20451160                   /lib/x86_64-linux-gnu/libnss_files-2.17.so
7f7ee2765000-7f7ee2766000 r-xp 0000b000 08:05 20451160                   /lib/x86_64-linux-gnu/libnss_files-2.17.so
7f7ee2766000-7f7ee2767000 rwxp 0000c000 08:05 20451160                   /lib/x86_64-linux-gnu/libnss_files-2.17.so
7f7ee2767000-7f7ee2772000 r-xp 00000000 08:05 20451164                   /lib/x86_64-linux-gnu/libnss_nis-2.17.so
7f7ee2772000-7f7ee2971000 ---p 0000b000 08:05 20451164                   /lib/x86_64-linux-gnu/libnss_nis-2.17.so
7f7ee2971000-7f7ee2972000 r-xp 0000a000 08:05 20451164                   /lib/x86_64-linux-gnu/libnss_nis-2.17.so
7f7ee2972000-7f7ee2973000 rwxp 0000b000 08:05 20451164                   /lib/x86_64-linux-gnu/libnss_nis-2.17.so
7f7ee2973000-7f7ee297b000 r-xp 00000000 08:05 20451156                   /lib/x86_64-linux-gnu/libnss_compat-2.17.so
7f7ee297b000-7f7ee2b7a000 ---p 00008000 08:05 20451156                   /lib/x86_64-linux-gnu/libnss_compat-2.17.so
7f7ee2b7a000-7f7ee2b7b000 r-xp 00007000 08:05 20451156                   /lib/x86_64-linux-gnu/libnss_compat-2.17.so
7f7ee2b7b000-7f7ee2b7c000 rwxp 00008000 08:05 20451156                   /lib/x86_64-linux-gnu/libnss_compat-2.17.so
7f7ee2b7c000-7f7ee2b93000 r-xp 00000000 08:05 20451154                   /lib/x86_64-linux-gnu/libnsl-2.17.so
7f7ee2b93000-7f7ee2d92000 ---p 00017000 08:05 20451154                   /lib/x86_64-linux-gnu/libnsl-2.17.so
7f7ee2d92000-7f7ee2d93000 r-xp 00016000 08:05 20451154                   /lib/x86_64-linux-gnu/libnsl-2.17.so
7f7ee2d93000-7f7ee2d94000 rwxp 00017000 08:05 20451154                   /lib/x86_64-linux-gnu/libnsl-2.17.so
7f7ee2d94000-7f7ee2d96000 rwxp 00000000 00:00 0 
7f7ee2d96000-7f7ee2dbf000 r-xp 00000000 08:05 10617836                   /opt/jdk1.6.0_45/jre/lib/amd64/libjava.so
7f7ee2dbf000-7f7ee2ebe000 ---p 00029000 08:05 10617836                   /opt/jdk1.6.0_45/jre/lib/amd64/libjava.so
7f7ee2ebe000-7f7ee2ec5000 rwxp 00028000 08:05 10617836                   /opt/jdk1.6.0_45/jre/lib/amd64/libjava.so
7f7ee2ec5000-7f7ee2ed2000 r-xp 00000000 08:05 10617818                   /opt/jdk1.6.0_45/jre/lib/amd64/libverify.so
7f7ee2ed2000-7f7ee2fd1000 ---p 0000d000 08:05 10617818                   /opt/jdk1.6.0_45/jre/lib/amd64/libverify.so
7f7ee2fd1000-7f7ee2fd4000 rwxp 0000c000 08:05 10617818                   /opt/jdk1.6.0_45/jre/lib/amd64/libverify.so
7f7ee2fd4000-7f7ee2fdb000 r-xp 00000000 08:05 20451207                   /lib/x86_64-linux-gnu/librt-2.17.so
7f7ee2fdb000-7f7ee31da000 ---p 00007000 08:05 20451207                   /lib/x86_64-linux-gnu/librt-2.17.so
7f7ee31da000-7f7ee31db000 r-xp 00006000 08:05 20451207                   /lib/x86_64-linux-gnu/librt-2.17.so
7f7ee31db000-7f7ee31dc000 rwxp 00007000 08:05 20451207                   /lib/x86_64-linux-gnu/librt-2.17.so
7f7ee31dc000-7f7ee31df000 ---p 00000000 00:00 0 
7f7ee31df000-7f7ee32dd000 rwxp 00000000 00:00 0                          [stack:5787]
7f7ee32dd000-7f7ee33e0000 r-xp 00000000 08:05 20451135                   /lib/x86_64-linux-gnu/libm-2.17.so
7f7ee33e0000-7f7ee35df000 ---p 00103000 08:05 20451135                   /lib/x86_64-linux-gnu/libm-2.17.so
7f7ee35df000-7f7ee35e0000 r-xp 00102000 08:05 20451135                   /lib/x86_64-linux-gnu/libm-2.17.so
7f7ee35e0000-7f7ee35e1000 rwxp 00103000 08:05 20451135                   /lib/x86_64-linux-gnu/libm-2.17.so
7f7ee35e1000-7f7ee3eff000 r-xp 00000000 08:05 10617843                   /opt/jdk1.6.0_45/jre/lib/amd64/server/libjvm.so
7f7ee3eff000-7f7ee4001000 ---p 0091e000 08:05 10617843                   /opt/jdk1.6.0_45/jre/lib/amd64/server/libjvm.so
7f7ee4001000-7f7ee41b7000 rwxp 00920000 08:05 10617843                   /opt/jdk1.6.0_45/jre/lib/amd64/server/libjvm.so
7f7ee41b7000-7f7ee41f1000 rwxp 00000000 00:00 0 
7f7ee41f1000-7f7ee43ae000 r-xp 00000000 08:05 20451084                   /lib/x86_64-linux-gnu/libc-2.17.so
7f7ee43ae000-7f7ee45ae000 ---p 001bd000 08:05 20451084                   /lib/x86_64-linux-gnu/libc-2.17.so
7f7ee45ae000-7f7ee45b2000 r-xp 001bd000 08:05 20451084                   /lib/x86_64-linux-gnu/libc-2.17.so
7f7ee45b2000-7f7ee45b4000 rwxp 001c1000 08:05 20451084                   /lib/x86_64-linux-gnu/libc-2.17.so
7f7ee45b4000-7f7ee45b9000 rwxp 00000000 00:00 0 
7f7ee45b9000-7f7ee45bc000 r-xp 00000000 08:05 20451099                   /lib/x86_64-linux-gnu/libdl-2.17.so
7f7ee45bc000-7f7ee47bb000 ---p 00003000 08:05 20451099                   /lib/x86_64-linux-gnu/libdl-2.17.so
7f7ee47bb000-7f7ee47bc000 r-xp 00002000 08:05 20451099                   /lib/x86_64-linux-gnu/libdl-2.17.so
7f7ee47bc000-7f7ee47bd000 rwxp 00003000 08:05 20451099                   /lib/x86_64-linux-gnu/libdl-2.17.so
7f7ee47bd000-7f7ee47d4000 r-xp 00000000 08:05 20451199                   /lib/x86_64-linux-gnu/libpthread-2.17.so
7f7ee47d4000-7f7ee49d4000 ---p 00017000 08:05 20451199                   /lib/x86_64-linux-gnu/libpthread-2.17.so
7f7ee49d4000-7f7ee49d5000 r-xp 00017000 08:05 20451199                   /lib/x86_64-linux-gnu/libpthread-2.17.so
7f7ee49d5000-7f7ee49d6000 rwxp 00018000 08:05 20451199                   /lib/x86_64-linux-gnu/libpthread-2.17.so
7f7ee49d6000-7f7ee49da000 rwxp 00000000 00:00 0 
7f7ee49da000-7f7ee49fd000 r-xp 00000000 08:05 20451060                   /lib/x86_64-linux-gnu/ld-2.17.so
7f7ee49fd000-7f7ee49fe000 r-xs 00000000 08:05 56098887                   /var/cache/fontconfig/0c9eb80ebd1c36541ebe2852d3bb0c49-le64.cache-4
7f7ee49fe000-7f7ee49ff000 r-xs 00000000 08:05 56110495                   /var/cache/fontconfig/e0aa53bcfa504e64f87823c16bc01eb6-le64.cache-4
7f7ee49ff000-7f7ee4a01000 r-xs 0000e000 08:05 29493577                   /home/morante/IMPA/2014/2014_10_26_RPn_repository/rpnmorante/lib/iso-relax.jar
7f7ee4a01000-7f7ee4a08000 r-xs 00059000 08:05 29493583                   /home/morante/IMPA/2014/2014_10_26_RPn_repository/rpnmorante/lib/log4j-1.2.15.jar
7f7ee4a08000-7f7ee4a12000 rwxp 00000000 00:00 0 
7f7ee4a12000-7f7ee4ac8000 rwxp 00000000 00:00 0 
7f7ee4ac8000-7f7ee4acb000 rwxp 00000000 00:00 0 
7f7ee4acb000-7f7ee4ad2000 r-xp 00000000 08:05 10617808                   /opt/jdk1.6.0_45/jre/lib/amd64/jli/libjli.so
7f7ee4ad2000-7f7ee4bd3000 ---p 00007000 08:05 10617808                   /opt/jdk1.6.0_45/jre/lib/amd64/jli/libjli.so
7f7ee4bd3000-7f7ee4bd5000 rwxp 00008000 08:05 10617808                   /opt/jdk1.6.0_45/jre/lib/amd64/jli/libjli.so
7f7ee4bd5000-7f7ee4bd6000 rwxp 00000000 00:00 0 
7f7ee4bd6000-7f7ee4bda000 r-xs 00021000 08:05 29493593                   /home/morante/IMPA/2014/2014_10_26_RPn_repository/rpnmorante/lib/xsdlib.jar
7f7ee4bda000-7f7ee4bdb000 r-xs 00004000 08:05 29493588                   /home/morante/IMPA/2014/2014_10_26_RPn_repository/rpnmorante/lib/relaxngDatatype.jar
7f7ee4bdb000-7f7ee4bdc000 r-xs 00001000 08:05 29493587                   /home/morante/IMPA/2014/2014_10_26_RPn_repository/rpnmorante/lib/pdflib.jar
7f7ee4bdc000-7f7ee4bde000 r-xs 00042000 08:05 29493589                   /home/morante/IMPA/2014/2014_10_26_RPn_repository/rpnmorante/lib/vecmath.jar
7f7ee4bde000-7f7ee4bf0000 r-xs 000fe000 08:05 29497155                   /home/morante/IMPA/2014/2014_10_26_RPn_repository/rpnmorante/lib/rpn.jar
7f7ee4bf0000-7f7ee4bf8000 rwxs 00000000 08:05 67502310                   /tmp/hsperfdata_morante/5786
7f7ee4bf8000-7f7ee4bf9000 rwxp 00000000 00:00 0 
7f7ee4bf9000-7f7ee4bfa000 r-xp 00000000 00:00 0 
7f7ee4bfa000-7f7ee4bfc000 rwxp 00000000 00:00 0 
7f7ee4bfc000-7f7ee4bfd000 r-xp 00022000 08:05 20451060                   /lib/x86_64-linux-gnu/ld-2.17.so
7f7ee4bfd000-7f7ee4bff000 rwxp 00023000 08:05 20451060                   /lib/x86_64-linux-gnu/ld-2.17.so
7fffcdf82000-7fffcdfa4000 rwxp 00000000 00:00 0                          [stack]
7fffcdffe000-7fffce000000 r-xp 00000000 00:00 0                          [vdso]
ffffffffff600000-ffffffffff601000 r-xp 00000000 00:00 0                  [vsyscall]

VM Arguments:
jvm_args: -DRPHOSTTYPE=linux_x86_64 -Djava.library.path=/home/morante/IMPA/2014/2014_10_26_RPn_repository/rpnmorante/lib/linux_x86_64 -Drpnhome=/home/morante/IMPA/2014/2014_10_26_RPn_repository/rpnmorante 
java_command: /home/morante/IMPA/2014/2014_10_26_RPn_repository/rpnmorante/lib/rpn.jar ../in/foam.rpn
Launcher Type: SUN_STANDARD

Environment Variables:
PATH=/home/morante/bin:/usr/lib/lightdm/lightdm:/usr/local/sbin:/usr/local/bin:/usr/sbin:/usr/bin:/sbin:/bin:/usr/games:/usr/local/games:/home/morante/IMPA/2014/2014_10_26_RPn_repository/rpnmorante/bin:/opt/jdk1.6.0_45/bin:/home/morante/IMPA/2014/2014_10_26_RPn_repository/rpnmorante/bin:/opt/jdk1.6.0_45/bin:/home/morante/IMPA/2014/2014_10_26_RPn_repository/rpnmorante/bin:/opt/jdk1.6.0_45/bin
LD_LIBRARY_PATH=/opt/jdk1.6.0_45/jre/lib/amd64/server:/opt/jdk1.6.0_45/jre/lib/amd64:/opt/jdk1.6.0_45/jre/../lib/amd64
SHELL=/bin/bash
DISPLAY=:0.0

Signal Handlers:
SIGSEGV: [libjvm.so+0x862a30], sa_mask[0]=0x7ffbfeff, sa_flags=0x10000004
SIGBUS: [libjvm.so+0x862a30], sa_mask[0]=0x7ffbfeff, sa_flags=0x10000004
SIGFPE: [libjvm.so+0x7106f0], sa_mask[0]=0x7ffbfeff, sa_flags=0x10000004
SIGPIPE: [libjvm.so+0x7106f0], sa_mask[0]=0x7ffbfeff, sa_flags=0x10000004
SIGXFSZ: [libjvm.so+0x7106f0], sa_mask[0]=0x7ffbfeff, sa_flags=0x10000004
SIGILL: [libjvm.so+0x7106f0], sa_mask[0]=0x7ffbfeff, sa_flags=0x10000004
SIGUSR1: SIG_DFL, sa_mask[0]=0x00000000, sa_flags=0x00000000
SIGUSR2: [libjvm.so+0x713520], sa_mask[0]=0x00000000, sa_flags=0x10000004
SIGHUP: [libjvm.so+0x713120], sa_mask[0]=0x7ffbfeff, sa_flags=0x10000004
SIGINT: [libjvm.so+0x713120], sa_mask[0]=0x7ffbfeff, sa_flags=0x10000004
SIGTERM: [libjvm.so+0x713120], sa_mask[0]=0x7ffbfeff, sa_flags=0x10000004
SIGQUIT: [libjvm.so+0x713120], sa_mask[0]=0x7ffbfeff, sa_flags=0x10000004


---------------  S Y S T E M  ---------------

OS:wheezy/sid

uname:Linux 3.11.0-26-generic #45-Ubuntu SMP Tue Jul 15 04:02:06 UTC 2014 x86_64
libc:glibc 2.17 NPTL 2.17 
rlimit: STACK 8192k, CORE 0k, NPROC 63194, NOFILE 4096, AS infinity
load average:0.59 0.80 0.70

/proc/meminfo:
MemTotal:        8109184 kB
MemFree:         3029112 kB
Buffers:          449564 kB
Cached:          1178744 kB
SwapCached:            0 kB
Active:          3706992 kB
Inactive:         963316 kB
Active(anon):    3043756 kB
Inactive(anon):    56220 kB
Active(file):     663236 kB
Inactive(file):   907096 kB
Unevictable:          64 kB
Mlocked:              64 kB
SwapTotal:       5119996 kB
SwapFree:        5119996 kB
Dirty:               132 kB
Writeback:             0 kB
AnonPages:       3042264 kB
Mapped:           294420 kB
Shmem:             57776 kB
Slab:             278324 kB
SReclaimable:     243432 kB
SUnreclaim:        34892 kB
KernelStack:        5520 kB
PageTables:        46464 kB
NFS_Unstable:          0 kB
Bounce:                0 kB
WritebackTmp:          0 kB
CommitLimit:     9174588 kB
Committed_AS:    6237612 kB
VmallocTotal:   34359738367 kB
VmallocUsed:      391888 kB
VmallocChunk:   34359326952 kB
HardwareCorrupted:     0 kB
AnonHugePages:         0 kB
HugePages_Total:       0
HugePages_Free:        0
HugePages_Rsvd:        0
HugePages_Surp:        0
Hugepagesize:       2048 kB
DirectMap4k:       59396 kB
DirectMap2M:     8261632 kB


CPU:total 4 (4 cores per cpu, 1 threads per core) family 6 model 23 stepping 6, cmov, cx8, fxsr, mmx, sse, sse2, sse3, ssse3, sse4.1

/proc/cpuinfo:
processor	: 0
vendor_id	: GenuineIntel
cpu family	: 6
model		: 23
model name	: Intel(R) Core(TM)2 Extreme CPU X9650  @ 3.00GHz
stepping	: 6
microcode	: 0x60f
cpu MHz		: 2000.000
cache size	: 6144 KB
physical id	: 0
siblings	: 4
core id		: 0
cpu cores	: 4
apicid		: 0
initial apicid	: 0
fpu		: yes
fpu_exception	: yes
cpuid level	: 10
wp		: yes
flags		: fpu vme de pse tsc msr pae mce cx8 apic sep mtrr pge mca cmov pat pse36 clflush dts acpi mmx fxsr sse sse2 ss ht tm pbe syscall nx lm constant_tsc arch_perfmon pebs bts rep_good nopl aperfmperf pni dtes64 monitor ds_cpl vmx est tm2 ssse3 cx16 xtpr pdcm sse4_1 lahf_lm dtherm tpr_shadow vnmi flexpriority
bogomips	: 5984.56
clflush size	: 64
cache_alignment	: 64
address sizes	: 36 bits physical, 48 bits virtual
power management:

processor	: 1
vendor_id	: GenuineIntel
cpu family	: 6
model		: 23
model name	: Intel(R) Core(TM)2 Extreme CPU X9650  @ 3.00GHz
stepping	: 6
microcode	: 0x60f
cpu MHz		: 2000.000
cache size	: 6144 KB
physical id	: 0
siblings	: 4
core id		: 1
cpu cores	: 4
apicid		: 1
initial apicid	: 1
fpu		: yes
fpu_exception	: yes
cpuid level	: 10
wp		: yes
flags		: fpu vme de pse tsc msr pae mce cx8 apic sep mtrr pge mca cmov pat pse36 clflush dts acpi mmx fxsr sse sse2 ss ht tm pbe syscall nx lm constant_tsc arch_perfmon pebs bts rep_good nopl aperfmperf pni dtes64 monitor ds_cpl vmx est tm2 ssse3 cx16 xtpr pdcm sse4_1 lahf_lm dtherm tpr_shadow vnmi flexpriority
bogomips	: 5984.56
clflush size	: 64
cache_alignment	: 64
address sizes	: 36 bits physical, 48 bits virtual
power management:

processor	: 2
vendor_id	: GenuineIntel
cpu family	: 6
model		: 23
model name	: Intel(R) Core(TM)2 Extreme CPU X9650  @ 3.00GHz
stepping	: 6
microcode	: 0x60f
cpu MHz		: 2000.000
cache size	: 6144 KB
physical id	: 0
siblings	: 4
core id		: 2
cpu cores	: 4
apicid		: 2
initial apicid	: 2
fpu		: yes
fpu_exception	: yes
cpuid level	: 10
wp		: yes
flags		: fpu vme de pse tsc msr pae mce cx8 apic sep mtrr pge mca cmov pat pse36 clflush dts acpi mmx fxsr sse sse2 ss ht tm pbe syscall nx lm constant_tsc arch_perfmon pebs bts rep_good nopl aperfmperf pni dtes64 monitor ds_cpl vmx est tm2 ssse3 cx16 xtpr pdcm sse4_1 lahf_lm dtherm tpr_shadow vnmi flexpriority
bogomips	: 5984.56
clflush size	: 64
cache_alignment	: 64
address sizes	: 36 bits physical, 48 bits virtual
power management:

processor	: 3
vendor_id	: GenuineIntel
cpu family	: 6
model		: 23
model name	: Intel(R) Core(TM)2 Extreme CPU X9650  @ 3.00GHz
stepping	: 6
microcode	: 0x60f
cpu MHz		: 3000.000
cache size	: 6144 KB
physical id	: 0
siblings	: 4
core id		: 3
cpu cores	: 4
apicid		: 3
initial apicid	: 3
fpu		: yes
fpu_exception	: yes
cpuid level	: 10
wp		: yes
flags		: fpu vme de pse tsc msr pae mce cx8 apic sep mtrr pge mca cmov pat pse36 clflush dts acpi mmx fxsr sse sse2 ss ht tm pbe syscall nx lm constant_tsc arch_perfmon pebs bts rep_good nopl aperfmperf pni dtes64 monitor ds_cpl vmx est tm2 ssse3 cx16 xtpr pdcm sse4_1 lahf_lm dtherm tpr_shadow vnmi flexpriority
bogomips	: 5984.56
clflush size	: 64
cache_alignment	: 64
address sizes	: 36 bits physical, 48 bits virtual
power management:



Memory: 4k page, physical 8109184k(3028940k free), swap 5119996k(5119996k free)

vm_info: Java HotSpot(TM) 64-Bit Server VM (20.45-b01) for linux-amd64 JRE (1.6.0_45-b06), built on Mar 26 2013 14:07:02 by "java_re" with gcc 3.2.2 (SuSE Linux)

time: Wed Dec 10 10:42:22 2014
elapsed time: 415 seconds

