<?xml version="1.0"?>
<!DOCTYPE rpnconfiguration>
<PHYSICS name="Stone">
<BOUNDARY name="Three_Phase_Boundary">
<BOUNDARYPARAM name="limits"  value= "0.0 0.0 0.0 1.0 1.0 0.0 "/>
<BOUNDARYPARAM name="dimension"  value= "2"/>
</BOUNDARY>
<PHYSICSCONFIG name="fluxfunction">
<PHYSICSPARAM name="grw" position="0" value= "1.0"/>
<PHYSICSPARAM name="grg" position="1" value= "1.0"/>
<PHYSICSPARAM name="gro" position="2" value= "1.0"/>
<PHYSICSPARAM name="muw" position="3" value= "1.0"/>
<PHYSICSPARAM name="mug" position="4" value= "1.0"/>
<PHYSICSPARAM name="muo" position="5" value= "1.0"/>
<PHYSICSPARAM name="vel" position="6" value= "1.0"/>
<PHYSICSPARAM name="expw" position="7" value= "2.0"/>
<PHYSICSPARAM name="expg" position="8" value= "2.0"/>
<PHYSICSPARAM name="expo" position="9" value= "2.0"/>
<PHYSICSPARAM name="expow" position="10" value= "2.0"/>
<PHYSICSPARAM name="expog" position="11" value= "2.0"/>
<PHYSICSPARAM name="krw_p" position="12" value= "1.0"/>
<PHYSICSPARAM name="krg_p" position="13" value= "1.0"/>
<PHYSICSPARAM name="kro_p" position="14" value= "1.0"/>
<PHYSICSPARAM name="cnw" position="15" value= "0.0"/>
<PHYSICSPARAM name="cng" position="16" value= "0.0"/>
<PHYSICSPARAM name="cno" position="17" value= "0.0"/>
<PHYSICSPARAM name="lw" position="18" value= "0.0"/>
<PHYSICSPARAM name="lg" position="19" value= "0.0"/>
<PHYSICSPARAM name="lo" position="20" value= "0.0"/>
<PHYSICSPARAM name="low" position="21" value= "0.0"/>
<PHYSICSPARAM name="log" position="22" value= "0.0"/>
<PHYSICSPARAM name="epsl" position="23" value= "0.0"/>
<PHYSICSPARAM name="negWS" position="24" value= "1.0"/>
<PHYSICSPARAM name="negGS" position="25" value= "1.0"/>
<PHYSICSPARAM name="negOS" position="26" value= "1.0"/>
</PHYSICSCONFIG>
</PHYSICS>
<METHOD name="Newton">
<METHODPARAM name="tolerance" value= "0.001"/>
</METHOD>
<CURVECONFIGURATION name="levelcurve">
<CURVEPARAM name="resolution" value= "128 128"/>
<CURVEPARAM name="levels" value= "0.1 0.2 0.5"/>
<CURVEPARAM name="family" value= "0"/>
</CURVECONFIGURATION>
<CURVECONFIGURATION name="fundamentalcurve">
<CURVEPARAM name="direction" value= "20"/>
<CURVEPARAM name="family" value= "0"/>
<CURVEPARAM name="level" value= "0.5"/>
</CURVECONFIGURATION>
<CURVECONFIGURATION name="hugoniotcurve">
<CURVEPARAM name="resolution" value= "120 120"/>
</CURVECONFIGURATION>
<CURVECONFIGURATION name="rarefactionextension">
<CURVEPARAM name="resolution" value= "128 128"/>
<CURVEPARAM name="characteristic" value= "1"/>
<CURVEPARAM name="extensionfamily" value= "1"/>
<CURVEPARAM name="curvefamily" value= "0"/>
</CURVECONFIGURATION>
<CURVECONFIGURATION name="ellipticboundary">
<CURVEPARAM name="resolution" value= "128 128"/>
</CURVECONFIGURATION>
<CURVECONFIGURATION name="doublecontactcurve">
<CURVEPARAM name="resolution" value= "30 30"/>
<CURVEPARAM name="domainfamily" value= "1"/>
<CURVEPARAM name="curvefamily" value= "1"/>
</CURVECONFIGURATION>
<CURVECONFIGURATION name="ellipticextension">
<CURVEPARAM name="resolution" value= "128 128"/>
<CURVEPARAM name="characteristicwhere" value= "0"/>
<CURVEPARAM name="family" value= "0"/>
</CURVECONFIGURATION>
<CURVECONFIGURATION name="boundaryextensioncurve">
<CURVEPARAM name="resolution" value= "128 128"/>
<CURVEPARAM name="characteristicwhere" value= "1"/>
<CURVEPARAM name="edgeresolution" value= "128"/>
<CURVEPARAM name="edge" value= "0"/>
<CURVEPARAM name="family" value= "1"/>
</CURVECONFIGURATION>
<CURVECONFIGURATION name="extensioncurve">
<CURVEPARAM name="resolution" value= "128 128"/>
<CURVEPARAM name="characteristic" value= "1"/>
<CURVEPARAM name="family" value= "0"/>
</CURVECONFIGURATION>
<CURVECONFIGURATION name="envelopecurve">
<CURVEPARAM name="resolution" value= "128 128"/>
<CURVEPARAM name="numberofsteps" value= "128"/>
<CURVEPARAM name="edge" value= "0"/>
</CURVECONFIGURATION>
<CURVECONFIGURATION name="inflectioncurve">
<CURVEPARAM name="resolution" value= "60 60"/>
<CURVEPARAM name="family" value= "0"/>
</CURVECONFIGURATION>
<CURVECONFIGURATION name="hysteresiscurve">
<CURVEPARAM name="resolution" value= "128 128"/>
<CURVEPARAM name="family" value= "0"/>
</CURVECONFIGURATION>
<RPNDATAphasespace="Phase Space">
<SEGMENTEDCURVE curve_name= "InflectionCurve" dimension= "2" format_desc="1 segment per row">
2.500e-02 2.500e-02 1.667e-02 1.667e-02
3.333e-02 9.333e-01 3.333e-02 9.333e-01
5.000e-02 9.000e-01 5.000e-02 9.000e-01
6.667e-02 6.667e-02 5.833e-02 5.833e-02
6.667e-02 6.667e-02 6.667e-02 6.667e-02
6.667e-02 6.667e-02 6.667e-02 6.667e-02
6.667e-02 6.667e-02 7.500e-02 7.500e-02
7.500e-02 7.500e-02 8.333e-02 8.333e-02
8.333e-02 8.333e-02 8.333e-02 8.333e-02
8.333e-02 8.333e-02 8.333e-02 8.333e-02
8.333e-02 8.333e-01 8.333e-02 8.333e-01
6.667e-02 8.667e-01 6.667e-02 8.667e-01
9.167e-02 9.167e-02 8.333e-02 8.333e-02
1.000e-01 1.000e-01 9.167e-02 9.167e-02
1.000e-01 8.000e-01 1.000e-01 8.000e-01
1.000e-01 8.000e-01 1.000e-01 8.000e-01
1.000e-01 8.000e-01 8.974e-02 8.167e-01
8.974e-02 8.167e-01 8.333e-02 8.333e-01
1.000e-01 1.000e-01 1.000e-01 1.000e-01
1.000e-01 1.000e-01 1.000e-01 1.000e-01
1.000e-01 1.000e-01 1.083e-01 1.083e-01
1.083e-01 1.083e-01 1.167e-01 1.167e-01
1.167e-01 1.167e-01 1.167e-01 1.167e-01
1.167e-01 1.167e-01 1.167e-01 1.167e-01
1.167e-01 7.667e-01 1.066e-01 7.833e-01
1.066e-01 7.833e-01 1.000e-01 8.000e-01
1.250e-01 1.250e-01 1.167e-01 1.167e-01
1.250e-01 1.250e-01 1.333e-01 1.333e-01
1.333e-01 1.333e-01 1.333e-01 1.333e-01
1.333e-01 1.333e-01 1.333e-01 1.333e-01
1.333e-01 7.333e-01 1.235e-01 7.500e-01
1.235e-01 7.500e-01 1.167e-01 7.667e-01
1.167e-01 7.667e-01 1.167e-01 7.667e-01
1.167e-01 7.667e-01 1.167e-01 7.667e-01
1.417e-01 1.417e-01 1.333e-01 1.333e-01
1.417e-01 1.417e-01 1.500e-01 1.500e-01
1.500e-01 1.500e-01 1.500e-01 1.500e-01
1.500e-01 1.500e-01 1.500e-01 1.500e-01
1.500e-01 7.000e-01 1.404e-01 7.167e-01
1.404e-01 7.167e-01 1.333e-01 7.333e-01
1.333e-01 7.333e-01 1.333e-01 7.333e-01
1.333e-01 7.333e-01 1.333e-01 7.333e-01
1.583e-01 1.583e-01 1.500e-01 1.500e-01
1.583e-01 1.583e-01 1.667e-01 1.667e-01
1.667e-01 1.667e-01 1.667e-01 1.667e-01
1.667e-01 1.667e-01 1.667e-01 1.667e-01
1.667e-01 6.667e-01 1.572e-01 6.833e-01
1.572e-01 6.833e-01 1.500e-01 7.000e-01
1.500e-01 7.000e-01 1.500e-01 7.000e-01
1.500e-01 7.000e-01 1.500e-01 7.000e-01
1.750e-01 1.750e-01 1.667e-01 1.667e-01
1.833e-01 1.833e-01 1.750e-01 1.750e-01
1.833e-01 6.333e-01 1.833e-01 6.333e-01
1.833e-01 6.333e-01 1.833e-01 6.333e-01
1.833e-01 6.333e-01 1.741e-01 6.500e-01
1.741e-01 6.500e-01 1.667e-01 6.667e-01
1.667e-01 6.667e-01 1.667e-01 6.667e-01
1.667e-01 6.667e-01 1.667e-01 6.667e-01
1.833e-01 1.833e-01 1.833e-01 1.833e-01
1.833e-01 1.833e-01 1.833e-01 1.833e-01
1.833e-01 1.833e-01 1.917e-01 1.917e-01
1.917e-01 1.917e-01 2.000e-01 2.000e-01
2.000e-01 2.000e-01 2.000e-01 2.000e-01
2.000e-01 2.000e-01 2.000e-01 2.000e-01
2.000e-01 6.000e-01 1.909e-01 6.167e-01
1.909e-01 6.167e-01 1.833e-01 6.333e-01
2.083e-01 2.083e-01 2.000e-01 2.000e-01
2.083e-01 2.083e-01 2.167e-01 2.167e-01
2.167e-01 2.167e-01 2.167e-01 2.167e-01
2.167e-01 2.167e-01 2.167e-01 2.167e-01
2.167e-01 5.667e-01 2.076e-01 5.833e-01
2.076e-01 5.833e-01 2.000e-01 6.000e-01
2.000e-01 6.000e-01 2.000e-01 6.000e-01
2.000e-01 6.000e-01 2.000e-01 6.000e-01
2.250e-01 2.250e-01 2.167e-01 2.167e-01
2.250e-01 2.250e-01 2.333e-01 2.333e-01
2.333e-01 2.333e-01 2.333e-01 2.333e-01
2.333e-01 2.333e-01 2.333e-01 2.333e-01
2.333e-01 5.333e-01 2.333e-01 5.333e-01
2.333e-01 5.333e-01 2.333e-01 5.333e-01
2.333e-01 5.333e-01 2.244e-01 5.500e-01
2.244e-01 5.500e-01 2.167e-01 5.667e-01
2.167e-01 5.667e-01 2.167e-01 5.667e-01
2.167e-01 5.667e-01 2.167e-01 5.667e-01
2.417e-01 2.417e-01 2.333e-01 2.333e-01
2.411e-01 5.167e-01 2.333e-01 5.333e-01
2.583e-01 2.583e-01 2.667e-01 2.667e-01
2.667e-01 2.667e-01 2.667e-01 2.667e-01
2.667e-01 2.667e-01 2.667e-01 2.667e-01
2.667e-01 4.667e-01 2.578e-01 4.833e-01
2.750e-01 2.750e-01 2.667e-01 2.667e-01
2.833e-01 2.833e-01 2.750e-01 2.750e-01
2.833e-01 4.333e-01 2.833e-01 4.333e-01
2.833e-01 4.333e-01 2.833e-01 4.333e-01
2.833e-01 4.333e-01 2.745e-01 4.500e-01
2.745e-01 4.500e-01 2.667e-01 4.667e-01
2.667e-01 4.667e-01 2.667e-01 4.667e-01
2.667e-01 4.667e-01 2.667e-01 4.667e-01
2.833e-01 2.833e-01 2.833e-01 2.833e-01
2.833e-01 2.833e-01 2.833e-01 2.833e-01
2.833e-01 2.833e-01 2.917e-01 2.917e-01
2.917e-01 2.917e-01 3.000e-01 3.000e-01
3.000e-01 3.000e-01 3.000e-01 3.000e-01
3.000e-01 3.000e-01 3.000e-01 3.000e-01
3.000e-01 4.000e-01 3.000e-01 4.000e-01
3.000e-01 4.000e-01 3.000e-01 4.000e-01
3.000e-01 4.000e-01 2.911e-01 4.167e-01
2.911e-01 4.167e-01 2.833e-01 4.333e-01
3.083e-01 3.083e-01 3.000e-01 3.000e-01
3.083e-01 3.083e-01 3.167e-01 3.167e-01
3.167e-01 3.167e-01 3.167e-01 3.167e-01
3.167e-01 3.167e-01 3.167e-01 3.167e-01
3.167e-01 3.667e-01 3.077e-01 3.833e-01
3.077e-01 3.833e-01 3.000e-01 4.000e-01
3.250e-01 3.250e-01 3.167e-01 3.167e-01
3.333e-01 3.231e-01 3.250e-01 3.250e-01
3.333e-01 3.416e-01 3.237e-01 3.500e-01
3.237e-01 3.500e-01 3.167e-01 3.667e-01
3.167e-01 3.667e-01 3.167e-01 3.667e-01
3.167e-01 3.667e-01 3.167e-01 3.667e-01
3.416e-01 3.333e-01 3.333e-01 3.416e-01
3.667e-01 3.167e-01 3.667e-01 3.167e-01
3.667e-01 3.167e-01 3.500e-01 3.237e-01
3.667e-01 3.167e-01 3.667e-01 3.167e-01
3.833e-01 3.077e-01 3.667e-01 3.167e-01
4.000e-01 3.000e-01 4.000e-01 3.000e-01
4.000e-01 3.000e-01 3.833e-01 3.077e-01
4.000e-01 3.000e-01 4.000e-01 3.000e-01
4.167e-01 2.911e-01 4.000e-01 3.000e-01
4.167e-01 5.754e-01 4.087e-01 5.833e-01
4.087e-01 5.833e-01 4.083e-01 5.917e-01
4.333e-01 2.833e-01 4.333e-01 2.833e-01
4.333e-01 2.833e-01 4.167e-01 2.911e-01
4.249e-01 5.751e-01 4.167e-01 5.754e-01
4.333e-01 2.833e-01 4.333e-01 2.833e-01
4.500e-01 2.745e-01 4.333e-01 2.833e-01
4.667e-01 2.667e-01 4.667e-01 2.667e-01
4.667e-01 2.667e-01 4.500e-01 2.745e-01
4.667e-01 2.667e-01 4.667e-01 2.667e-01
4.833e-01 2.578e-01 4.667e-01 2.667e-01
5.500e-01 4.420e-01 5.421e-01 4.500e-01
5.421e-01 4.500e-01 5.417e-01 4.583e-01
5.667e-01 2.167e-01 5.500e-01 2.244e-01
5.667e-01 2.167e-01 5.667e-01 2.167e-01
5.584e-01 4.416e-01 5.500e-01 4.420e-01
5.833e-01 2.076e-01 5.667e-01 2.167e-01
5.667e-01 2.167e-01 5.667e-01 2.167e-01
5.833e-01 4.087e-01 5.754e-01 4.167e-01
5.754e-01 4.167e-01 5.751e-01 4.249e-01
6.000e-01 2.000e-01 6.000e-01 2.000e-01
6.000e-01 2.000e-01 5.833e-01 2.076e-01
5.917e-01 4.083e-01 5.833e-01 4.087e-01
6.000e-01 2.000e-01 6.000e-01 2.000e-01
6.167e-01 1.909e-01 6.000e-01 2.000e-01
6.333e-01 1.833e-01 6.167e-01 1.909e-01
6.333e-01 1.833e-01 6.333e-01 1.833e-01
6.500e-01 1.741e-01 6.333e-01 1.833e-01
6.333e-01 1.833e-01 6.333e-01 1.833e-01
6.667e-01 1.667e-01 6.500e-01 1.741e-01
6.667e-01 1.667e-01 6.667e-01 1.667e-01
6.833e-01 1.572e-01 6.667e-01 1.667e-01
6.667e-01 1.667e-01 6.667e-01 1.667e-01
7.000e-01 1.500e-01 6.833e-01 1.572e-01
7.000e-01 1.500e-01 7.000e-01 1.500e-01
7.167e-01 1.404e-01 7.000e-01 1.500e-01
7.000e-01 1.500e-01 7.000e-01 1.500e-01
7.333e-01 1.333e-01 7.167e-01 1.404e-01
7.333e-01 1.333e-01 7.333e-01 1.333e-01
7.500e-01 1.235e-01 7.333e-01 1.333e-01
7.333e-01 1.333e-01 7.333e-01 1.333e-01
7.667e-01 1.167e-01 7.500e-01 1.235e-01
7.667e-01 1.167e-01 7.667e-01 1.167e-01
7.833e-01 1.066e-01 7.667e-01 1.167e-01
7.667e-01 1.167e-01 7.667e-01 1.167e-01
8.000e-01 1.000e-01 8.000e-01 1.000e-01
8.000e-01 1.000e-01 7.833e-01 1.066e-01
8.000e-01 1.920e-01 7.921e-01 2.000e-01
7.921e-01 2.000e-01 7.918e-01 2.082e-01
8.000e-01 1.000e-01 8.000e-01 1.000e-01
8.167e-01 8.974e-02 8.000e-01 1.000e-01
8.085e-01 1.915e-01 8.000e-01 1.920e-01
8.333e-01 8.333e-02 8.333e-01 8.333e-02
8.333e-01 8.333e-02 8.167e-01 8.974e-02
8.333e-01 1.586e-01 8.255e-01 1.667e-01
8.255e-01 1.667e-01 8.252e-01 1.748e-01
8.419e-01 1.581e-01 8.333e-01 1.586e-01
8.667e-01 1.253e-01 8.588e-01 1.333e-01
8.588e-01 1.333e-01 8.585e-01 1.415e-01
8.667e-01 6.667e-02 8.667e-01 6.667e-02
8.752e-01 1.248e-01 8.667e-01 1.253e-01
9.000e-01 5.000e-02 9.000e-01 5.000e-02
9.000e-01 9.195e-02 8.922e-01 1.000e-01
8.922e-01 1.000e-01 8.919e-01 1.081e-01
9.085e-01 9.146e-02 9.000e-01 9.195e-02
9.333e-01 3.333e-02 9.333e-01 3.333e-02
9.333e-01 5.863e-02 9.255e-01 6.667e-02
9.255e-01 6.667e-02 9.252e-01 7.479e-02
9.419e-01 5.813e-02 9.333e-01 5.863e-02
9.589e-01 3.333e-02 9.585e-01 4.146e-02
9.752e-01 2.479e-02 9.667e-01 1.667e-02
</SEGMENTEDCURVE>

</RPNDATA>
<COMMAND name="inflectioncurve" phasespace="Phase Space">
<CURVECONFIGURATION name="inflectioncurve">
<CURVEPARAM name="resolution" value= "60 60"/>
<CURVEPARAM name="family" value= "0"/>
</CURVECONFIGURATION>
</COMMAND>
