#
# An unexpected error has been detected by Java Runtime Environment:
#
#  SIGSEGV (0xb) at pc=0x9f70fc1c, pid=24854, tid=2674494352
#
# Java VM: Java HotSpot(TM) Server VM (10.0-b23 mixed mode linux-x86)
# Problematic frame:
# C  [librpnumerics.so+0x25c1c]  _ZN9__gnu_cxx17__normal_iteratorIPdSt6vectorIdSaIdEEEC1ERKS1_+0x6
#
# If you would like to submit a bug report, please visit:
#   http://java.sun.com/webapps/bugreport/crash.jsp
# The crash happened outside the Java Virtual Machine in native code.
# See problematic frame for where to report the bug.
#

---------------  T H R E A D  ---------------

Current thread (0x9ff49000):  JavaThread "AWT-EventQueue-0" [_thread_in_native, id=24876, stack(0x9f648000,0x9f699000)]

siginfo:si_signo=SIGSEGV: si_errno=0, si_code=1 (SEGV_MAPERR), si_addr=0x00000028

Registers:
EAX=0x00000028, EBX=0x9f751dfc, ECX=0x00000001, EDX=0x9f696d40
ESP=0x9f696d08, EBP=0x9f696d08, ESI=0x9f696d40, EDI=0x9f696f20
EIP=0x9f70fc1c, CR2=0x00000028, EFLAGS=0x00010286

Top of Stack: (sp=0x9f696d08)
0x9f696d08:   9f696d28 9f70fc4b 9f696d40 00000028
0x9f696d18:   9f696d38 00000000 9f751dfc 00000000
0x9f696d28:   9f696d58 9f70fcc4 9f696d40 00000028
0x9f696d38:   9f696d4c 00000000 00000000 9f696e97
0x9f696d48:   00000000 00000000 00000000 9f751dfc
0x9f696d58:   9f696ec8 9f70ee64 00000028 00000000
0x9f696d68:   00000002 9f696f40 00000002 00000000
0x9f696d78:   9f696dd0 9f696d80 00000000 40080000 

Instructions: (pc=0x9f70fc1c)
0x9f70fc0c:   f0 90 ff ff 8b 5d fc c9 c3 90 55 89 e5 8b 45 0c
0x9f70fc1c:   8b 10 8b 45 08 89 10 5d c3 90 55 89 e5 56 53 83 

Stack: [0x9f648000,0x9f699000],  sp=0x9f696d08,  free space=315k
Native frames: (J=compiled Java code, j=interpreted, Vv=VM code, C=native code)
C  [librpnumerics.so+0x25c1c]  _ZN9__gnu_cxx17__normal_iteratorIPdSt6vectorIdSaIdEEEC1ERKS1_+0x6
C  [librpnumerics.so+0x25c4b]  _ZNSt6vectorIdSaIdEE5beginEv+0x25
C  [librpnumerics.so+0x25cc4]  _ZNSt6vectorIdSaIdEEixEj+0x2a
C  [librpnumerics.so+0x24e64]  _ZN27ContinuationRarefactionFlow11rarefactionEPiPdS1_S1_S0_S1_+0x20a
C  [librpnumerics.so+0x2540e]  _ZN27ContinuationRarefactionFlow4fluxERK10RealVectorRS0_+0x1be
C  [librpnumerics.so+0x3d75b]  _ZN5LSODE8functionEPiPdS1_S1_+0x6b
C  [librpnumerics.so+0x4f66c]  lsode_+0xbe8
C  [librpnumerics.so+0x3d63b]  _ZNK5LSODE6solverEPFiPiPdS1_S1_ES0_S1_S1_S1_S0_S1_S1_S0_S0_S0_S1_S0_S0_S0_PFiS0_S1_S1_S0_S0_S1_S0_ES0_S0_S1_+0x9b
C  [librpnumerics.so+0x3dae8]  _ZNK5LSODE5solveERK10RealVectorRS0_Rd+0x2e6
C  [librpnumerics.so+0x2e277]  _ZN29RarefactionContinuationMethod5curveERK10RealVectoriRSt6vectorIS0_SaIS0_EE+0x361
C  [librpnumerics.so+0x468d0]  Java_rpnumerics_RarefactionOrbitCalc_calc+0x3b6
v  ~BufferBlob::Interpreter
v  ~BufferBlob::Interpreter
v  ~BufferBlob::Interpreter
v  ~BufferBlob::Interpreter
v  ~BufferBlob::Interpreter
v  ~BufferBlob::Interpreter
v  ~BufferBlob::Interpreter
v  ~BufferBlob::Interpreter
v  ~BufferBlob::Interpreter
v  ~BufferBlob::Interpreter
v  ~BufferBlob::Interpreter
v  ~BufferBlob::Interpreter
v  ~BufferBlob::Interpreter
v  ~BufferBlob::Interpreter
v  ~BufferBlob::Interpreter
v  ~BufferBlob::Interpreter
v  ~BufferBlob::Interpreter
v  ~BufferBlob::Interpreter
v  ~BufferBlob::Interpreter
v  ~BufferBlob::Interpreter
v  ~BufferBlob::Interpreter
v  ~BufferBlob::Interpreter
v  ~BufferBlob::Interpreter
v  ~BufferBlob::Interpreter
v  ~BufferBlob::Interpreter
v  ~BufferBlob::Interpreter
v  ~BufferBlob::Interpreter
v  ~BufferBlob::Interpreter
v  ~BufferBlob::Interpreter
v  ~BufferBlob::StubRoutines (1)
V  [libjvm.so+0x3735bd]
V  [libjvm.so+0x4fd5d8]
V  [libjvm.so+0x372ed0]
V  [libjvm.so+0x372f5d]
V  [libjvm.so+0x3e3165]
V  [libjvm.so+0x5b61ed]
V  [libjvm.so+0x4fe289]
C  [libpthread.so.0+0x545b]

Java frames: (J=compiled Java code, j=interpreted, Vv=VM code)
v  ~BufferBlob::Interpreter
v  ~BufferBlob::Interpreter
v  ~BufferBlob::Interpreter
v  ~BufferBlob::Interpreter
v  ~BufferBlob::Interpreter
v  ~BufferBlob::Interpreter
v  ~BufferBlob::Interpreter
v  ~BufferBlob::Interpreter
v  ~BufferBlob::Interpreter
v  ~BufferBlob::Interpreter
v  ~BufferBlob::Interpreter
v  ~BufferBlob::Interpreter
v  ~BufferBlob::Interpreter
v  ~BufferBlob::Interpreter
v  ~BufferBlob::Interpreter
v  ~BufferBlob::Interpreter
v  ~BufferBlob::Interpreter
v  ~BufferBlob::Interpreter
v  ~BufferBlob::Interpreter
v  ~BufferBlob::Interpreter
v  ~BufferBlob::Interpreter
v  ~BufferBlob::Interpreter
v  ~BufferBlob::Interpreter
v  ~BufferBlob::Interpreter
v  ~BufferBlob::Interpreter
v  ~BufferBlob::Interpreter
v  ~BufferBlob::Interpreter
v  ~BufferBlob::Interpreter
v  ~BufferBlob::Interpreter
v  ~BufferBlob::StubRoutines (1)

---------------  P R O C E S S  ---------------

Java Threads: ( => current thread )
  0x9fd62000 JavaThread "TimerQueue" daemon [_thread_blocked, id=24877, stack(0x9f073000,0x9f0c4000)]
  0x9fd57000 JavaThread "DestroyJavaVM" [_thread_blocked, id=24858, stack(0xb7f72000,0xb7fc3000)]
=>0x9ff49000 JavaThread "AWT-EventQueue-0" [_thread_in_native, id=24876, stack(0x9f648000,0x9f699000)]
  0x9fd04c00 JavaThread "AWT-Shutdown" [_thread_blocked, id=24875, stack(0x9f699000,0x9f6ea000)]
  0x9ff1cc00 JavaThread "Image Fetcher 1" daemon [_thread_blocked, id=24874, stack(0x9fe5e000,0x9feaf000)]
  0x9ff1c000 JavaThread "Image Fetcher 0" daemon [_thread_blocked, id=24873, stack(0x9feaf000,0x9ff00000)]
  0x9ff1a000 JavaThread "AWT-XAWT" daemon [_thread_in_native, id=24872, stack(0xa002b000,0xa007c000)]
  0xa02ae000 JavaThread "Java2D Disposer" daemon [_thread_blocked, id=24871, stack(0xa007c000,0xa00cd000)]
  0x0963b000 JavaThread "Low Memory Detector" daemon [_thread_blocked, id=24869, stack(0xa0495000,0xa04e6000)]
  0x09639800 JavaThread "CompilerThread1" daemon [_thread_blocked, id=24868, stack(0xa04e6000,0xa0567000)]
  0x09637000 JavaThread "CompilerThread0" daemon [_thread_blocked, id=24867, stack(0xa0567000,0xa05e8000)]
  0x09635c00 JavaThread "Signal Dispatcher" daemon [_thread_blocked, id=24866, stack(0xa05e8000,0xa0639000)]
  0x0961ac00 JavaThread "Finalizer" daemon [_thread_blocked, id=24865, stack(0xa0839000,0xa088a000)]
  0x09619c00 JavaThread "Reference Handler" daemon [_thread_blocked, id=24864, stack(0xa088a000,0xa08db000)]

Other Threads:
  0x09616800 VMThread [stack: 0xa08db000,0xa095c000] [id=24863]
  0x0963c800 WatcherThread [stack: 0xa0414000,0xa0495000] [id=24870]

VM state:not at safepoint (normal execution)

VM Mutex/Monitor currently owned by a thread: None

Heap
 PSYoungGen      total 6656K, used 3738K [0xb31e0000, 0xb38e0000, 0xb4e50000)
  eden space 6144K, 52% used [0xb31e0000,0xb35085b0,0xb37e0000)
  from space 512K, 98% used [0xb3860000,0xb38de428,0xb38e0000)
  to   space 512K, 0% used [0xb37e0000,0xb37e0000,0xb3860000)
 PSOldGen        total 4096K, used 1407K [0xa4e50000, 0xa5250000, 0xb31e0000)
  object space 4096K, 34% used [0xa4e50000,0xa4faffb8,0xa5250000)
 PSPermGen       total 16384K, used 12358K [0xa0e50000, 0xa1e50000, 0xa4e50000)
  object space 16384K, 75% used [0xa0e50000,0xa1a61b10,0xa1e50000)

Dynamic libraries:
004a6000-004c0000 r-xp 00000000 08:03 720935     /lib/ld-2.5.so
004c0000-004c1000 r-xp 00019000 08:03 720935     /lib/ld-2.5.so
004c1000-004c2000 rwxp 0001a000 08:03 720935     /lib/ld-2.5.so
004c4000-00601000 r-xp 00000000 08:03 720937     /lib/libc-2.5.so
00601000-00603000 r-xp 0013d000 08:03 720937     /lib/libc-2.5.so
00603000-00604000 rwxp 0013f000 08:03 720937     /lib/libc-2.5.so
00604000-00607000 rwxp 00604000 00:00 0 
00609000-0062e000 r-xp 00000000 08:03 722559     /lib/libm-2.5.so
0062e000-0062f000 r-xp 00024000 08:03 722559     /lib/libm-2.5.so
0062f000-00630000 rwxp 00025000 08:03 722559     /lib/libm-2.5.so
00632000-00634000 r-xp 00000000 08:03 722557     /lib/libdl-2.5.so
00634000-00635000 r-xp 00001000 08:03 722557     /lib/libdl-2.5.so
00635000-00636000 rwxp 00002000 08:03 722557     /lib/libdl-2.5.so
00638000-0064b000 r-xp 00000000 08:03 720941     /lib/libpthread-2.5.so
0064b000-0064c000 r-xp 00012000 08:03 720941     /lib/libpthread-2.5.so
0064c000-0064d000 rwxp 00013000 08:03 720941     /lib/libpthread-2.5.so
0064d000-0064f000 rwxp 0064d000 00:00 0 
00666000-0066b000 r-xp 00000000 08:03 1314255    /usr/lib/libXdmcp.so.6.0.0
0066b000-0066c000 rwxp 00004000 08:03 1314255    /usr/lib/libXdmcp.so.6.0.0
0066e000-00670000 r-xp 00000000 08:03 1314241    /usr/lib/libXau.so.6.0.0
00670000-00671000 rwxp 00001000 08:03 1314241    /usr/lib/libXau.so.6.0.0
00673000-00772000 r-xp 00000000 08:03 1314421    /usr/lib/libX11.so.6.2.0
00772000-00776000 rwxp 000ff000 08:03 1314421    /usr/lib/libX11.so.6.2.0
00778000-00787000 r-xp 00000000 08:03 1321696    /usr/lib/libXext.so.6.4.0
00787000-00788000 rwxp 0000e000 08:03 1321696    /usr/lib/libXext.so.6.4.0
00888000-00890000 r-xp 00000000 08:03 1314423    /usr/lib/libXrender.so.1.3.0
00890000-00891000 rwxp 00007000 08:03 1314423    /usr/lib/libXrender.so.1.3.0
00898000-0089c000 r-xp 00000000 08:03 1322948    /usr/lib/libXfixes.so.3.1.0
0089c000-0089d000 rwxp 00003000 08:03 1322948    /usr/lib/libXfixes.so.3.1.0
0089f000-008a8000 r-xp 00000000 08:03 1323465    /usr/lib/libXcursor.so.1.0.2
008a8000-008a9000 rwxp 00008000 08:03 1323465    /usr/lib/libXcursor.so.1.0.2
008ab000-008ae000 r-xp 00000000 08:03 1322522    /usr/lib/libXrandr.so.2.0.0
008ae000-008af000 rwxp 00002000 08:03 1322522    /usr/lib/libXrandr.so.2.0.0
008b1000-008b8000 r-xp 00000000 08:03 720947     /lib/librt-2.5.so
008b8000-008b9000 r-xp 00006000 08:03 720947     /lib/librt-2.5.so
008b9000-008ba000 rwxp 00007000 08:03 720947     /lib/librt-2.5.so
008bc000-008c7000 r-xp 00000000 08:03 724030     /lib/libgcc_s-4.1.2-20080102.so.1
008c7000-008c8000 rwxp 0000a000 08:03 724030     /lib/libgcc_s-4.1.2-20080102.so.1
0096a000-00a4a000 r-xp 00000000 08:03 1314076    /usr/lib/libstdc++.so.6.0.8
00a4a000-00a4e000 r-xp 000df000 08:03 1314076    /usr/lib/libstdc++.so.6.0.8
00a4e000-00a4f000 rwxp 000e3000 08:03 1314076    /usr/lib/libstdc++.so.6.0.8
00a4f000-00a55000 rwxp 00a4f000 00:00 0 
00c9a000-00ca1000 r-xp 00000000 08:03 1322145    /usr/lib/libXi.so.6.0.0
00ca1000-00ca2000 rwxp 00006000 08:03 1322145    /usr/lib/libXi.so.6.0.0
00d6b000-00d7e000 r-xp 00000000 08:03 724036     /lib/libnsl-2.5.so
00d7e000-00d7f000 r-xp 00012000 08:03 724036     /lib/libnsl-2.5.so
00d7f000-00d80000 rwxp 00013000 08:03 724036     /lib/libnsl-2.5.so
00d80000-00d82000 rwxp 00d80000 00:00 0 
06000000-0665d000 r-xp 00000000 08:03 1645200    /usr/jdk1.6.0_07/jre/lib/i386/server/libjvm.so
0665d000-066a1000 rwxp 0065c000 08:03 1645200    /usr/jdk1.6.0_07/jre/lib/i386/server/libjvm.so
066a1000-06ac3000 rwxp 066a1000 00:00 0 
08048000-08052000 r-xp 00000000 08:03 1644493    /usr/jdk1.6.0_07/jre/bin/java
08052000-08053000 rwxp 00009000 08:03 1644493    /usr/jdk1.6.0_07/jre/bin/java
0956f000-09aad000 rwxp 0956f000 00:00 0 
9f070000-9f073000 rwxs 00000000 00:08 53149711   /SYSV00000000 (deleted)
9f073000-9f076000 ---p 9f073000 00:00 0 
9f076000-9f0c4000 rwxp 9f076000 00:00 0 
9f0c4000-9f123000 rwxs 00000000 00:08 53084173   /SYSV00000000 (deleted)
9f123000-9f138000 r-xp 00000000 08:03 1645191    /usr/jdk1.6.0_07/jre/lib/i386/libdcpr.so
9f138000-9f14b000 rwxp 00014000 08:03 1645191    /usr/jdk1.6.0_07/jre/lib/i386/libdcpr.so
9f14b000-9f32a000 rwxs 00000000 00:08 53051404   /SYSV00000000 (deleted)
9f32a000-9f335000 r-xs 00000000 08:03 1868420    /usr/share/fonts/default/ghostscript/hrpld.pfa
9f335000-9f348000 r-xs 00000000 08:03 1868446    /usr/share/fonts/default/ghostscript/putri.pfa
9f348000-9f357000 r-xs 00000000 08:03 1868435    /usr/share/fonts/default/ghostscript/hrplti.pfa
9f357000-9f368000 r-xs 00000000 08:03 1868393    /usr/share/fonts/default/ghostscript/bchb.pfa
9f368000-9f377000 r-xs 00000000 08:03 1868432    /usr/share/fonts/default/ghostscript/hrplt.pfa
9f377000-9f38a000 r-xs 00000000 08:03 1868444    /usr/share/fonts/default/ghostscript/putbi.pfa
9f38a000-9f399000 r-xs 00000000 08:03 1868408    /usr/share/fonts/default/ghostscript/hrger.pfa
9f399000-9f3a3000 r-xs 00000000 08:03 1868439    /usr/share/fonts/default/ghostscript/hrscs.pfa
9f3a3000-9f3b0000 r-xs 00000000 08:03 1868417    /usr/share/fonts/default/ghostscript/hritr.pfa
9f3b0000-9f3c1000 r-xs 00000000 08:03 1868399    /usr/share/fonts/default/ghostscript/bchri.pfa
9f3c1000-9f3d2000 r-xs 00000000 08:03 1868395    /usr/share/fonts/default/ghostscript/bchbi.pfa
9f3d2000-9f3e4000 r-xs 00000000 08:03 1868443    /usr/share/fonts/default/ghostscript/putb.pfa
9f3e4000-9f3ef000 r-xs 00000000 08:03 1868436    /usr/share/fonts/default/ghostscript/hrscc.pfa
9f3ef000-9f3fa000 r-xs 00000000 08:03 1868423    /usr/share/fonts/default/ghostscript/hrpldi.pfa
9f3fa000-9f40c000 r-xs 00000000 08:03 1868445    /usr/share/fonts/default/ghostscript/putr.pfa
9f40c000-9f41d000 r-xs 00000000 08:03 1868397    /usr/share/fonts/default/ghostscript/bchr.pfa
9f41d000-9f42c000 r-xs 00000000 08:03 1868414    /usr/share/fonts/default/ghostscript/hrgrr.pfa
9f42c000-9f443000 r-xs 00000000 08:03 2457811    /usr/share/X11/fonts/Type1/l049013t.pfa
9f443000-9f44c000 r-xs 00000000 08:03 2457782    /usr/share/X11/fonts/Type1/c0648bt_.pfb
9f44c000-9f460000 r-xs 00000000 08:03 2457797    /usr/share/X11/fonts/Type1/l047016t.pfa
9f460000-9f472000 r-xs 00000000 08:03 2457807    /usr/share/X11/fonts/Type1/l048033t.pfa
9f472000-9f47c000 r-xs 00000000 08:03 2457770    /usr/share/X11/fonts/Type1/c0419bt_.pfb
9f47c000-9f48f000 r-xs 00000000 08:03 2457766    /usr/share/X11/fonts/Type1/UTI_____.pfa
9f48f000-9f4a1000 r-xs 00000000 08:03 2457764    /usr/share/X11/fonts/Type1/UTB_____.pfa
9f4a1000-9f4b9000 r-xs 00000000 08:03 2457817    /usr/share/X11/fonts/Type1/l049036t.pfa
9f4b9000-9f4cb000 r-xs 00000000 08:03 2457809    /usr/share/X11/fonts/Type1/l048036t.pfa
9f4cb000-9f4df000 r-xs 00000000 08:03 2457801    /usr/share/X11/fonts/Type1/l047036t.pfa
9f4df000-9f4e8000 r-xs 00000000 08:03 2457780    /usr/share/X11/fonts/Type1/c0633bt_.pfb
9f4e8000-9f507000 r-xs 00000000 08:03 2457790    /usr/share/X11/fonts/Type1/courbi.pfa
9f507000-9f51a000 r-xs 00000000 08:03 2457795    /usr/share/X11/fonts/Type1/l047013t.pfa
9f51a000-9f52c000 r-xs 00000000 08:03 2457805    /usr/share/X11/fonts/Type1/l048016t.pfa
9f52c000-9f543000 r-xs 00000000 08:03 2457813    /usr/share/X11/fonts/Type1/l049016t.pfa
9f543000-9f555000 r-xs 00000000 08:03 2457803    /usr/share/X11/fonts/Type1/l048013t.pfa
9f555000-9f574000 r-xs 00000000 08:03 2457786    /usr/share/X11/fonts/Type1/cour.pfa
9f574000-9f58e000 r-xs 00000000 08:03 2457815    /usr/share/X11/fonts/Type1/l049033t.pfa
9f58e000-9f5a0000 r-xs 00000000 08:03 2457768    /usr/share/X11/fonts/Type1/UTRG____.pfa
9f5a0000-9f5bf000 r-xs 00000000 08:03 2457788    /usr/share/X11/fonts/Type1/courb.pfa
9f5bf000-9f5dd000 r-xs 00000000 08:03 2457792    /usr/share/X11/fonts/Type1/couri.pfa
9f5dd000-9f5e7000 r-xs 00000000 08:03 2457776    /usr/share/X11/fonts/Type1/c0611bt_.pfb
9f5e7000-9f5fa000 r-xs 00000000 08:03 2457762    /usr/share/X11/fonts/Type1/UTBI____.pfa
9f5fa000-9f604000 r-xs 00000000 08:03 2457774    /usr/share/X11/fonts/Type1/c0583bt_.pfb
9f604000-9f60d000 r-xs 00000000 08:03 2457778    /usr/share/X11/fonts/Type1/c0632bt_.pfb
9f60d000-9f616000 r-xs 00000000 08:03 2457784    /usr/share/X11/fonts/Type1/c0649bt_.pfb
9f616000-9f624000 r-xs 00000000 08:03 2457793    /usr/share/X11/fonts/Type1/cursor.pfa
9f624000-9f62e000 r-xs 00000000 08:03 2457772    /usr/share/X11/fonts/Type1/c0582bt_.pfb
9f62e000-9f642000 r-xs 00000000 08:03 2457799    /usr/share/X11/fonts/Type1/l047033t.pfa
9f642000-9f648000 r-xs 00000000 08:03 950788     /var/cache/fontconfig/b79f3aaa7d385a141ab53ec885cc22a8-x86.cache-2
9f648000-9f64b000 ---p 9f648000 00:00 0 
9f64b000-9f699000 rwxp 9f64b000 00:00 0 
9f699000-9f69c000 ---p 9f699000 00:00 0 
9f69c000-9f6ea000 rwxp 9f69c000 00:00 0 
9f6ea000-9f751000 r-xp 00000000 00:27 12489826   /impa/home/f/edsonlan/Java/rpnTrunk/trunk/lib/linux_i686/librpnumerics.so
9f751000-9f753000 rwxp 00066000 00:27 12489826   /impa/home/f/edsonlan/Java/rpnTrunk/trunk/lib/linux_i686/librpnumerics.so
9f753000-9f754000 rwxp 9f753000 00:00 0 
9f754000-9f7d3000 r-xp 00000000 08:03 1315635    /usr/lib/libgfortran.so.1.0.0
9f7d3000-9f7d4000 rwxp 0007e000 08:03 1315635    /usr/lib/libgfortran.so.1.0.0
9f7d4000-9fb9e000 r-xp 00000000 08:03 1336747    /usr/lib/liblapack.so.3.1.1
9fb9e000-9fba0000 rwxp 003ca000 08:03 1336747    /usr/lib/liblapack.so.3.1.1
9fba0000-9fcad000 rwxp 9fba0000 00:00 0 
9fcad000-9fcff000 r-xp 00000000 08:03 1336490    /usr/lib/libblas.so.3.1.1
9fcff000-9fd00000 rwxp 00051000 08:03 1336490    /usr/lib/libblas.so.3.1.1
9fd00000-9fd9c000 rwxp 9fd00000 00:00 0 
9fd9c000-9fe00000 ---p 9fd9c000 00:00 0 
9fe00000-9fe03000 rwxs 00000000 00:08 53116942   /SYSV00000000 (deleted)
9fe03000-9fe05000 r-xs 00000000 08:03 950338     /var/cache/fontconfig/87f5e051180a7a75f16eb6fe7dbd3749-x86.cache-2
9fe05000-9fe12000 r-xs 00000000 08:03 951113     /var/cache/fontconfig/73a61b34dd8ca4d8a159807604ab432f-x86.cache-2
9fe12000-9fe15000 r-xs 00000000 08:03 950632     /var/cache/fontconfig/b67b32625a2bb51b023d3814a918f351-x86.cache-2
9fe15000-9fe1b000 r-xs 00000000 08:03 950771     /var/cache/fontconfig/7ddba6133ef499da58de5e8c586d3b75-x86.cache-2
9fe1b000-9fe1d000 r-xs 00000000 08:03 950328     /var/cache/fontconfig/e3ead4b767b8819993a6fa3ae306afa9-x86.cache-2
9fe1d000-9fe25000 r-xs 00000000 08:03 950633     /var/cache/fontconfig/e19de935dec46bbf3ed114ee4965548a-x86.cache-2
9fe25000-9fe2a000 r-xs 00000000 08:03 950928     /var/cache/fontconfig/beeeeb3dfe132a8a0633a017c99ce0c0-x86.cache-2
9fe2a000-9fe2c000 r-xs 00000000 08:03 950338     /var/cache/fontconfig/87f5e051180a7a75f16eb6fe7dbd3749-x86.cache-2
9fe2c000-9fe5d000 r-xp 00000000 00:27 12489749   /impa/home/f/edsonlan/Java/rpnTrunk/trunk/lib/linux_i686/libwave.so
9fe5d000-9fe5e000 rwxp 00031000 00:27 12489749   /impa/home/f/edsonlan/Java/rpnTrunk/trunk/lib/linux_i686/libwave.so
9fe5e000-9fe61000 ---p 9fe5e000 00:00 0 
9fe61000-9feaf000 rwxp 9fe61000 00:00 0 
9feaf000-9feb2000 ---p 9feaf000 00:00 0 
9feb2000-9fffe000 rwxp 9feb2000 00:00 0 
9fffe000-a0000000 ---p 9fffe000 00:00 0 
a0000000-a0006000 r-xs 00000000 08:03 950788     /var/cache/fontconfig/b79f3aaa7d385a141ab53ec885cc22a8-x86.cache-2
a0006000-a0013000 r-xs 00000000 08:03 951113     /var/cache/fontconfig/73a61b34dd8ca4d8a159807604ab432f-x86.cache-2
a0013000-a0016000 r-xs 00000000 08:03 950632     /var/cache/fontconfig/b67b32625a2bb51b023d3814a918f351-x86.cache-2
a0016000-a001c000 r-xs 00000000 08:03 950771     /var/cache/fontconfig/7ddba6133ef499da58de5e8c586d3b75-x86.cache-2
a001c000-a001e000 r-xs 00000000 08:03 950328     /var/cache/fontconfig/e3ead4b767b8819993a6fa3ae306afa9-x86.cache-2
a001e000-a0026000 r-xs 00000000 08:03 950633     /var/cache/fontconfig/e19de935dec46bbf3ed114ee4965548a-x86.cache-2
a0026000-a002b000 r-xs 00000000 08:03 950928     /var/cache/fontconfig/beeeeb3dfe132a8a0633a017c99ce0c0-x86.cache-2
a002b000-a002e000 ---p a002b000 00:00 0 
a002e000-a007c000 rwxp a002e000 00:00 0 
a007c000-a007f000 ---p a007c000 00:00 0 
a007f000-a00cd000 rwxp a007f000 00:00 0 
a00cd000-a014b000 r-xp 00000000 08:03 1645215    /usr/jdk1.6.0_07/jre/lib/i386/libfontmanager.so
a014b000-a0155000 rwxp 0007e000 08:03 1645215    /usr/jdk1.6.0_07/jre/lib/i386/libfontmanager.so
a0155000-a015a000 rwxp a0155000 00:00 0 
a015a000-a01d5000 r-xp 00000000 08:03 1645176    /usr/jdk1.6.0_07/jre/lib/i386/libawt.so
a01d5000-a01dc000 rwxp 0007b000 08:03 1645176    /usr/jdk1.6.0_07/jre/lib/i386/libawt.so
a01dc000-a02fe000 rwxp a01dc000 00:00 0 
a02fe000-a0300000 ---p a02fe000 00:00 0 
a0301000-a032f000 r-xp 00000000 08:03 1645183    /usr/jdk1.6.0_07/jre/lib/i386/libjpeg.so
a032f000-a0330000 rwxp 0002e000 08:03 1645183    /usr/jdk1.6.0_07/jre/lib/i386/libjpeg.so
a0330000-a0337000 r-xp 00000000 08:03 1645186    /usr/jdk1.6.0_07/jre/lib/i386/libnio.so
a0337000-a0338000 rwxp 00006000 08:03 1645186    /usr/jdk1.6.0_07/jre/lib/i386/libnio.so
a0338000-a034b000 r-xp 00000000 08:03 1645203    /usr/jdk1.6.0_07/jre/lib/i386/libnet.so
a034b000-a034c000 rwxp 00013000 08:03 1645203    /usr/jdk1.6.0_07/jre/lib/i386/libnet.so
a034c000-a0351000 r-xp 00000000 08:03 1316519    /usr/lib/libXtst.so.6.1.0
a0351000-a0352000 rwxp 00004000 08:03 1316519    /usr/lib/libXtst.so.6.1.0
a0352000-a0393000 r-xp 00000000 08:03 1645220    /usr/jdk1.6.0_07/jre/lib/i386/xawt/libmawt.so
a0393000-a0396000 rwxp 00040000 08:03 1645220    /usr/jdk1.6.0_07/jre/lib/i386/xawt/libmawt.so
a0396000-a0398000 r-xs 0000e000 00:27 12486083   /impa/home/f/edsonlan/Java/rpnTrunk/trunk/lib/iso-relax.jar
a0398000-a039c000 r-xs 00021000 00:27 12486073   /impa/home/f/edsonlan/Java/rpnTrunk/trunk/lib/xsdlib.jar
a039c000-a039d000 r-xs 00004000 00:27 12486078   /impa/home/f/edsonlan/Java/rpnTrunk/trunk/lib/relaxngDatatype.jar
a039d000-a03af000 r-xs 000d6000 00:27 12486077   /impa/home/f/edsonlan/Java/rpnTrunk/trunk/lib/xercesImpl.jar
a03af000-a03bd000 r-xs 0015d000 00:27 12486072   /impa/home/f/edsonlan/Java/rpnTrunk/trunk/lib/msv.jar
a03bd000-a03cc000 r-xs 00098000 00:27 12486074   /impa/home/f/edsonlan/Java/rpnTrunk/trunk/lib/jlapack-0.6.jar
a03cc000-a03d2000 r-xs 000aa000 00:27 12486079   /impa/home/f/edsonlan/Java/rpnTrunk/trunk/lib/xml4j.jar
a03d2000-a040a000 r-xs 00252000 00:27 12486071   /impa/home/f/edsonlan/Java/rpnTrunk/trunk/lib/jbossall-client.jar
a040a000-a0412000 r-xs 0004f000 00:27 12486081   /impa/home/f/edsonlan/Java/rpnTrunk/trunk/lib/log4j.jar
a0412000-a0414000 r-xs 00042000 00:27 12486075   /impa/home/f/edsonlan/Java/rpnTrunk/trunk/lib/vecmath.jar
a0414000-a0415000 ---p a0414000 00:00 0 
a0415000-a0495000 rwxp a0415000 00:00 0 
a0495000-a0498000 ---p a0495000 00:00 0 
a0498000-a04e6000 rwxp a0498000 00:00 0 
a04e6000-a04e9000 ---p a04e6000 00:00 0 
a04e9000-a0567000 rwxp a04e9000 00:00 0 
a0567000-a056a000 ---p a0567000 00:00 0 
a056a000-a05e8000 rwxp a056a000 00:00 0 
a05e8000-a05eb000 ---p a05e8000 00:00 0 
a05eb000-a0639000 rwxp a05eb000 00:00 0 
a0639000-a0839000 r-xp 00000000 08:03 1327545    /usr/lib/locale/locale-archive
a0839000-a083c000 ---p a0839000 00:00 0 
a083c000-a088a000 rwxp a083c000 00:00 0 
a088a000-a088d000 ---p a088a000 00:00 0 
a088d000-a08db000 rwxp a088d000 00:00 0 
a08db000-a08dc000 ---p a08db000 00:00 0 
a08dc000-a098e000 rwxp a08dc000 00:00 0 
a098e000-a0b19000 r-xs 02def000 08:03 1644963    /usr/jdk1.6.0_07/jre/lib/rt.jar
a0b19000-a0b1a000 ---p a0b19000 00:00 0 
a0b1a000-a0b9a000 rwxp a0b1a000 00:00 0 
a0b9a000-a0b9b000 ---p a0b9a000 00:00 0 
a0b9b000-a0c1b000 rwxp a0b9b000 00:00 0 
a0c1b000-a0c1c000 ---p a0c1b000 00:00 0 
a0c1c000-a0c9c000 rwxp a0c1c000 00:00 0 
a0c9c000-a0c9d000 ---p a0c9c000 00:00 0 
a0c9d000-a0d25000 rwxp a0c9d000 00:00 0 
a0d25000-a0d3d000 rwxp a0d25000 00:00 0 
a0d3d000-a0d3f000 rwxp a0d3d000 00:00 0 
a0d3f000-a0daf000 rwxp a0d3f000 00:00 0 
a0daf000-a0db7000 rwxp a0daf000 00:00 0 
a0db7000-a0dcf000 rwxp a0db7000 00:00 0 
a0dcf000-a0dd1000 rwxp a0dcf000 00:00 0 
a0dd1000-a0e40000 rwxp a0dd1000 00:00 0 
a0e40000-a0e45000 rwxp a0e40000 00:00 0 
a0e45000-a0e4f000 rwxp a0e45000 00:00 0 
a0e4f000-a1e50000 rwxp a0e4f000 00:00 0 
a1e50000-a4e50000 rwxp a1e50000 00:00 0 
a4e50000-a5250000 rwxp a4e50000 00:00 0 
a5250000-b31e0000 rwxp a5250000 00:00 0 
b31e0000-b38e0000 rwxp b31e0000 00:00 0 
b38e0000-b4e50000 rwxp b38e0000 00:00 0 
b4e50000-b4e5d000 r-xs 0009a000 00:27 12489720   /impa/home/f/edsonlan/Java/rpnTrunk/trunk/lib/rpn.jar
b4e5d000-b4e66000 rwxp b4e5d000 00:00 0 
b4e66000-b4f1d000 rwxp b4e66000 00:00 0 
b4f1d000-b515d000 rwxp b4f1d000 00:00 0 
b515d000-b7f1d000 rwxp b515d000 00:00 0 
b7f1d000-b7f2c000 r-xp 00000000 08:03 1645232    /usr/jdk1.6.0_07/jre/lib/i386/libzip.so
b7f2c000-b7f2e000 rwxp 0000e000 08:03 1645232    /usr/jdk1.6.0_07/jre/lib/i386/libzip.so
b7f2e000-b7f51000 r-xp 00000000 08:03 1645184    /usr/jdk1.6.0_07/jre/lib/i386/libjava.so
b7f51000-b7f53000 rwxp 00023000 08:03 1645184    /usr/jdk1.6.0_07/jre/lib/i386/libjava.so
b7f53000-b7f5b000 r-xp 00000000 08:03 720940     /lib/libnss_nis-2.5.so
b7f5b000-b7f5c000 r-xp 00007000 08:03 720940     /lib/libnss_nis-2.5.so
b7f5c000-b7f5d000 rwxp 00008000 08:03 720940     /lib/libnss_nis-2.5.so
b7f5d000-b7f5e000 rwxp b7f5d000 00:00 0 
b7f5e000-b7f69000 r-xp 00000000 08:03 1645233    /usr/jdk1.6.0_07/jre/lib/i386/libverify.so
b7f69000-b7f6a000 rwxp 0000b000 08:03 1645233    /usr/jdk1.6.0_07/jre/lib/i386/libverify.so
b7f6a000-b7f72000 rwxs 00000000 08:03 4817240    /tmp/hsperfdata_edsonlan/24854
b7f72000-b7f75000 ---p b7f72000 00:00 0 
b7f75000-b7fc5000 rwxp b7f75000 00:00 0 
b7fc5000-b7fcc000 r-xp 00000000 08:03 1645193    /usr/jdk1.6.0_07/jre/lib/i386/jli/libjli.so
b7fcc000-b7fce000 rwxp 00006000 08:03 1645193    /usr/jdk1.6.0_07/jre/lib/i386/jli/libjli.so
b7fce000-b7fcf000 r-xs 00001000 00:27 12486082   /impa/home/f/edsonlan/Java/rpnTrunk/trunk/lib/pdflib.jar
b7fcf000-b7fd8000 r-xp 00000000 08:03 720936     /lib/libnss_files-2.5.so
b7fd8000-b7fd9000 r-xp 00008000 08:03 720936     /lib/libnss_files-2.5.so
b7fd9000-b7fda000 rwxp 00009000 08:03 720936     /lib/libnss_files-2.5.so
b7fda000-b7fe0000 r-xp 00000000 08:03 1645180    /usr/jdk1.6.0_07/jre/lib/i386/native_threads/libhpi.so
b7fe0000-b7fe1000 rwxp 00006000 08:03 1645180    /usr/jdk1.6.0_07/jre/lib/i386/native_threads/libhpi.so
b7fe1000-b7fe2000 rwxp b7fe1000 00:00 0 
b7fe2000-b7fe3000 r-xp b7fe2000 00:00 0 
b7fe3000-b7fe4000 rwxp b7fe3000 00:00 0 
b7fe4000-b7fe5000 r-xp b7fe4000 00:00 0          [vdso]
bfd46000-bfd5c000 rwxp bfd46000 00:00 0          [stack]

VM Arguments:
jvm_args: -Xmx256m -Djava.library.path=/impa/home/f/edsonlan/Java/rpnTrunk/trunk/lib/linux_i686 -Drpnhome=/impa/home/f/edsonlan/Java/rpnTrunk/trunk -DRPHOSTTYPE=linux_i686 
java_command: rpn.RPnDesktopPlotter /impa/home/f/edsonlan/Java/rpnTrunk/trunk/in/quad2.xml
Launcher Type: SUN_STANDARD

Environment Variables:
JAVA_HOME=/usr/local/linux_i686/java
CLASSPATH=.
PATH=/impa/proj/RP/bin:/impa/proj/RP/bin/linux_i686:.:/usr/bin:/usr/sbin:/bin:/sbin:/usr/local/linux_i686/java/bin:/impa/home/f/edsonlan/bin:/usr/local/linux_i686/bin:/usr/local/bin:/usr/X11R6/bin:/usr/local/auto/cmds:/usr/local/auto/linux_i686/bin:/usr/openwin/bin:/usr/local/apache-ant-1.6.5/bin:.:./linux_i686:/impa/proj/MET/Grads/linux_i686/bin:/usr/local/MagicDraw_Reader7.2/bin/linux_i686:/impa/proj/RP/wave/bin/linux_i686:/impa/proj/RP/wave/bin:/impa/proj/RP/wave/rp/bin
USERNAME=edsonlan
LD_LIBRARY_PATH=/usr/jdk1.6.0_07/jre/lib/i386/server:/usr/jdk1.6.0_07/jre/lib/i386:/usr/jdk1.6.0_07/jre/../lib/i386:/usr/jdk1.6.0_07/jre/lib/i386/client:/usr/jdk1.6.0_07/jre/lib/i386:/usr/jdk1.6.0_07/jre/../lib/i386:.:/usr/lib:/usr/local/linux_i686/lib:/usr/local/linux_i686/ncarg/lib
SHELL=/bin/tcsh
DISPLAY=:0.0
HOSTTYPE=i386-linux
OSTYPE=linux
MACHTYPE=i386

Signal Handlers:
SIGSEGV: [libjvm.so+0x5edc30], sa_mask[0]=0x7ffbfeff, sa_flags=0x10000004
SIGBUS: [libjvm.so+0x5edc30], sa_mask[0]=0x7ffbfeff, sa_flags=0x10000004
SIGFPE: [libjvm.so+0x4fc6a0], sa_mask[0]=0x7ffbfeff, sa_flags=0x10000004
SIGPIPE: [libjvm.so+0x4fc6a0], sa_mask[0]=0x7ffbfeff, sa_flags=0x10000004
SIGXFSZ: [libjvm.so+0x4fc6a0], sa_mask[0]=0x7ffbfeff, sa_flags=0x10000004
SIGILL: [libjvm.so+0x4fc6a0], sa_mask[0]=0x7ffbfeff, sa_flags=0x10000004
SIGUSR1: SIG_DFL, sa_mask[0]=0x00000000, sa_flags=0x00000000
SIGUSR2: [libjvm.so+0x4fe6e0], sa_mask[0]=0x00000004, sa_flags=0x10000004
SIGHUP: [libjvm.so+0x4fe480], sa_mask[0]=0x7ffbfeff, sa_flags=0x10000004
SIGINT: SIG_IGN, sa_mask[0]=0x00000000, sa_flags=0x00000000
SIGTERM: [libjvm.so+0x4fe480], sa_mask[0]=0x7ffbfeff, sa_flags=0x10000004
SIGQUIT: [libjvm.so+0x4fe480], sa_mask[0]=0x7ffbfeff, sa_flags=0x10000004


---------------  S Y S T E M  ---------------

OS:CentOS release 5.2 (Final)

uname:Linux 2.6.18-92.1.22.el5PAE #1 SMP Tue Dec 16 12:36:25 EST 2008 i686
libc:glibc 2.5 NPTL 2.5 
rlimit: STACK 10240k, CORE 0k, NPROC 80896, NOFILE 1024, AS infinity
load average:0.31 0.31 0.20

CPU:total 4 (4 cores per cpu, 1 threads per core) family 6 model 7 stepping 6, cmov, cx8, fxsr, mmx, sse, sse2, sse3, ssse3

Memory: 4k page, physical 4081172k(2117580k free), swap 2048276k(2048276k free)

vm_info: Java HotSpot(TM) Server VM (10.0-b23) for linux-x86 JRE (1.6.0_07-b06), built on Jun 10 2008 01:20:15 by "java_re" with gcc 3.2.1-7a (J2SE release)

time: Wed Dec  9 15:32:56 2009
elapsed time: 4 seconds

